2025-10-19T08:56:35.852715Z  INFO tailwindcss_oxide::scanner: Provided sources:
2025-10-19T08:56:35.852866Z  INFO tailwindcss_oxide::scanner: Source: PublicSourceEntry { base: "C:\\plataforma-pastores", pattern: "**/*", negated: false }
2025-10-19T08:56:35.853124Z  INFO tailwindcss_oxide::scanner: Optimized sources:
2025-10-19T08:56:35.853181Z  INFO tailwindcss_oxide::scanner: Source: Auto { base: "C:\\plataforma-pastores" }
2025-10-19T08:56:35.855219Z  INFO scan_sources: tailwindcss_oxide::scanner: enter
2025-10-19T08:56:35.856695Z  INFO scan_sources: tailwindcss_oxide::scanner: Discovering "C:\\plataforma-pastores\\docker-compose.yml"
2025-10-19T08:56:35.857110Z  INFO scan_sources: tailwindcss_oxide::scanner: Discovering "C:\\plataforma-pastores\\init.sql"
2025-10-19T08:56:35.857167Z  INFO scan_sources: tailwindcss_oxide::scanner: Discovering "C:\\plataforma-pastores\\init_full.sql"
2025-10-19T08:56:35.857232Z  INFO scan_sources: tailwindcss_oxide::scanner: Discovering "C:\\plataforma-pastores\\next.config.ts"
2025-10-19T08:56:35.857437Z  INFO scan_sources: tailwindcss_oxide::scanner: Discovering "C:\\plataforma-pastores\\package.json"
2025-10-19T08:56:35.857522Z  INFO scan_sources: tailwindcss_oxide::scanner: Discovering "C:\\plataforma-pastores\\postcss.config.mjs"
2025-10-19T08:56:35.857640Z  INFO scan_sources: tailwindcss_oxide::scanner: Discovering "C:\\plataforma-pastores\\prisma"
2025-10-19T08:56:35.857780Z  INFO scan_sources: tailwindcss_oxide::scanner: Discovering "C:\\plataforma-pastores\\prisma\\migrations"
2025-10-19T08:56:35.857959Z  INFO scan_sources: tailwindcss_oxide::scanner: Discovering "C:\\plataforma-pastores\\prisma\\migrations\\20251016203616_init"
2025-10-19T08:56:35.858070Z  INFO scan_sources: tailwindcss_oxide::scanner: Discovering "C:\\plataforma-pastores\\prisma\\migrations\\20251016203616_init\\migration.sql"
2025-10-19T08:56:35.858173Z  INFO scan_sources: tailwindcss_oxide::scanner: Discovering "C:\\plataforma-pastores\\prisma\\migrations\\20251017035010_init"
2025-10-19T08:56:35.858281Z  INFO scan_sources: tailwindcss_oxide::scanner: Discovering "C:\\plataforma-pastores\\prisma\\migrations\\20251017035010_init\\migration.sql"
2025-10-19T08:56:35.858382Z  INFO scan_sources: tailwindcss_oxide::scanner: Discovering "C:\\plataforma-pastores\\prisma\\migrations\\20251017044508_add_email_verified_to_user"
2025-10-19T08:56:35.858489Z  INFO scan_sources: tailwindcss_oxide::scanner: Discovering "C:\\plataforma-pastores\\prisma\\migrations\\20251017044508_add_email_verified_to_user\\migration.sql"
2025-10-19T08:56:35.858594Z  INFO scan_sources: tailwindcss_oxide::scanner: Discovering "C:\\plataforma-pastores\\prisma\\migrations\\20251019042938_add_usuario_activo"
2025-10-19T08:56:35.858726Z  INFO scan_sources: tailwindcss_oxide::scanner: Discovering "C:\\plataforma-pastores\\prisma\\migrations\\20251019042938_add_usuario_activo\\migration.sql"
2025-10-19T08:56:35.858859Z  INFO scan_sources: tailwindcss_oxide::scanner: Discovering "C:\\plataforma-pastores\\prisma\\migrations\\20251019050047_enable_foreign_keys"
2025-10-19T08:56:35.858964Z  INFO scan_sources: tailwindcss_oxide::scanner: Discovering "C:\\plataforma-pastores\\prisma\\migrations\\20251019050047_enable_foreign_keys\\migration.sql"
2025-10-19T08:56:35.859066Z  INFO scan_sources: tailwindcss_oxide::scanner: Discovering "C:\\plataforma-pastores\\prisma\\migrations\\migration_lock.toml"
2025-10-19T08:56:35.859164Z  INFO scan_sources: tailwindcss_oxide::scanner: Discovering "C:\\plataforma-pastores\\prisma\\schema.prisma"
2025-10-19T08:56:35.859277Z  INFO scan_sources: tailwindcss_oxide::scanner: Discovering "C:\\plataforma-pastores\\public"
2025-10-19T08:56:35.859407Z  INFO scan_sources: tailwindcss_oxide::scanner: Discovering "C:\\plataforma-pastores\\public\\file.svg"
2025-10-19T08:56:35.859585Z  INFO scan_sources: tailwindcss_oxide::scanner: Discovering "C:\\plataforma-pastores\\public\\globe.svg"
2025-10-19T08:56:35.859651Z  INFO scan_sources: tailwindcss_oxide::scanner: Discovering "C:\\plataforma-pastores\\public\\next.svg"
2025-10-19T08:56:35.859702Z  INFO scan_sources: tailwindcss_oxide::scanner: Discovering "C:\\plataforma-pastores\\public\\vercel.svg"
2025-10-19T08:56:35.859807Z  INFO scan_sources: tailwindcss_oxide::scanner: Discovering "C:\\plataforma-pastores\\public\\window.svg"
2025-10-19T08:56:35.859886Z  INFO scan_sources: tailwindcss_oxide::scanner: Discovering "C:\\plataforma-pastores\\README.md"
2025-10-19T08:56:35.859971Z  INFO scan_sources: tailwindcss_oxide::scanner: Discovering "C:\\plataforma-pastores\\scripts"
2025-10-19T08:56:35.860074Z  INFO scan_sources: tailwindcss_oxide::scanner: Discovering "C:\\plataforma-pastores\\scripts\\activate.js"
2025-10-19T08:56:35.860126Z  INFO scan_sources: tailwindcss_oxide::scanner: Discovering "C:\\plataforma-pastores\\scripts\\cleanup.js"
2025-10-19T08:56:35.860223Z  INFO scan_sources: tailwindcss_oxide::scanner: Discovering "C:\\plataforma-pastores\\src"
2025-10-19T08:56:35.860350Z  INFO scan_sources: tailwindcss_oxide::scanner: Discovering "C:\\plataforma-pastores\\src\\app"
2025-10-19T08:56:35.860480Z  INFO scan_sources: tailwindcss_oxide::scanner: Discovering "C:\\plataforma-pastores\\src\\app\\(dashboard)"
2025-10-19T08:56:35.860612Z  INFO scan_sources: tailwindcss_oxide::scanner: Discovering "C:\\plataforma-pastores\\src\\app\\(dashboard)\\credenciales"
2025-10-19T08:56:35.860742Z  INFO scan_sources: tailwindcss_oxide::scanner: Discovering "C:\\plataforma-pastores\\src\\app\\(dashboard)\\credenciales\\new"
2025-10-19T08:56:35.860839Z  INFO scan_sources: tailwindcss_oxide::scanner: Discovering "C:\\plataforma-pastores\\src\\app\\(dashboard)\\credenciales\\new\\actions.ts"
2025-10-19T08:56:35.860893Z  INFO scan_sources: tailwindcss_oxide::scanner: Discovering "C:\\plataforma-pastores\\src\\app\\(dashboard)\\credenciales\\new\\page.tsx"
2025-10-19T08:56:35.860961Z  INFO scan_sources: tailwindcss_oxide::scanner: Discovering "C:\\plataforma-pastores\\src\\app\\(dashboard)\\credenciales\\page.tsx"
2025-10-19T08:56:35.861044Z  INFO scan_sources: tailwindcss_oxide::scanner: Discovering "C:\\plataforma-pastores\\src\\app\\(dashboard)\\credenciales\\[id]"
2025-10-19T08:56:35.861171Z  INFO scan_sources: tailwindcss_oxide::scanner: Discovering "C:\\plataforma-pastores\\src\\app\\(dashboard)\\credenciales\\[id]\\edit"
2025-10-19T08:56:35.861297Z  INFO scan_sources: tailwindcss_oxide::scanner: Discovering "C:\\plataforma-pastores\\src\\app\\(dashboard)\\credenciales\\[id]\\edit\\actions.ts"
2025-10-19T08:56:35.861350Z  INFO scan_sources: tailwindcss_oxide::scanner: Discovering "C:\\plataforma-pastores\\src\\app\\(dashboard)\\credenciales\\[id]\\edit\\page.tsx"
2025-10-19T08:56:35.861475Z  INFO scan_sources: tailwindcss_oxide::scanner: Discovering "C:\\plataforma-pastores\\src\\app\\(dashboard)\\iglesias"
2025-10-19T08:56:35.861653Z  INFO scan_sources: tailwindcss_oxide::scanner: Discovering "C:\\plataforma-pastores\\src\\app\\(dashboard)\\iglesias\\new"
2025-10-19T08:56:35.861818Z  INFO scan_sources: tailwindcss_oxide::scanner: Discovering "C:\\plataforma-pastores\\src\\app\\(dashboard)\\iglesias\\new\\actions.ts"
2025-10-19T08:56:35.861908Z  INFO scan_sources: tailwindcss_oxide::scanner: Discovering "C:\\plataforma-pastores\\src\\app\\(dashboard)\\iglesias\\new\\page.tsx"
2025-10-19T08:56:35.862008Z  INFO scan_sources: tailwindcss_oxide::scanner: Discovering "C:\\plataforma-pastores\\src\\app\\(dashboard)\\iglesias\\page.tsx"
2025-10-19T08:56:35.862094Z  INFO scan_sources: tailwindcss_oxide::scanner: Discovering "C:\\plataforma-pastores\\src\\app\\(dashboard)\\iglesias\\[id]"
2025-10-19T08:56:35.862222Z  INFO scan_sources: tailwindcss_oxide::scanner: Discovering "C:\\plataforma-pastores\\src\\app\\(dashboard)\\iglesias\\[id]\\edit"
2025-10-19T08:56:35.862319Z  INFO scan_sources: tailwindcss_oxide::scanner: Discovering "C:\\plataforma-pastores\\src\\app\\(dashboard)\\iglesias\\[id]\\edit\\actions.ts"
2025-10-19T08:56:35.862369Z  INFO scan_sources: tailwindcss_oxide::scanner: Discovering "C:\\plataforma-pastores\\src\\app\\(dashboard)\\iglesias\\[id]\\edit\\page.tsx"
2025-10-19T08:56:35.862463Z  INFO scan_sources: tailwindcss_oxide::scanner: Discovering "C:\\plataforma-pastores\\src\\app\\(dashboard)\\layout.tsx"
2025-10-19T08:56:35.862555Z  INFO scan_sources: tailwindcss_oxide::scanner: Discovering "C:\\plataforma-pastores\\src\\app\\(dashboard)\\page.tsx"
2025-10-19T08:56:35.862642Z  INFO scan_sources: tailwindcss_oxide::scanner: Discovering "C:\\plataforma-pastores\\src\\app\\(dashboard)\\pastores"
2025-10-19T08:56:35.862768Z  INFO scan_sources: tailwindcss_oxide::scanner: Discovering "C:\\plataforma-pastores\\src\\app\\(dashboard)\\pastores\\new"
2025-10-19T08:56:35.862863Z  INFO scan_sources: tailwindcss_oxide::scanner: Discovering "C:\\plataforma-pastores\\src\\app\\(dashboard)\\pastores\\new\\actions.ts"
2025-10-19T08:56:35.862914Z  INFO scan_sources: tailwindcss_oxide::scanner: Discovering "C:\\plataforma-pastores\\src\\app\\(dashboard)\\pastores\\new\\page.tsx"
2025-10-19T08:56:35.862980Z  INFO scan_sources: tailwindcss_oxide::scanner: Discovering "C:\\plataforma-pastores\\src\\app\\(dashboard)\\pastores\\page.tsx"
2025-10-19T08:56:35.863032Z  INFO scan_sources: tailwindcss_oxide::scanner: Discovering "C:\\plataforma-pastores\\src\\app\\(dashboard)\\pastores\\route.ts"
2025-10-19T08:56:35.863114Z  INFO scan_sources: tailwindcss_oxide::scanner: Discovering "C:\\plataforma-pastores\\src\\app\\(dashboard)\\pastores\\[id]"
2025-10-19T08:56:35.863236Z  INFO scan_sources: tailwindcss_oxide::scanner: Discovering "C:\\plataforma-pastores\\src\\app\\(dashboard)\\pastores\\[id]\\edit"
2025-10-19T08:56:35.863358Z  INFO scan_sources: tailwindcss_oxide::scanner: Discovering "C:\\plataforma-pastores\\src\\app\\(dashboard)\\pastores\\[id]\\edit\\actions.ts"
2025-10-19T08:56:35.863409Z  INFO scan_sources: tailwindcss_oxide::scanner: Discovering "C:\\plataforma-pastores\\src\\app\\(dashboard)\\pastores\\[id]\\edit\\page.tsx"
2025-10-19T08:56:35.863605Z  INFO scan_sources: tailwindcss_oxide::scanner: Discovering "C:\\plataforma-pastores\\src\\app\\403"
2025-10-19T08:56:35.863711Z  INFO scan_sources: tailwindcss_oxide::scanner: Discovering "C:\\plataforma-pastores\\src\\app\\403\\page.tsx"
2025-10-19T08:56:35.863842Z  INFO scan_sources: tailwindcss_oxide::scanner: Discovering "C:\\plataforma-pastores\\src\\app\\api"
2025-10-19T08:56:35.863996Z  INFO scan_sources: tailwindcss_oxide::scanner: Discovering "C:\\plataforma-pastores\\src\\app\\api\\auth"
2025-10-19T08:56:35.864147Z  INFO scan_sources: tailwindcss_oxide::scanner: Discovering "C:\\plataforma-pastores\\src\\app\\api\\auth\\[...nextauth]"
2025-10-19T08:56:35.864248Z  INFO scan_sources: tailwindcss_oxide::scanner: Discovering "C:\\plataforma-pastores\\src\\app\\api\\auth\\[...nextauth]\\route.ts"
2025-10-19T08:56:35.864380Z  INFO scan_sources: tailwindcss_oxide::scanner: Discovering "C:\\plataforma-pastores\\src\\app\\api\\dev"
2025-10-19T08:56:35.864508Z  INFO scan_sources: tailwindcss_oxide::scanner: Discovering "C:\\plataforma-pastores\\src\\app\\api\\dev\\dbcheck"
2025-10-19T08:56:35.864604Z  INFO scan_sources: tailwindcss_oxide::scanner: Discovering "C:\\plataforma-pastores\\src\\app\\api\\dev\\dbcheck\\route.ts"
2025-10-19T08:56:35.864708Z  INFO scan_sources: tailwindcss_oxide::scanner: Discovering "C:\\plataforma-pastores\\src\\app\\globals.css"
2025-10-19T08:56:35.864768Z  INFO scan_sources: tailwindcss_oxide::scanner: Discovering "C:\\plataforma-pastores\\src\\app\\layout.tsx"
2025-10-19T08:56:35.864849Z  INFO scan_sources: tailwindcss_oxide::scanner: Discovering "C:\\plataforma-pastores\\src\\app\\page.tsx"
2025-10-19T08:56:35.864962Z  INFO scan_sources: tailwindcss_oxide::scanner: Discovering "C:\\plataforma-pastores\\src\\lib"
2025-10-19T08:56:35.865068Z  INFO scan_sources: tailwindcss_oxide::scanner: Discovering "C:\\plataforma-pastores\\src\\lib\\prisma.ts"
2025-10-19T08:56:35.865146Z  INFO scan_sources: tailwindcss_oxide::scanner: Discovering "C:\\plataforma-pastores\\src\\middleware.ts"
2025-10-19T08:56:35.865313Z  INFO scan_sources: tailwindcss_oxide::scanner: Discovering "C:\\plataforma-pastores\\tsconfig.json"
2025-10-19T08:56:35.865417Z  INFO scan_sources: tailwindcss_oxide::scanner: exit
2025-10-19T08:56:35.865468Z  INFO extract_candidates: tailwindcss_oxide::scanner: enter
2025-10-19T08:56:35.865480Z  INFO extract_candidates:read_all_files: tailwindcss_oxide::scanner: enter
2025-10-19T08:56:35.865485Z  INFO extract_candidates:read_all_files: tailwindcss_oxide::scanner: Reading 47 file(s)
2025-10-19T08:56:35.866118Z  INFO tailwindcss_oxide::scanner: Reading "C:\\plataforma-pastores\\postcss.config.mjs"
2025-10-19T08:56:35.866122Z  INFO tailwindcss_oxide::scanner: Reading "C:\\plataforma-pastores\\public\\window.svg"
2025-10-19T08:56:35.866121Z  INFO tailwindcss_oxide::scanner: Reading "C:\\plataforma-pastores\\prisma\\migrations\\migration_lock.toml"
2025-10-19T08:56:35.866143Z  INFO tailwindcss_oxide::scanner: Reading "C:\\plataforma-pastores\\init_full.sql"
2025-10-19T08:56:35.866338Z  INFO tailwindcss_oxide::scanner: Reading "C:\\plataforma-pastores\\next.config.ts"
2025-10-19T08:56:35.866118Z  INFO tailwindcss_oxide::scanner: Reading "C:\\plataforma-pastores\\docker-compose.yml"
2025-10-19T08:56:35.866127Z  INFO tailwindcss_oxide::scanner: Reading "C:\\plataforma-pastores\\public\\globe.svg"
2025-10-19T08:56:35.866151Z  INFO tailwindcss_oxide::scanner: Reading "C:\\plataforma-pastores\\src\\app\\(dashboard)\\credenciales\\page.tsx"
2025-10-19T08:56:35.866157Z  INFO tailwindcss_oxide::scanner: Reading "C:\\plataforma-pastores\\init.sql"
2025-10-19T08:56:35.866406Z  INFO tailwindcss_oxide::scanner: Reading "C:\\plataforma-pastores\\package.json"
2025-10-19T08:56:35.866203Z  INFO tailwindcss_oxide::scanner: Reading "C:\\plataforma-pastores\\README.md"
2025-10-19T08:56:35.866415Z  INFO tailwindcss_oxide::scanner: Reading "C:\\plataforma-pastores\\prisma\\migrations\\20251017044508_add_email_verified_to_user\\migration.sql"
2025-10-19T08:56:35.866430Z  INFO tailwindcss_oxide::scanner: Reading "C:\\plataforma-pastores\\scripts\\activate.js"
2025-10-19T08:56:35.866446Z  INFO tailwindcss_oxide::scanner: Reading "C:\\plataforma-pastores\\src\\app\\(dashboard)\\iglesias\\[id]\\edit\\actions.ts"
2025-10-19T08:56:35.866464Z  INFO tailwindcss_oxide::scanner: Reading "C:\\plataforma-pastores\\src\\app\\(dashboard)\\credenciales\\[id]\\edit\\actions.ts"
2025-10-19T08:56:35.866218Z  INFO tailwindcss_oxide::scanner: Reading "C:\\plataforma-pastores\\prisma\\migrations\\20251016203616_init\\migration.sql"
2025-10-19T08:56:35.866245Z  INFO tailwindcss_oxide::scanner: Reading "C:\\plataforma-pastores\\src\\app\\(dashboard)\\credenciales\\new\\actions.ts"
2025-10-19T08:56:35.866457Z  INFO tailwindcss_oxide::scanner: Reading "C:\\plataforma-pastores\\src\\app\\(dashboard)\\pastores\\page.tsx"
2025-10-19T08:56:35.866512Z  INFO tailwindcss_oxide::scanner: Reading "C:\\plataforma-pastores\\src\\app\\(dashboard)\\iglesias\\[id]\\edit\\page.tsx"
2025-10-19T08:56:35.866515Z  INFO tailwindcss_oxide::scanner: Reading "C:\\plataforma-pastores\\public\\vercel.svg"
2025-10-19T08:56:35.866285Z  INFO tailwindcss_oxide::scanner: Reading "C:\\plataforma-pastores\\public\\next.svg"
2025-10-19T08:56:35.866201Z  INFO tailwindcss_oxide::scanner: Reading "C:\\plataforma-pastores\\scripts\\cleanup.js"
2025-10-19T08:56:35.866410Z  INFO tailwindcss_oxide::scanner: Reading "C:\\plataforma-pastores\\prisma\\schema.prisma"
2025-10-19T08:56:35.866482Z  INFO tailwindcss_oxide::scanner: Reading "C:\\plataforma-pastores\\src\\app\\api\\dev\\dbcheck\\route.ts"
2025-10-19T08:56:35.866566Z  INFO tailwindcss_oxide::scanner: Reading "C:\\plataforma-pastores\\src\\app\\(dashboard)\\iglesias\\new\\actions.ts"
2025-10-19T08:56:35.866502Z  INFO tailwindcss_oxide::scanner: Reading "C:\\plataforma-pastores\\src\\app\\(dashboard)\\credenciales\\new\\page.tsx"
2025-10-19T08:56:35.866585Z  INFO tailwindcss_oxide::scanner: Reading "C:\\plataforma-pastores\\src\\app\\(dashboard)\\pastores\\route.ts"
2025-10-19T08:56:35.866591Z  INFO tailwindcss_oxide::scanner: Reading "C:\\plataforma-pastores\\src\\app\\(dashboard)\\layout.tsx"
2025-10-19T08:56:35.866515Z  INFO tailwindcss_oxide::scanner: Reading "C:\\plataforma-pastores\\prisma\\migrations\\20251019050047_enable_foreign_keys\\migration.sql"
2025-10-19T08:56:35.866552Z  INFO tailwindcss_oxide::scanner: Reading "C:\\plataforma-pastores\\src\\app\\layout.tsx"
2025-10-19T08:56:35.866632Z  INFO tailwindcss_oxide::scanner: Reading "C:\\plataforma-pastores\\tsconfig.json"
2025-10-19T08:56:35.866634Z  INFO tailwindcss_oxide::scanner: Reading "C:\\plataforma-pastores\\src\\app\\(dashboard)\\iglesias\\page.tsx"
2025-10-19T08:56:35.866647Z  INFO tailwindcss_oxide::scanner: Reading "C:\\plataforma-pastores\\src\\app\\(dashboard)\\pastores\\new\\actions.ts"
2025-10-19T08:56:35.866654Z  INFO tailwindcss_oxide::scanner: Reading "C:\\plataforma-pastores\\src\\app\\(dashboard)\\pastores\\[id]\\edit\\actions.ts"
2025-10-19T08:56:35.866560Z  INFO tailwindcss_oxide::scanner: Reading "C:\\plataforma-pastores\\src\\app\\(dashboard)\\credenciales\\[id]\\edit\\page.tsx"
2025-10-19T08:56:35.866582Z  INFO tailwindcss_oxide::scanner: Reading "C:\\plataforma-pastores\\public\\file.svg"
2025-10-19T08:56:35.866591Z  INFO tailwindcss_oxide::scanner: Reading "C:\\plataforma-pastores\\src\\app\\(dashboard)\\page.tsx"
2025-10-19T08:56:35.866703Z  INFO tailwindcss_oxide::scanner: Reading "C:\\plataforma-pastores\\src\\app\\403\\page.tsx"
2025-10-19T08:56:35.866482Z  INFO tailwindcss_oxide::scanner: Reading "C:\\plataforma-pastores\\prisma\\migrations\\20251019042938_add_usuario_activo\\migration.sql"
2025-10-19T08:56:35.866602Z  INFO tailwindcss_oxide::scanner: Reading "C:\\plataforma-pastores\\src\\middleware.ts"
2025-10-19T08:56:35.866608Z  INFO tailwindcss_oxide::scanner: Reading "C:\\plataforma-pastores\\src\\app\\(dashboard)\\iglesias\\new\\page.tsx"
2025-10-19T08:56:35.866635Z  INFO tailwindcss_oxide::scanner: Reading "C:\\plataforma-pastores\\src\\app\\page.tsx"
2025-10-19T08:56:35.866463Z  INFO tailwindcss_oxide::scanner: Reading "C:\\plataforma-pastores\\prisma\\migrations\\20251017035010_init\\migration.sql"
2025-10-19T08:56:35.866660Z  INFO tailwindcss_oxide::scanner: Reading "C:\\plataforma-pastores\\src\\app\\(dashboard)\\pastores\\new\\page.tsx"
2025-10-19T08:56:35.866677Z  INFO tailwindcss_oxide::scanner: Reading "C:\\plataforma-pastores\\src\\app\\(dashboard)\\pastores\\[id]\\edit\\page.tsx"
2025-10-19T08:56:35.866699Z  INFO tailwindcss_oxide::scanner: Reading "C:\\plataforma-pastores\\src\\app\\api\\auth\\[...nextauth]\\route.ts"
2025-10-19T08:56:35.866512Z  INFO tailwindcss_oxide::scanner: Reading "C:\\plataforma-pastores\\src\\lib\\prisma.ts"
2025-10-19T08:56:35.866968Z  INFO extract_candidates:read_all_files: tailwindcss_oxide::scanner: exit
2025-10-19T08:56:35.866982Z  INFO extract_candidates:parse_all_blobs: tailwindcss_oxide::scanner: enter
2025-10-19T08:56:35.866987Z  INFO extract_candidates:parse_all_blobs:extract: tailwindcss_oxide::scanner: enter
2025-10-19T08:56:35.868122Z  INFO extract_candidates:parse_all_blobs:extract: tailwindcss_oxide::scanner: exit
2025-10-19T08:56:35.868153Z  INFO extract_candidates:parse_all_blobs: tailwindcss_oxide::scanner: exit
2025-10-19T08:56:35.868161Z  INFO extract_candidates:read_all_files: tailwindcss_oxide::scanner: enter
2025-10-19T08:56:35.868166Z  INFO extract_candidates:read_all_files: tailwindcss_oxide::scanner: Reading 1 file(s)
2025-10-19T08:56:35.868243Z  INFO extract_candidates:read_all_files: tailwindcss_oxide::scanner: Reading "C:\\plataforma-pastores\\src\\app\\globals.css"
2025-10-19T08:56:35.868253Z  INFO extract_candidates:read_all_files: tailwindcss_oxide::scanner: exit
2025-10-19T08:56:35.868263Z  INFO extract_candidates:extract_css_variables: tailwindcss_oxide::scanner: enter
2025-10-19T08:56:35.868269Z  INFO extract_candidates:extract_css_variables:extract: tailwindcss_oxide::scanner: enter
2025-10-19T08:56:35.868419Z  INFO extract_candidates:extract_css_variables:extract: tailwindcss_oxide::scanner: exit
2025-10-19T08:56:35.868432Z  INFO extract_candidates:extract_css_variables: tailwindcss_oxide::scanner: exit
2025-10-19T08:56:35.868742Z  INFO extract_candidates: tailwindcss_oxide::scanner: exit
2025-10-19T08:56:35.869489Z  INFO get_files: tailwindcss_oxide::scanner: enter
2025-10-19T08:56:35.869505Z  INFO get_files:scan_sources: tailwindcss_oxide::scanner: enter
2025-10-19T08:56:35.871146Z  INFO get_files:scan_sources: tailwindcss_oxide::scanner: Discovering "C:\\plataforma-pastores\\prisma"
2025-10-19T08:56:35.871289Z  INFO get_files:scan_sources: tailwindcss_oxide::scanner: Discovering "C:\\plataforma-pastores\\prisma\\migrations"
2025-10-19T08:56:35.871435Z  INFO get_files:scan_sources: tailwindcss_oxide::scanner: Discovering "C:\\plataforma-pastores\\prisma\\migrations\\20251016203616_init"
2025-10-19T08:56:35.871615Z  INFO get_files:scan_sources: tailwindcss_oxide::scanner: Discovering "C:\\plataforma-pastores\\prisma\\migrations\\20251017035010_init"
2025-10-19T08:56:35.871792Z  INFO get_files:scan_sources: tailwindcss_oxide::scanner: Discovering "C:\\plataforma-pastores\\prisma\\migrations\\20251017044508_add_email_verified_to_user"
2025-10-19T08:56:35.871980Z  INFO get_files:scan_sources: tailwindcss_oxide::scanner: Discovering "C:\\plataforma-pastores\\prisma\\migrations\\20251019042938_add_usuario_activo"
2025-10-19T08:56:35.872172Z  INFO get_files:scan_sources: tailwindcss_oxide::scanner: Discovering "C:\\plataforma-pastores\\prisma\\migrations\\20251019050047_enable_foreign_keys"
2025-10-19T08:56:35.872433Z  INFO get_files:scan_sources: tailwindcss_oxide::scanner: Discovering "C:\\plataforma-pastores\\public"
2025-10-19T08:56:35.872734Z  INFO get_files:scan_sources: tailwindcss_oxide::scanner: Discovering "C:\\plataforma-pastores\\scripts"
2025-10-19T08:56:35.872938Z  INFO get_files:scan_sources: tailwindcss_oxide::scanner: Discovering "C:\\plataforma-pastores\\src"
2025-10-19T08:56:35.873065Z  INFO get_files:scan_sources: tailwindcss_oxide::scanner: Discovering "C:\\plataforma-pastores\\src\\app"
2025-10-19T08:56:35.873199Z  INFO get_files:scan_sources: tailwindcss_oxide::scanner: Discovering "C:\\plataforma-pastores\\src\\app\\(dashboard)"
2025-10-19T08:56:35.873332Z  INFO get_files:scan_sources: tailwindcss_oxide::scanner: Discovering "C:\\plataforma-pastores\\src\\app\\(dashboard)\\credenciales"
2025-10-19T08:56:35.873461Z  INFO get_files:scan_sources: tailwindcss_oxide::scanner: Discovering "C:\\plataforma-pastores\\src\\app\\(dashboard)\\credenciales\\new"
2025-10-19T08:56:35.873680Z  INFO get_files:scan_sources: tailwindcss_oxide::scanner: Discovering "C:\\plataforma-pastores\\src\\app\\(dashboard)\\credenciales\\[id]"
2025-10-19T08:56:35.873806Z  INFO get_files:scan_sources: tailwindcss_oxide::scanner: Discovering "C:\\plataforma-pastores\\src\\app\\(dashboard)\\credenciales\\[id]\\edit"
2025-10-19T08:56:35.874026Z  INFO get_files:scan_sources: tailwindcss_oxide::scanner: Discovering "C:\\plataforma-pastores\\src\\app\\(dashboard)\\iglesias"
2025-10-19T08:56:35.874154Z  INFO get_files:scan_sources: tailwindcss_oxide::scanner: Discovering "C:\\plataforma-pastores\\src\\app\\(dashboard)\\iglesias\\new"
2025-10-19T08:56:35.874374Z  INFO get_files:scan_sources: tailwindcss_oxide::scanner: Discovering "C:\\plataforma-pastores\\src\\app\\(dashboard)\\iglesias\\[id]"
2025-10-19T08:56:35.874498Z  INFO get_files:scan_sources: tailwindcss_oxide::scanner: Discovering "C:\\plataforma-pastores\\src\\app\\(dashboard)\\iglesias\\[id]\\edit"
2025-10-19T08:56:35.874767Z  INFO get_files:scan_sources: tailwindcss_oxide::scanner: Discovering "C:\\plataforma-pastores\\src\\app\\(dashboard)\\pastores"
2025-10-19T08:56:35.874902Z  INFO get_files:scan_sources: tailwindcss_oxide::scanner: Discovering "C:\\plataforma-pastores\\src\\app\\(dashboard)\\pastores\\new"
2025-10-19T08:56:35.875237Z  INFO get_files:scan_sources: tailwindcss_oxide::scanner: Discovering "C:\\plataforma-pastores\\src\\app\\(dashboard)\\pastores\\[id]"
2025-10-19T08:56:35.875405Z  INFO get_files:scan_sources: tailwindcss_oxide::scanner: Discovering "C:\\plataforma-pastores\\src\\app\\(dashboard)\\pastores\\[id]\\edit"
2025-10-19T08:56:35.875698Z  INFO get_files:scan_sources: tailwindcss_oxide::scanner: Discovering "C:\\plataforma-pastores\\src\\app\\403"
2025-10-19T08:56:35.875876Z  INFO get_files:scan_sources: tailwindcss_oxide::scanner: Discovering "C:\\plataforma-pastores\\src\\app\\api"
2025-10-19T08:56:35.876010Z  INFO get_files:scan_sources: tailwindcss_oxide::scanner: Discovering "C:\\plataforma-pastores\\src\\app\\api\\auth"
2025-10-19T08:56:35.876142Z  INFO get_files:scan_sources: tailwindcss_oxide::scanner: Discovering "C:\\plataforma-pastores\\src\\app\\api\\auth\\[...nextauth]"
2025-10-19T08:56:35.876327Z  INFO get_files:scan_sources: tailwindcss_oxide::scanner: Discovering "C:\\plataforma-pastores\\src\\app\\api\\dev"
2025-10-19T08:56:35.876452Z  INFO get_files:scan_sources: tailwindcss_oxide::scanner: Discovering "C:\\plataforma-pastores\\src\\app\\api\\dev\\dbcheck"
2025-10-19T08:56:35.876761Z  INFO get_files:scan_sources: tailwindcss_oxide::scanner: Discovering "C:\\plataforma-pastores\\src\\lib"
2025-10-19T08:56:35.877104Z  INFO get_files:scan_sources: tailwindcss_oxide::scanner: exit
2025-10-19T08:56:35.877294Z  INFO get_files: tailwindcss_oxide::scanner: exit
2025-10-19T08:56:35.877513Z  INFO get_globs: tailwindcss_oxide::scanner: enter
2025-10-19T08:56:35.877521Z  INFO get_globs:scan_sources: tailwindcss_oxide::scanner: enter
2025-10-19T08:56:35.878719Z  INFO get_globs:scan_sources: tailwindcss_oxide::scanner: Discovering "C:\\plataforma-pastores\\prisma"
2025-10-19T08:56:35.878848Z  INFO get_globs:scan_sources: tailwindcss_oxide::scanner: Discovering "C:\\plataforma-pastores\\prisma\\migrations"
2025-10-19T08:56:35.878993Z  INFO get_globs:scan_sources: tailwindcss_oxide::scanner: Discovering "C:\\plataforma-pastores\\prisma\\migrations\\20251016203616_init"
2025-10-19T08:56:35.879166Z  INFO get_globs:scan_sources: tailwindcss_oxide::scanner: Discovering "C:\\plataforma-pastores\\prisma\\migrations\\20251017035010_init"
2025-10-19T08:56:35.879347Z  INFO get_globs:scan_sources: tailwindcss_oxide::scanner: Discovering "C:\\plataforma-pastores\\prisma\\migrations\\20251017044508_add_email_verified_to_user"
2025-10-19T08:56:35.879526Z  INFO get_globs:scan_sources: tailwindcss_oxide::scanner: Discovering "C:\\plataforma-pastores\\prisma\\migrations\\20251019042938_add_usuario_activo"
2025-10-19T08:56:35.879699Z  INFO get_globs:scan_sources: tailwindcss_oxide::scanner: Discovering "C:\\plataforma-pastores\\prisma\\migrations\\20251019050047_enable_foreign_keys"
2025-10-19T08:56:35.879958Z  INFO get_globs:scan_sources: tailwindcss_oxide::scanner: Discovering "C:\\plataforma-pastores\\public"
2025-10-19T08:56:35.880252Z  INFO get_globs:scan_sources: tailwindcss_oxide::scanner: Discovering "C:\\plataforma-pastores\\scripts"
2025-10-19T08:56:35.880441Z  INFO get_globs:scan_sources: tailwindcss_oxide::scanner: Discovering "C:\\plataforma-pastores\\src"
2025-10-19T08:56:35.880569Z  INFO get_globs:scan_sources: tailwindcss_oxide::scanner: Discovering "C:\\plataforma-pastores\\src\\app"
2025-10-19T08:56:35.880698Z  INFO get_globs:scan_sources: tailwindcss_oxide::scanner: Discovering "C:\\plataforma-pastores\\src\\app\\(dashboard)"
2025-10-19T08:56:35.880831Z  INFO get_globs:scan_sources: tailwindcss_oxide::scanner: Discovering "C:\\plataforma-pastores\\src\\app\\(dashboard)\\credenciales"
2025-10-19T08:56:35.880968Z  INFO get_globs:scan_sources: tailwindcss_oxide::scanner: Discovering "C:\\plataforma-pastores\\src\\app\\(dashboard)\\credenciales\\new"
2025-10-19T08:56:35.881186Z  INFO get_globs:scan_sources: tailwindcss_oxide::scanner: Discovering "C:\\plataforma-pastores\\src\\app\\(dashboard)\\credenciales\\[id]"
2025-10-19T08:56:35.881310Z  INFO get_globs:scan_sources: tailwindcss_oxide::scanner: Discovering "C:\\plataforma-pastores\\src\\app\\(dashboard)\\credenciales\\[id]\\edit"
2025-10-19T08:56:35.881527Z  INFO get_globs:scan_sources: tailwindcss_oxide::scanner: Discovering "C:\\plataforma-pastores\\src\\app\\(dashboard)\\iglesias"
2025-10-19T08:56:35.881649Z  INFO get_globs:scan_sources: tailwindcss_oxide::scanner: Discovering "C:\\plataforma-pastores\\src\\app\\(dashboard)\\iglesias\\new"
2025-10-19T08:56:35.881884Z  INFO get_globs:scan_sources: tailwindcss_oxide::scanner: Discovering "C:\\plataforma-pastores\\src\\app\\(dashboard)\\iglesias\\[id]"
2025-10-19T08:56:35.882014Z  INFO get_globs:scan_sources: tailwindcss_oxide::scanner: Discovering "C:\\plataforma-pastores\\src\\app\\(dashboard)\\iglesias\\[id]\\edit"
2025-10-19T08:56:35.882290Z  INFO get_globs:scan_sources: tailwindcss_oxide::scanner: Discovering "C:\\plataforma-pastores\\src\\app\\(dashboard)\\pastores"
2025-10-19T08:56:35.882413Z  INFO get_globs:scan_sources: tailwindcss_oxide::scanner: Discovering "C:\\plataforma-pastores\\src\\app\\(dashboard)\\pastores\\new"
2025-10-19T08:56:35.882654Z  INFO get_globs:scan_sources: tailwindcss_oxide::scanner: Discovering "C:\\plataforma-pastores\\src\\app\\(dashboard)\\pastores\\[id]"
2025-10-19T08:56:35.882778Z  INFO get_globs:scan_sources: tailwindcss_oxide::scanner: Discovering "C:\\plataforma-pastores\\src\\app\\(dashboard)\\pastores\\[id]\\edit"
2025-10-19T08:56:35.883022Z  INFO get_globs:scan_sources: tailwindcss_oxide::scanner: Discovering "C:\\plataforma-pastores\\src\\app\\403"
2025-10-19T08:56:35.883189Z  INFO get_globs:scan_sources: tailwindcss_oxide::scanner: Discovering "C:\\plataforma-pastores\\src\\app\\api"
2025-10-19T08:56:35.883313Z  INFO get_globs:scan_sources: tailwindcss_oxide::scanner: Discovering "C:\\plataforma-pastores\\src\\app\\api\\auth"
2025-10-19T08:56:35.883441Z  INFO get_globs:scan_sources: tailwindcss_oxide::scanner: Discovering "C:\\plataforma-pastores\\src\\app\\api\\auth\\[...nextauth]"
2025-10-19T08:56:35.883672Z  INFO get_globs:scan_sources: tailwindcss_oxide::scanner: Discovering "C:\\plataforma-pastores\\src\\app\\api\\dev"
2025-10-19T08:56:35.883852Z  INFO get_globs:scan_sources: tailwindcss_oxide::scanner: Discovering "C:\\plataforma-pastores\\src\\app\\api\\dev\\dbcheck"
2025-10-19T08:56:35.884213Z  INFO get_globs:scan_sources: tailwindcss_oxide::scanner: Discovering "C:\\plataforma-pastores\\src\\lib"
2025-10-19T08:56:35.884474Z  INFO get_globs:scan_sources: tailwindcss_oxide::scanner: exit
2025-10-19T08:56:35.889477Z  INFO get_globs: tailwindcss_oxide::scanner: exit
2025-10-19T08:58:13.858900Z  INFO scan_sources: tailwindcss_oxide::scanner: enter
2025-10-19T08:58:13.860956Z  INFO scan_sources: tailwindcss_oxide::scanner: Discovering "C:\\plataforma-pastores\\prisma"
2025-10-19T08:58:13.861407Z  INFO scan_sources: tailwindcss_oxide::scanner: Discovering "C:\\plataforma-pastores\\prisma\\migrations"
2025-10-19T08:58:13.861651Z  INFO scan_sources: tailwindcss_oxide::scanner: Discovering "C:\\plataforma-pastores\\prisma\\migrations\\20251016203616_init"
2025-10-19T08:58:13.861948Z  INFO scan_sources: tailwindcss_oxide::scanner: Discovering "C:\\plataforma-pastores\\prisma\\migrations\\20251017035010_init"
2025-10-19T08:58:13.862261Z  INFO scan_sources: tailwindcss_oxide::scanner: Discovering "C:\\plataforma-pastores\\prisma\\migrations\\20251017044508_add_email_verified_to_user"
2025-10-19T08:58:13.862573Z  INFO scan_sources: tailwindcss_oxide::scanner: Discovering "C:\\plataforma-pastores\\prisma\\migrations\\20251019042938_add_usuario_activo"
2025-10-19T08:58:13.862806Z  INFO scan_sources: tailwindcss_oxide::scanner: Discovering "C:\\plataforma-pastores\\prisma\\migrations\\20251019050047_enable_foreign_keys"
2025-10-19T08:58:13.863391Z  INFO scan_sources: tailwindcss_oxide::scanner: Discovering "C:\\plataforma-pastores\\public"
2025-10-19T08:58:13.863794Z  INFO scan_sources: tailwindcss_oxide::scanner: Discovering "C:\\plataforma-pastores\\scripts"
2025-10-19T08:58:13.864191Z  INFO scan_sources: tailwindcss_oxide::scanner: Discovering "C:\\plataforma-pastores\\src"
2025-10-19T08:58:13.864416Z  INFO scan_sources: tailwindcss_oxide::scanner: Discovering "C:\\plataforma-pastores\\src\\app"
2025-10-19T08:58:13.864608Z  INFO scan_sources: tailwindcss_oxide::scanner: Discovering "C:\\plataforma-pastores\\src\\app\\(dashboard)"
2025-10-19T08:58:13.864818Z  INFO scan_sources: tailwindcss_oxide::scanner: Discovering "C:\\plataforma-pastores\\src\\app\\(dashboard)\\credenciales"
2025-10-19T08:58:13.865120Z  INFO scan_sources: tailwindcss_oxide::scanner: Discovering "C:\\plataforma-pastores\\src\\app\\(dashboard)\\credenciales\\new"
2025-10-19T08:58:13.865686Z  INFO scan_sources: tailwindcss_oxide::scanner: Discovering "C:\\plataforma-pastores\\src\\app\\(dashboard)\\credenciales\\[id]"
2025-10-19T08:58:13.865862Z  INFO scan_sources: tailwindcss_oxide::scanner: Discovering "C:\\plataforma-pastores\\src\\app\\(dashboard)\\credenciales\\[id]\\edit"
2025-10-19T08:58:13.866618Z  INFO scan_sources: tailwindcss_oxide::scanner: Discovering "C:\\plataforma-pastores\\src\\app\\(dashboard)\\iglesias"
2025-10-19T08:58:13.866785Z  INFO scan_sources: tailwindcss_oxide::scanner: Discovering "C:\\plataforma-pastores\\src\\app\\(dashboard)\\iglesias\\new"
2025-10-19T08:58:13.867261Z  INFO scan_sources: tailwindcss_oxide::scanner: Discovering "C:\\plataforma-pastores\\src\\app\\(dashboard)\\iglesias\\[id]"
2025-10-19T08:58:13.867648Z  INFO scan_sources: tailwindcss_oxide::scanner: Discovering "C:\\plataforma-pastores\\src\\app\\(dashboard)\\iglesias\\[id]\\edit"
2025-10-19T08:58:13.868164Z  INFO scan_sources: tailwindcss_oxide::scanner: Discovering "C:\\plataforma-pastores\\src\\app\\(dashboard)\\pastores"
2025-10-19T08:58:13.868323Z  INFO scan_sources: tailwindcss_oxide::scanner: Discovering "C:\\plataforma-pastores\\src\\app\\(dashboard)\\pastores\\new"
2025-10-19T08:58:13.868678Z  INFO scan_sources: tailwindcss_oxide::scanner: Discovering "C:\\plataforma-pastores\\src\\app\\(dashboard)\\pastores\\[id]"
2025-10-19T08:58:13.868833Z  INFO scan_sources: tailwindcss_oxide::scanner: Discovering "C:\\plataforma-pastores\\src\\app\\(dashboard)\\pastores\\[id]\\edit"
2025-10-19T08:58:13.869352Z  INFO scan_sources: tailwindcss_oxide::scanner: Discovering "C:\\plataforma-pastores\\src\\app\\403"
2025-10-19T08:58:13.869600Z  INFO scan_sources: tailwindcss_oxide::scanner: Discovering "C:\\plataforma-pastores\\src\\app\\api"
2025-10-19T08:58:13.869767Z  INFO scan_sources: tailwindcss_oxide::scanner: Discovering "C:\\plataforma-pastores\\src\\app\\api\\auth"
2025-10-19T08:58:13.869938Z  INFO scan_sources: tailwindcss_oxide::scanner: Discovering "C:\\plataforma-pastores\\src\\app\\api\\auth\\[...nextauth]"
2025-10-19T08:58:13.870247Z  INFO scan_sources: tailwindcss_oxide::scanner: Discovering "C:\\plataforma-pastores\\src\\app\\api\\dev"
2025-10-19T08:58:13.870427Z  INFO scan_sources: tailwindcss_oxide::scanner: Discovering "C:\\plataforma-pastores\\src\\app\\api\\dev\\dbcheck"
2025-10-19T08:58:13.870915Z  INFO scan_sources: tailwindcss_oxide::scanner: Discovering "C:\\plataforma-pastores\\src\\lib"
2025-10-19T08:58:13.871423Z  INFO scan_sources: tailwindcss_oxide::scanner: exit
2025-10-19T08:58:13.871438Z  INFO extract_candidates: tailwindcss_oxide::scanner: enter
2025-10-19T08:58:13.871445Z  INFO extract_candidates:read_all_files: tailwindcss_oxide::scanner: enter
2025-10-19T08:58:13.871450Z  INFO extract_candidates:read_all_files: tailwindcss_oxide::scanner: Reading 0 file(s)
2025-10-19T08:58:13.871457Z  INFO extract_candidates:read_all_files: tailwindcss_oxide::scanner: exit
2025-10-19T08:58:13.871462Z  INFO extract_candidates:parse_all_blobs: tailwindcss_oxide::scanner: enter
2025-10-19T08:58:13.871468Z  INFO extract_candidates:parse_all_blobs:extract: tailwindcss_oxide::scanner: enter
2025-10-19T08:58:13.871473Z  INFO extract_candidates:parse_all_blobs:extract: tailwindcss_oxide::scanner: exit
2025-10-19T08:58:13.871478Z  INFO extract_candidates:parse_all_blobs: tailwindcss_oxide::scanner: exit
2025-10-19T08:58:13.871486Z  INFO extract_candidates: tailwindcss_oxide::scanner: exit
2025-10-19T08:58:13.871791Z  INFO get_files: tailwindcss_oxide::scanner: enter
2025-10-19T08:58:13.871805Z  INFO get_files:scan_sources: tailwindcss_oxide::scanner: enter
2025-10-19T08:58:13.873847Z  INFO get_files:scan_sources: tailwindcss_oxide::scanner: Discovering "C:\\plataforma-pastores\\prisma"
2025-10-19T08:58:13.874037Z  INFO get_files:scan_sources: tailwindcss_oxide::scanner: Discovering "C:\\plataforma-pastores\\prisma\\migrations"
2025-10-19T08:58:13.874271Z  INFO get_files:scan_sources: tailwindcss_oxide::scanner: Discovering "C:\\plataforma-pastores\\prisma\\migrations\\20251016203616_init"
2025-10-19T08:58:13.874589Z  INFO get_files:scan_sources: tailwindcss_oxide::scanner: Discovering "C:\\plataforma-pastores\\prisma\\migrations\\20251017035010_init"
2025-10-19T08:58:13.874871Z  INFO get_files:scan_sources: tailwindcss_oxide::scanner: Discovering "C:\\plataforma-pastores\\prisma\\migrations\\20251017044508_add_email_verified_to_user"
2025-10-19T08:58:13.875108Z  INFO get_files:scan_sources: tailwindcss_oxide::scanner: Discovering "C:\\plataforma-pastores\\prisma\\migrations\\20251019042938_add_usuario_activo"
2025-10-19T08:58:13.875383Z  INFO get_files:scan_sources: tailwindcss_oxide::scanner: Discovering "C:\\plataforma-pastores\\prisma\\migrations\\20251019050047_enable_foreign_keys"
2025-10-19T08:58:13.875780Z  INFO get_files:scan_sources: tailwindcss_oxide::scanner: Discovering "C:\\plataforma-pastores\\public"
2025-10-19T08:58:13.876127Z  INFO get_files:scan_sources: tailwindcss_oxide::scanner: Discovering "C:\\plataforma-pastores\\scripts"
2025-10-19T08:58:13.876373Z  INFO get_files:scan_sources: tailwindcss_oxide::scanner: Discovering "C:\\plataforma-pastores\\src"
2025-10-19T08:58:13.876589Z  INFO get_files:scan_sources: tailwindcss_oxide::scanner: Discovering "C:\\plataforma-pastores\\src\\app"
2025-10-19T08:58:13.876809Z  INFO get_files:scan_sources: tailwindcss_oxide::scanner: Discovering "C:\\plataforma-pastores\\src\\app\\(dashboard)"
2025-10-19T08:58:13.877019Z  INFO get_files:scan_sources: tailwindcss_oxide::scanner: Discovering "C:\\plataforma-pastores\\src\\app\\(dashboard)\\credenciales"
2025-10-19T08:58:13.877191Z  INFO get_files:scan_sources: tailwindcss_oxide::scanner: Discovering "C:\\plataforma-pastores\\src\\app\\(dashboard)\\credenciales\\new"
2025-10-19T08:58:13.877548Z  INFO get_files:scan_sources: tailwindcss_oxide::scanner: Discovering "C:\\plataforma-pastores\\src\\app\\(dashboard)\\credenciales\\[id]"
2025-10-19T08:58:13.877765Z  INFO get_files:scan_sources: tailwindcss_oxide::scanner: Discovering "C:\\plataforma-pastores\\src\\app\\(dashboard)\\credenciales\\[id]\\edit"
2025-10-19T08:58:13.878103Z  INFO get_files:scan_sources: tailwindcss_oxide::scanner: Discovering "C:\\plataforma-pastores\\src\\app\\(dashboard)\\iglesias"
2025-10-19T08:58:13.878292Z  INFO get_files:scan_sources: tailwindcss_oxide::scanner: Discovering "C:\\plataforma-pastores\\src\\app\\(dashboard)\\iglesias\\new"
2025-10-19T08:58:13.878601Z  INFO get_files:scan_sources: tailwindcss_oxide::scanner: Discovering "C:\\plataforma-pastores\\src\\app\\(dashboard)\\iglesias\\[id]"
2025-10-19T08:58:13.878883Z  INFO get_files:scan_sources: tailwindcss_oxide::scanner: Discovering "C:\\plataforma-pastores\\src\\app\\(dashboard)\\iglesias\\[id]\\edit"
2025-10-19T08:58:13.879294Z  INFO get_files:scan_sources: tailwindcss_oxide::scanner: Discovering "C:\\plataforma-pastores\\src\\app\\(dashboard)\\pastores"
2025-10-19T08:58:13.879485Z  INFO get_files:scan_sources: tailwindcss_oxide::scanner: Discovering "C:\\plataforma-pastores\\src\\app\\(dashboard)\\pastores\\new"
2025-10-19T08:58:13.879807Z  INFO get_files:scan_sources: tailwindcss_oxide::scanner: Discovering "C:\\plataforma-pastores\\src\\app\\(dashboard)\\pastores\\[id]"
2025-10-19T08:58:13.879989Z  INFO get_files:scan_sources: tailwindcss_oxide::scanner: Discovering "C:\\plataforma-pastores\\src\\app\\(dashboard)\\pastores\\[id]\\edit"
2025-10-19T08:58:13.880341Z  INFO get_files:scan_sources: tailwindcss_oxide::scanner: Discovering "C:\\plataforma-pastores\\src\\app\\403"
2025-10-19T08:58:13.880604Z  INFO get_files:scan_sources: tailwindcss_oxide::scanner: Discovering "C:\\plataforma-pastores\\src\\app\\api"
2025-10-19T08:58:13.880785Z  INFO get_files:scan_sources: tailwindcss_oxide::scanner: Discovering "C:\\plataforma-pastores\\src\\app\\api\\auth"
2025-10-19T08:58:13.880978Z  INFO get_files:scan_sources: tailwindcss_oxide::scanner: Discovering "C:\\plataforma-pastores\\src\\app\\api\\auth\\[...nextauth]"
2025-10-19T08:58:13.881275Z  INFO get_files:scan_sources: tailwindcss_oxide::scanner: Discovering "C:\\plataforma-pastores\\src\\app\\api\\dev"
2025-10-19T08:58:13.881471Z  INFO get_files:scan_sources: tailwindcss_oxide::scanner: Discovering "C:\\plataforma-pastores\\src\\app\\api\\dev\\dbcheck"
2025-10-19T08:58:13.881917Z  INFO get_files:scan_sources: tailwindcss_oxide::scanner: Discovering "C:\\plataforma-pastores\\src\\lib"
2025-10-19T08:58:13.882316Z  INFO get_files:scan_sources: tailwindcss_oxide::scanner: exit
2025-10-19T08:58:13.882471Z  INFO get_files: tailwindcss_oxide::scanner: exit
2025-10-19T08:58:13.882772Z  INFO get_globs: tailwindcss_oxide::scanner: enter
2025-10-19T08:58:13.882786Z  INFO get_globs: tailwindcss_oxide::scanner: exit
2025-10-19T08:58:13.894631Z  INFO scan_sources: tailwindcss_oxide::scanner: enter
2025-10-19T08:58:13.896986Z  INFO scan_sources: tailwindcss_oxide::scanner: Discovering "C:\\plataforma-pastores\\prisma"
2025-10-19T08:58:13.897182Z  INFO scan_sources: tailwindcss_oxide::scanner: Discovering "C:\\plataforma-pastores\\prisma\\migrations"
2025-10-19T08:58:13.897362Z  INFO scan_sources: tailwindcss_oxide::scanner: Discovering "C:\\plataforma-pastores\\prisma\\migrations\\20251016203616_init"
2025-10-19T08:58:13.897583Z  INFO scan_sources: tailwindcss_oxide::scanner: Discovering "C:\\plataforma-pastores\\prisma\\migrations\\20251017035010_init"
2025-10-19T08:58:13.897825Z  INFO scan_sources: tailwindcss_oxide::scanner: Discovering "C:\\plataforma-pastores\\prisma\\migrations\\20251017044508_add_email_verified_to_user"
2025-10-19T08:58:13.898073Z  INFO scan_sources: tailwindcss_oxide::scanner: Discovering "C:\\plataforma-pastores\\prisma\\migrations\\20251019042938_add_usuario_activo"
2025-10-19T08:58:13.898419Z  INFO scan_sources: tailwindcss_oxide::scanner: Discovering "C:\\plataforma-pastores\\prisma\\migrations\\20251019050047_enable_foreign_keys"
2025-10-19T08:58:13.898874Z  INFO scan_sources: tailwindcss_oxide::scanner: Discovering "C:\\plataforma-pastores\\public"
2025-10-19T08:58:13.899429Z  INFO scan_sources: tailwindcss_oxide::scanner: Discovering "C:\\plataforma-pastores\\scripts"
2025-10-19T08:58:13.899788Z  INFO scan_sources: tailwindcss_oxide::scanner: Discovering "C:\\plataforma-pastores\\src"
2025-10-19T08:58:13.900052Z  INFO scan_sources: tailwindcss_oxide::scanner: Discovering "C:\\plataforma-pastores\\src\\app"
2025-10-19T08:58:13.900257Z  INFO scan_sources: tailwindcss_oxide::scanner: Discovering "C:\\plataforma-pastores\\src\\app\\(dashboard)"
2025-10-19T08:58:13.900444Z  INFO scan_sources: tailwindcss_oxide::scanner: Discovering "C:\\plataforma-pastores\\src\\app\\(dashboard)\\credenciales"
2025-10-19T08:58:13.900637Z  INFO scan_sources: tailwindcss_oxide::scanner: Discovering "C:\\plataforma-pastores\\src\\app\\(dashboard)\\credenciales\\new"
2025-10-19T08:58:13.900956Z  INFO scan_sources: tailwindcss_oxide::scanner: Discovering "C:\\plataforma-pastores\\src\\app\\(dashboard)\\credenciales\\[id]"
2025-10-19T08:58:13.901138Z  INFO scan_sources: tailwindcss_oxide::scanner: Discovering "C:\\plataforma-pastores\\src\\app\\(dashboard)\\credenciales\\[id]\\edit"
2025-10-19T08:58:13.901428Z  INFO scan_sources: tailwindcss_oxide::scanner: Discovering "C:\\plataforma-pastores\\src\\app\\(dashboard)\\iglesias"
2025-10-19T08:58:13.901660Z  INFO scan_sources: tailwindcss_oxide::scanner: Discovering "C:\\plataforma-pastores\\src\\app\\(dashboard)\\iglesias\\new"
2025-10-19T08:58:13.902077Z  INFO scan_sources: tailwindcss_oxide::scanner: Discovering "C:\\plataforma-pastores\\src\\app\\(dashboard)\\iglesias\\[id]"
2025-10-19T08:58:13.902267Z  INFO scan_sources: tailwindcss_oxide::scanner: Discovering "C:\\plataforma-pastores\\src\\app\\(dashboard)\\iglesias\\[id]\\edit"
2025-10-19T08:58:13.902581Z  INFO scan_sources: tailwindcss_oxide::scanner: Discovering "C:\\plataforma-pastores\\src\\app\\(dashboard)\\pastores"
2025-10-19T08:58:13.902718Z  INFO scan_sources: tailwindcss_oxide::scanner: Discovering "C:\\plataforma-pastores\\src\\app\\(dashboard)\\pastores\\new"
2025-10-19T08:58:13.902984Z  INFO scan_sources: tailwindcss_oxide::scanner: Discovering "C:\\plataforma-pastores\\src\\app\\(dashboard)\\pastores\\[id]"
2025-10-19T08:58:13.903154Z  INFO scan_sources: tailwindcss_oxide::scanner: Discovering "C:\\plataforma-pastores\\src\\app\\(dashboard)\\pastores\\[id]\\edit"
2025-10-19T08:58:13.903483Z  INFO scan_sources: tailwindcss_oxide::scanner: Discovering "C:\\plataforma-pastores\\src\\app\\403"
2025-10-19T08:58:13.903748Z  INFO scan_sources: tailwindcss_oxide::scanner: Discovering "C:\\plataforma-pastores\\src\\app\\api"
2025-10-19T08:58:13.903995Z  INFO scan_sources: tailwindcss_oxide::scanner: Discovering "C:\\plataforma-pastores\\src\\app\\api\\auth"
2025-10-19T08:58:13.904243Z  INFO scan_sources: tailwindcss_oxide::scanner: Discovering "C:\\plataforma-pastores\\src\\app\\api\\auth\\[...nextauth]"
2025-10-19T08:58:13.904561Z  INFO scan_sources: tailwindcss_oxide::scanner: Discovering "C:\\plataforma-pastores\\src\\app\\api\\dev"
2025-10-19T08:58:13.904720Z  INFO scan_sources: tailwindcss_oxide::scanner: Discovering "C:\\plataforma-pastores\\src\\app\\api\\dev\\dbcheck"
2025-10-19T08:58:13.905087Z  INFO scan_sources: tailwindcss_oxide::scanner: Discovering "C:\\plataforma-pastores\\src\\lib"
2025-10-19T08:58:13.905470Z  INFO scan_sources: tailwindcss_oxide::scanner: exit
2025-10-19T08:58:13.905486Z  INFO extract_candidates: tailwindcss_oxide::scanner: enter
2025-10-19T08:58:13.905494Z  INFO extract_candidates:read_all_files: tailwindcss_oxide::scanner: enter
2025-10-19T08:58:13.905499Z  INFO extract_candidates:read_all_files: tailwindcss_oxide::scanner: Reading 0 file(s)
2025-10-19T08:58:13.905507Z  INFO extract_candidates:read_all_files: tailwindcss_oxide::scanner: exit
2025-10-19T08:58:13.905511Z  INFO extract_candidates:parse_all_blobs: tailwindcss_oxide::scanner: enter
2025-10-19T08:58:13.905515Z  INFO extract_candidates:parse_all_blobs:extract: tailwindcss_oxide::scanner: enter
2025-10-19T08:58:13.905519Z  INFO extract_candidates:parse_all_blobs:extract: tailwindcss_oxide::scanner: exit
2025-10-19T08:58:13.905522Z  INFO extract_candidates:parse_all_blobs: tailwindcss_oxide::scanner: exit
2025-10-19T08:58:13.905526Z  INFO extract_candidates: tailwindcss_oxide::scanner: exit
2025-10-19T08:58:13.906154Z  INFO get_files: tailwindcss_oxide::scanner: enter
2025-10-19T08:58:13.906169Z  INFO get_files:scan_sources: tailwindcss_oxide::scanner: enter
2025-10-19T08:58:13.908150Z  INFO get_files:scan_sources: tailwindcss_oxide::scanner: Discovering "C:\\plataforma-pastores\\prisma"
2025-10-19T08:58:13.908372Z  INFO get_files:scan_sources: tailwindcss_oxide::scanner: Discovering "C:\\plataforma-pastores\\prisma\\migrations"
2025-10-19T08:58:13.908571Z  INFO get_files:scan_sources: tailwindcss_oxide::scanner: Discovering "C:\\plataforma-pastores\\prisma\\migrations\\20251016203616_init"
2025-10-19T08:58:13.908795Z  INFO get_files:scan_sources: tailwindcss_oxide::scanner: Discovering "C:\\plataforma-pastores\\prisma\\migrations\\20251017035010_init"
2025-10-19T08:58:13.909022Z  INFO get_files:scan_sources: tailwindcss_oxide::scanner: Discovering "C:\\plataforma-pastores\\prisma\\migrations\\20251017044508_add_email_verified_to_user"
2025-10-19T08:58:13.909269Z  INFO get_files:scan_sources: tailwindcss_oxide::scanner: Discovering "C:\\plataforma-pastores\\prisma\\migrations\\20251019042938_add_usuario_activo"
2025-10-19T08:58:13.909528Z  INFO get_files:scan_sources: tailwindcss_oxide::scanner: Discovering "C:\\plataforma-pastores\\prisma\\migrations\\20251019050047_enable_foreign_keys"
2025-10-19T08:58:13.909929Z  INFO get_files:scan_sources: tailwindcss_oxide::scanner: Discovering "C:\\plataforma-pastores\\public"
2025-10-19T08:58:13.910562Z  INFO get_files:scan_sources: tailwindcss_oxide::scanner: Discovering "C:\\plataforma-pastores\\scripts"
2025-10-19T08:58:13.910912Z  INFO get_files:scan_sources: tailwindcss_oxide::scanner: Discovering "C:\\plataforma-pastores\\src"
2025-10-19T08:58:13.911182Z  INFO get_files:scan_sources: tailwindcss_oxide::scanner: Discovering "C:\\plataforma-pastores\\src\\app"
2025-10-19T08:58:13.911427Z  INFO get_files:scan_sources: tailwindcss_oxide::scanner: Discovering "C:\\plataforma-pastores\\src\\app\\(dashboard)"
2025-10-19T08:58:13.912109Z  INFO get_files:scan_sources: tailwindcss_oxide::scanner: Discovering "C:\\plataforma-pastores\\src\\app\\(dashboard)\\credenciales"
2025-10-19T08:58:13.912364Z  INFO get_files:scan_sources: tailwindcss_oxide::scanner: Discovering "C:\\plataforma-pastores\\src\\app\\(dashboard)\\credenciales\\new"
2025-10-19T08:58:13.912796Z  INFO get_files:scan_sources: tailwindcss_oxide::scanner: Discovering "C:\\plataforma-pastores\\src\\app\\(dashboard)\\credenciales\\[id]"
2025-10-19T08:58:13.913001Z  INFO get_files:scan_sources: tailwindcss_oxide::scanner: Discovering "C:\\plataforma-pastores\\src\\app\\(dashboard)\\credenciales\\[id]\\edit"
2025-10-19T08:58:13.913388Z  INFO get_files:scan_sources: tailwindcss_oxide::scanner: Discovering "C:\\plataforma-pastores\\src\\app\\(dashboard)\\iglesias"
2025-10-19T08:58:13.913750Z  INFO get_files:scan_sources: tailwindcss_oxide::scanner: Discovering "C:\\plataforma-pastores\\src\\app\\(dashboard)\\iglesias\\new"
2025-10-19T08:58:13.914151Z  INFO get_files:scan_sources: tailwindcss_oxide::scanner: Discovering "C:\\plataforma-pastores\\src\\app\\(dashboard)\\iglesias\\[id]"
2025-10-19T08:58:13.914382Z  INFO get_files:scan_sources: tailwindcss_oxide::scanner: Discovering "C:\\plataforma-pastores\\src\\app\\(dashboard)\\iglesias\\[id]\\edit"
2025-10-19T08:58:13.914881Z  INFO get_files:scan_sources: tailwindcss_oxide::scanner: Discovering "C:\\plataforma-pastores\\src\\app\\(dashboard)\\pastores"
2025-10-19T08:58:13.915196Z  INFO get_files:scan_sources: tailwindcss_oxide::scanner: Discovering "C:\\plataforma-pastores\\src\\app\\(dashboard)\\pastores\\new"
2025-10-19T08:58:13.915784Z  INFO get_files:scan_sources: tailwindcss_oxide::scanner: Discovering "C:\\plataforma-pastores\\src\\app\\(dashboard)\\pastores\\[id]"
2025-10-19T08:58:13.915994Z  INFO get_files:scan_sources: tailwindcss_oxide::scanner: Discovering "C:\\plataforma-pastores\\src\\app\\(dashboard)\\pastores\\[id]\\edit"
2025-10-19T08:58:13.916632Z  INFO get_files:scan_sources: tailwindcss_oxide::scanner: Discovering "C:\\plataforma-pastores\\src\\app\\403"
2025-10-19T08:58:13.916922Z  INFO get_files:scan_sources: tailwindcss_oxide::scanner: Discovering "C:\\plataforma-pastores\\src\\app\\api"
2025-10-19T08:58:13.917214Z  INFO get_files:scan_sources: tailwindcss_oxide::scanner: Discovering "C:\\plataforma-pastores\\src\\app\\api\\auth"
2025-10-19T08:58:13.917437Z  INFO get_files:scan_sources: tailwindcss_oxide::scanner: Discovering "C:\\plataforma-pastores\\src\\app\\api\\auth\\[...nextauth]"
2025-10-19T08:58:13.918264Z  INFO get_files:scan_sources: tailwindcss_oxide::scanner: Discovering "C:\\plataforma-pastores\\src\\app\\api\\dev"
2025-10-19T08:58:13.918470Z  INFO get_files:scan_sources: tailwindcss_oxide::scanner: Discovering "C:\\plataforma-pastores\\src\\app\\api\\dev\\dbcheck"
2025-10-19T08:58:13.919023Z  INFO get_files:scan_sources: tailwindcss_oxide::scanner: Discovering "C:\\plataforma-pastores\\src\\lib"
2025-10-19T08:58:13.919538Z  INFO get_files:scan_sources: tailwindcss_oxide::scanner: exit
2025-10-19T08:58:13.919678Z  INFO get_files: tailwindcss_oxide::scanner: exit
2025-10-19T08:58:13.919848Z  INFO get_globs: tailwindcss_oxide::scanner: enter
2025-10-19T08:58:13.919857Z  INFO get_globs: tailwindcss_oxide::scanner: exit
