2025-10-19T08:41:28.591150Z  INFO tailwindcss_oxide::scanner: Provided sources:
2025-10-19T08:41:28.591279Z  INFO tailwindcss_oxide::scanner: Source: PublicSourceEntry { base: "C:\\plataforma-pastores", pattern: "**/*", negated: false }
2025-10-19T08:41:28.591494Z  INFO tailwindcss_oxide::scanner: Optimized sources:
2025-10-19T08:41:28.591522Z  INFO tailwindcss_oxide::scanner: Source: Auto { base: "C:\\plataforma-pastores" }
2025-10-19T08:41:28.592839Z  INFO scan_sources: tailwindcss_oxide::scanner: enter
2025-10-19T08:41:28.594107Z  INFO scan_sources: tailwindcss_oxide::scanner: Discovering "C:\\plataforma-pastores\\docker-compose.yml"
2025-10-19T08:41:28.594630Z  INFO scan_sources: tailwindcss_oxide::scanner: Discovering "C:\\plataforma-pastores\\init.sql"
2025-10-19T08:41:28.594693Z  INFO scan_sources: tailwindcss_oxide::scanner: Discovering "C:\\plataforma-pastores\\init_full.sql"
2025-10-19T08:41:28.594760Z  INFO scan_sources: tailwindcss_oxide::scanner: Discovering "C:\\plataforma-pastores\\next.config.ts"
2025-10-19T08:41:28.594950Z  INFO scan_sources: tailwindcss_oxide::scanner: Discovering "C:\\plataforma-pastores\\package.json"
2025-10-19T08:41:28.595007Z  INFO scan_sources: tailwindcss_oxide::scanner: Discovering "C:\\plataforma-pastores\\postcss.config.mjs"
2025-10-19T08:41:28.595113Z  INFO scan_sources: tailwindcss_oxide::scanner: Discovering "C:\\plataforma-pastores\\prisma"
2025-10-19T08:41:28.595260Z  INFO scan_sources: tailwindcss_oxide::scanner: Discovering "C:\\plataforma-pastores\\prisma\\migrations"
2025-10-19T08:41:28.595418Z  INFO scan_sources: tailwindcss_oxide::scanner: Discovering "C:\\plataforma-pastores\\prisma\\migrations\\20251016203616_init"
2025-10-19T08:41:28.595522Z  INFO scan_sources: tailwindcss_oxide::scanner: Discovering "C:\\plataforma-pastores\\prisma\\migrations\\20251016203616_init\\migration.sql"
2025-10-19T08:41:28.595644Z  INFO scan_sources: tailwindcss_oxide::scanner: Discovering "C:\\plataforma-pastores\\prisma\\migrations\\20251017035010_init"
2025-10-19T08:41:28.595745Z  INFO scan_sources: tailwindcss_oxide::scanner: Discovering "C:\\plataforma-pastores\\prisma\\migrations\\20251017035010_init\\migration.sql"
2025-10-19T08:41:28.595848Z  INFO scan_sources: tailwindcss_oxide::scanner: Discovering "C:\\plataforma-pastores\\prisma\\migrations\\20251017044508_add_email_verified_to_user"
2025-10-19T08:41:28.595955Z  INFO scan_sources: tailwindcss_oxide::scanner: Discovering "C:\\plataforma-pastores\\prisma\\migrations\\20251017044508_add_email_verified_to_user\\migration.sql"
2025-10-19T08:41:28.596113Z  INFO scan_sources: tailwindcss_oxide::scanner: Discovering "C:\\plataforma-pastores\\prisma\\migrations\\20251019042938_add_usuario_activo"
2025-10-19T08:41:28.596218Z  INFO scan_sources: tailwindcss_oxide::scanner: Discovering "C:\\plataforma-pastores\\prisma\\migrations\\20251019042938_add_usuario_activo\\migration.sql"
2025-10-19T08:41:28.596329Z  INFO scan_sources: tailwindcss_oxide::scanner: Discovering "C:\\plataforma-pastores\\prisma\\migrations\\20251019050047_enable_foreign_keys"
2025-10-19T08:41:28.596429Z  INFO scan_sources: tailwindcss_oxide::scanner: Discovering "C:\\plataforma-pastores\\prisma\\migrations\\20251019050047_enable_foreign_keys\\migration.sql"
2025-10-19T08:41:28.596496Z  INFO scan_sources: tailwindcss_oxide::scanner: Discovering "C:\\plataforma-pastores\\prisma\\migrations\\migration_lock.toml"
2025-10-19T08:41:28.596564Z  INFO scan_sources: tailwindcss_oxide::scanner: Discovering "C:\\plataforma-pastores\\prisma\\schema.prisma"
2025-10-19T08:41:28.596663Z  INFO scan_sources: tailwindcss_oxide::scanner: Discovering "C:\\plataforma-pastores\\public"
2025-10-19T08:41:28.596761Z  INFO scan_sources: tailwindcss_oxide::scanner: Discovering "C:\\plataforma-pastores\\public\\file.svg"
2025-10-19T08:41:28.596814Z  INFO scan_sources: tailwindcss_oxide::scanner: Discovering "C:\\plataforma-pastores\\public\\globe.svg"
2025-10-19T08:41:28.596863Z  INFO scan_sources: tailwindcss_oxide::scanner: Discovering "C:\\plataforma-pastores\\public\\next.svg"
2025-10-19T08:41:28.596912Z  INFO scan_sources: tailwindcss_oxide::scanner: Discovering "C:\\plataforma-pastores\\public\\vercel.svg"
2025-10-19T08:41:28.597002Z  INFO scan_sources: tailwindcss_oxide::scanner: Discovering "C:\\plataforma-pastores\\public\\window.svg"
2025-10-19T08:41:28.597093Z  INFO scan_sources: tailwindcss_oxide::scanner: Discovering "C:\\plataforma-pastores\\README.md"
2025-10-19T08:41:28.597187Z  INFO scan_sources: tailwindcss_oxide::scanner: Discovering "C:\\plataforma-pastores\\scripts"
2025-10-19T08:41:28.597333Z  INFO scan_sources: tailwindcss_oxide::scanner: Discovering "C:\\plataforma-pastores\\scripts\\activate.js"
2025-10-19T08:41:28.597415Z  INFO scan_sources: tailwindcss_oxide::scanner: Discovering "C:\\plataforma-pastores\\scripts\\cleanup.js"
2025-10-19T08:41:28.597533Z  INFO scan_sources: tailwindcss_oxide::scanner: Discovering "C:\\plataforma-pastores\\src"
2025-10-19T08:41:28.597665Z  INFO scan_sources: tailwindcss_oxide::scanner: Discovering "C:\\plataforma-pastores\\src\\app"
2025-10-19T08:41:28.597799Z  INFO scan_sources: tailwindcss_oxide::scanner: Discovering "C:\\plataforma-pastores\\src\\app\\(dashboard)"
2025-10-19T08:41:28.597946Z  INFO scan_sources: tailwindcss_oxide::scanner: Discovering "C:\\plataforma-pastores\\src\\app\\(dashboard)\\credenciales"
2025-10-19T08:41:28.598078Z  INFO scan_sources: tailwindcss_oxide::scanner: Discovering "C:\\plataforma-pastores\\src\\app\\(dashboard)\\credenciales\\new"
2025-10-19T08:41:28.598198Z  INFO scan_sources: tailwindcss_oxide::scanner: Discovering "C:\\plataforma-pastores\\src\\app\\(dashboard)\\credenciales\\new\\actions.ts"
2025-10-19T08:41:28.598258Z  INFO scan_sources: tailwindcss_oxide::scanner: Discovering "C:\\plataforma-pastores\\src\\app\\(dashboard)\\credenciales\\new\\page.tsx"
2025-10-19T08:41:28.598329Z  INFO scan_sources: tailwindcss_oxide::scanner: Discovering "C:\\plataforma-pastores\\src\\app\\(dashboard)\\credenciales\\page.tsx"
2025-10-19T08:41:28.598412Z  INFO scan_sources: tailwindcss_oxide::scanner: Discovering "C:\\plataforma-pastores\\src\\app\\(dashboard)\\credenciales\\[id]"
2025-10-19T08:41:28.598545Z  INFO scan_sources: tailwindcss_oxide::scanner: Discovering "C:\\plataforma-pastores\\src\\app\\(dashboard)\\credenciales\\[id]\\edit"
2025-10-19T08:41:28.598682Z  INFO scan_sources: tailwindcss_oxide::scanner: Discovering "C:\\plataforma-pastores\\src\\app\\(dashboard)\\credenciales\\[id]\\edit\\actions.ts"
2025-10-19T08:41:28.598736Z  INFO scan_sources: tailwindcss_oxide::scanner: Discovering "C:\\plataforma-pastores\\src\\app\\(dashboard)\\credenciales\\[id]\\edit\\page.tsx"
2025-10-19T08:41:28.598860Z  INFO scan_sources: tailwindcss_oxide::scanner: Discovering "C:\\plataforma-pastores\\src\\app\\(dashboard)\\iglesias"
2025-10-19T08:41:28.598984Z  INFO scan_sources: tailwindcss_oxide::scanner: Discovering "C:\\plataforma-pastores\\src\\app\\(dashboard)\\iglesias\\new"
2025-10-19T08:41:28.599079Z  INFO scan_sources: tailwindcss_oxide::scanner: Discovering "C:\\plataforma-pastores\\src\\app\\(dashboard)\\iglesias\\new\\actions.ts"
2025-10-19T08:41:28.599136Z  INFO scan_sources: tailwindcss_oxide::scanner: Discovering "C:\\plataforma-pastores\\src\\app\\(dashboard)\\iglesias\\new\\page.tsx"
2025-10-19T08:41:28.599242Z  INFO scan_sources: tailwindcss_oxide::scanner: Discovering "C:\\plataforma-pastores\\src\\app\\(dashboard)\\iglesias\\page.tsx"
2025-10-19T08:41:28.599378Z  INFO scan_sources: tailwindcss_oxide::scanner: Discovering "C:\\plataforma-pastores\\src\\app\\(dashboard)\\iglesias\\[id]"
2025-10-19T08:41:28.599590Z  INFO scan_sources: tailwindcss_oxide::scanner: Discovering "C:\\plataforma-pastores\\src\\app\\(dashboard)\\iglesias\\[id]\\edit"
2025-10-19T08:41:28.599723Z  INFO scan_sources: tailwindcss_oxide::scanner: Discovering "C:\\plataforma-pastores\\src\\app\\(dashboard)\\iglesias\\[id]\\edit\\actions.ts"
2025-10-19T08:41:28.599791Z  INFO scan_sources: tailwindcss_oxide::scanner: Discovering "C:\\plataforma-pastores\\src\\app\\(dashboard)\\iglesias\\[id]\\edit\\page.tsx"
2025-10-19T08:41:28.599920Z  INFO scan_sources: tailwindcss_oxide::scanner: Discovering "C:\\plataforma-pastores\\src\\app\\(dashboard)\\layout.tsx"
2025-10-19T08:41:28.600031Z  INFO scan_sources: tailwindcss_oxide::scanner: Discovering "C:\\plataforma-pastores\\src\\app\\(dashboard)\\page.tsx"
2025-10-19T08:41:28.600156Z  INFO scan_sources: tailwindcss_oxide::scanner: Discovering "C:\\plataforma-pastores\\src\\app\\(dashboard)\\pastores"
2025-10-19T08:41:28.600332Z  INFO scan_sources: tailwindcss_oxide::scanner: Discovering "C:\\plataforma-pastores\\src\\app\\(dashboard)\\pastores\\new"
2025-10-19T08:41:28.600487Z  INFO scan_sources: tailwindcss_oxide::scanner: Discovering "C:\\plataforma-pastores\\src\\app\\(dashboard)\\pastores\\new\\actions.ts"
2025-10-19T08:41:28.600539Z  INFO scan_sources: tailwindcss_oxide::scanner: Discovering "C:\\plataforma-pastores\\src\\app\\(dashboard)\\pastores\\new\\page.tsx"
2025-10-19T08:41:28.600606Z  INFO scan_sources: tailwindcss_oxide::scanner: Discovering "C:\\plataforma-pastores\\src\\app\\(dashboard)\\pastores\\page.tsx"
2025-10-19T08:41:28.600715Z  INFO scan_sources: tailwindcss_oxide::scanner: Discovering "C:\\plataforma-pastores\\src\\app\\(dashboard)\\pastores\\[id]"
2025-10-19T08:41:28.600893Z  INFO scan_sources: tailwindcss_oxide::scanner: Discovering "C:\\plataforma-pastores\\src\\app\\(dashboard)\\pastores\\[id]\\edit"
2025-10-19T08:41:28.601034Z  INFO scan_sources: tailwindcss_oxide::scanner: Discovering "C:\\plataforma-pastores\\src\\app\\(dashboard)\\pastores\\[id]\\edit\\actions.ts"
2025-10-19T08:41:28.601103Z  INFO scan_sources: tailwindcss_oxide::scanner: Discovering "C:\\plataforma-pastores\\src\\app\\(dashboard)\\pastores\\[id]\\edit\\page.tsx"
2025-10-19T08:41:28.601308Z  INFO scan_sources: tailwindcss_oxide::scanner: Discovering "C:\\plataforma-pastores\\src\\app\\403"
2025-10-19T08:41:28.601467Z  INFO scan_sources: tailwindcss_oxide::scanner: Discovering "C:\\plataforma-pastores\\src\\app\\403\\page.tsx"
2025-10-19T08:41:28.601602Z  INFO scan_sources: tailwindcss_oxide::scanner: Discovering "C:\\plataforma-pastores\\src\\app\\api"
2025-10-19T08:41:28.601732Z  INFO scan_sources: tailwindcss_oxide::scanner: Discovering "C:\\plataforma-pastores\\src\\app\\api\\auth"
2025-10-19T08:41:28.601866Z  INFO scan_sources: tailwindcss_oxide::scanner: Discovering "C:\\plataforma-pastores\\src\\app\\api\\auth\\[...nextauth]"
2025-10-19T08:41:28.601969Z  INFO scan_sources: tailwindcss_oxide::scanner: Discovering "C:\\plataforma-pastores\\src\\app\\api\\auth\\[...nextauth]\\route.ts"
2025-10-19T08:41:28.602096Z  INFO scan_sources: tailwindcss_oxide::scanner: Discovering "C:\\plataforma-pastores\\src\\app\\api\\dev"
2025-10-19T08:41:28.602242Z  INFO scan_sources: tailwindcss_oxide::scanner: Discovering "C:\\plataforma-pastores\\src\\app\\api\\dev\\dbcheck"
2025-10-19T08:41:28.602364Z  INFO scan_sources: tailwindcss_oxide::scanner: Discovering "C:\\plataforma-pastores\\src\\app\\api\\dev\\dbcheck\\route.ts"
2025-10-19T08:41:28.602469Z  INFO scan_sources: tailwindcss_oxide::scanner: Discovering "C:\\plataforma-pastores\\src\\app\\globals.css"
2025-10-19T08:41:28.602541Z  INFO scan_sources: tailwindcss_oxide::scanner: Discovering "C:\\plataforma-pastores\\src\\app\\layout.tsx"
2025-10-19T08:41:28.602611Z  INFO scan_sources: tailwindcss_oxide::scanner: Discovering "C:\\plataforma-pastores\\src\\app\\page.tsx"
2025-10-19T08:41:28.602716Z  INFO scan_sources: tailwindcss_oxide::scanner: Discovering "C:\\plataforma-pastores\\src\\lib"
2025-10-19T08:41:28.602809Z  INFO scan_sources: tailwindcss_oxide::scanner: Discovering "C:\\plataforma-pastores\\src\\lib\\prisma.ts"
2025-10-19T08:41:28.602876Z  INFO scan_sources: tailwindcss_oxide::scanner: Discovering "C:\\plataforma-pastores\\src\\middleware.ts"
2025-10-19T08:41:28.602970Z  INFO scan_sources: tailwindcss_oxide::scanner: Discovering "C:\\plataforma-pastores\\tsconfig.json"
2025-10-19T08:41:28.603081Z  INFO scan_sources: tailwindcss_oxide::scanner: exit
2025-10-19T08:41:28.603091Z  INFO extract_candidates: tailwindcss_oxide::scanner: enter
2025-10-19T08:41:28.603099Z  INFO extract_candidates:read_all_files: tailwindcss_oxide::scanner: enter
2025-10-19T08:41:28.603108Z  INFO extract_candidates:read_all_files: tailwindcss_oxide::scanner: Reading 46 file(s)
2025-10-19T08:41:28.603648Z  INFO tailwindcss_oxide::scanner: Reading "C:\\plataforma-pastores\\prisma\\migrations\\migration_lock.toml"
2025-10-19T08:41:28.603649Z  INFO tailwindcss_oxide::scanner: Reading "C:\\plataforma-pastores\\docker-compose.yml"
2025-10-19T08:41:28.603651Z  INFO tailwindcss_oxide::scanner: Reading "C:\\plataforma-pastores\\src\\app\\(dashboard)\\pastores\\new\\page.tsx"
2025-10-19T08:41:28.603645Z  INFO tailwindcss_oxide::scanner: Reading "C:\\plataforma-pastores\\src\\app\\(dashboard)\\credenciales\\page.tsx"
2025-10-19T08:41:28.603727Z  INFO tailwindcss_oxide::scanner: Reading "C:\\plataforma-pastores\\prisma\\schema.prisma"
2025-10-19T08:41:28.603753Z  INFO tailwindcss_oxide::scanner: Reading "C:\\plataforma-pastores\\src\\app\\(dashboard)\\pastores\\page.tsx"
2025-10-19T08:41:28.603673Z  INFO tailwindcss_oxide::scanner: Reading "C:\\plataforma-pastores\\src\\app\\(dashboard)\\iglesias\\page.tsx"
2025-10-19T08:41:28.603756Z  INFO tailwindcss_oxide::scanner: Reading "C:\\plataforma-pastores\\src\\app\\(dashboard)\\credenciales\\[id]\\edit\\page.tsx"
2025-10-19T08:41:28.603745Z  INFO tailwindcss_oxide::scanner: Reading "C:\\plataforma-pastores\\init.sql"
2025-10-19T08:41:28.603811Z  INFO tailwindcss_oxide::scanner: Reading "C:\\plataforma-pastores\\src\\app\\(dashboard)\\pastores\\[id]\\edit\\actions.ts"
2025-10-19T08:41:28.603781Z  INFO tailwindcss_oxide::scanner: Reading "C:\\plataforma-pastores\\src\\app\\(dashboard)\\credenciales\\[id]\\edit\\actions.ts"
2025-10-19T08:41:28.603824Z  INFO tailwindcss_oxide::scanner: Reading "C:\\plataforma-pastores\\public\\globe.svg"
2025-10-19T08:41:28.603812Z  INFO tailwindcss_oxide::scanner: Reading "C:\\plataforma-pastores\\public\\window.svg"
2025-10-19T08:41:28.603822Z  INFO tailwindcss_oxide::scanner: Reading "C:\\plataforma-pastores\\public\\file.svg"
2025-10-19T08:41:28.603831Z  INFO tailwindcss_oxide::scanner: Reading "C:\\plataforma-pastores\\src\\app\\(dashboard)\\iglesias\\[id]\\edit\\actions.ts"
2025-10-19T08:41:28.603881Z  INFO tailwindcss_oxide::scanner: Reading "C:\\plataforma-pastores\\src\\app\\(dashboard)\\iglesias\\new\\actions.ts"
2025-10-19T08:41:28.603889Z  INFO tailwindcss_oxide::scanner: Reading "C:\\plataforma-pastores\\public\\next.svg"
2025-10-19T08:41:28.603894Z  INFO tailwindcss_oxide::scanner: Reading "C:\\plataforma-pastores\\src\\app\\403\\page.tsx"
2025-10-19T08:41:28.603887Z  INFO tailwindcss_oxide::scanner: Reading "C:\\plataforma-pastores\\src\\app\\(dashboard)\\pastores\\[id]\\edit\\page.tsx"
2025-10-19T08:41:28.603890Z  INFO tailwindcss_oxide::scanner: Reading "C:\\plataforma-pastores\\src\\app\\api\\dev\\dbcheck\\route.ts"
2025-10-19T08:41:28.603899Z  INFO tailwindcss_oxide::scanner: Reading "C:\\plataforma-pastores\\init_full.sql"
2025-10-19T08:41:28.603933Z  INFO tailwindcss_oxide::scanner: Reading "C:\\plataforma-pastores\\postcss.config.mjs"
2025-10-19T08:41:28.603952Z  INFO tailwindcss_oxide::scanner: Reading "C:\\plataforma-pastores\\src\\app\\(dashboard)\\iglesias\\[id]\\edit\\page.tsx"
2025-10-19T08:41:28.603960Z  INFO tailwindcss_oxide::scanner: Reading "C:\\plataforma-pastores\\public\\vercel.svg"
2025-10-19T08:41:28.603968Z  INFO tailwindcss_oxide::scanner: Reading "C:\\plataforma-pastores\\src\\app\\api\\auth\\[...nextauth]\\route.ts"
2025-10-19T08:41:28.603904Z  INFO tailwindcss_oxide::scanner: Reading "C:\\plataforma-pastores\\README.md"
2025-10-19T08:41:28.603982Z  INFO tailwindcss_oxide::scanner: Reading "C:\\plataforma-pastores\\next.config.ts"
2025-10-19T08:41:28.603920Z  INFO tailwindcss_oxide::scanner: Reading "C:\\plataforma-pastores\\src\\lib\\prisma.ts"
2025-10-19T08:41:28.603977Z  INFO tailwindcss_oxide::scanner: Reading "C:\\plataforma-pastores\\src\\app\\(dashboard)\\iglesias\\new\\page.tsx"
2025-10-19T08:41:28.604011Z  INFO tailwindcss_oxide::scanner: Reading "C:\\plataforma-pastores\\prisma\\migrations\\20251016203616_init\\migration.sql"
2025-10-19T08:41:28.603983Z  INFO tailwindcss_oxide::scanner: Reading "C:\\plataforma-pastores\\src\\app\\layout.tsx"
2025-10-19T08:41:28.604076Z  INFO tailwindcss_oxide::scanner: Reading "C:\\plataforma-pastores\\src\\app\\(dashboard)\\credenciales\\new\\actions.ts"
2025-10-19T08:41:28.604083Z  INFO tailwindcss_oxide::scanner: Reading "C:\\plataforma-pastores\\prisma\\migrations\\20251017044508_add_email_verified_to_user\\migration.sql"
2025-10-19T08:41:28.604015Z  INFO tailwindcss_oxide::scanner: Reading "C:\\plataforma-pastores\\src\\app\\page.tsx"
2025-10-19T08:41:28.604013Z  INFO tailwindcss_oxide::scanner: Reading "C:\\plataforma-pastores\\src\\app\\(dashboard)\\layout.tsx"
2025-10-19T08:41:28.604031Z  INFO tailwindcss_oxide::scanner: Reading "C:\\plataforma-pastores\\scripts\\cleanup.js"
2025-10-19T08:41:28.604127Z  INFO tailwindcss_oxide::scanner: Reading "C:\\plataforma-pastores\\prisma\\migrations\\20251019050047_enable_foreign_keys\\migration.sql"
2025-10-19T08:41:28.604128Z  INFO tailwindcss_oxide::scanner: Reading "C:\\plataforma-pastores\\src\\app\\(dashboard)\\credenciales\\new\\page.tsx"
2025-10-19T08:41:28.604138Z  INFO tailwindcss_oxide::scanner: Reading "C:\\plataforma-pastores\\prisma\\migrations\\20251017035010_init\\migration.sql"
2025-10-19T08:41:28.604050Z  INFO tailwindcss_oxide::scanner: Reading "C:\\plataforma-pastores\\scripts\\activate.js"
2025-10-19T08:41:28.604056Z  INFO tailwindcss_oxide::scanner: Reading "C:\\plataforma-pastores\\src\\app\\(dashboard)\\page.tsx"
2025-10-19T08:41:28.603995Z  INFO tailwindcss_oxide::scanner: Reading "C:\\plataforma-pastores\\src\\middleware.ts"
2025-10-19T08:41:28.604051Z  INFO tailwindcss_oxide::scanner: Reading "C:\\plataforma-pastores\\package.json"
2025-10-19T08:41:28.604139Z  INFO tailwindcss_oxide::scanner: Reading "C:\\plataforma-pastores\\prisma\\migrations\\20251019042938_add_usuario_activo\\migration.sql"
2025-10-19T08:41:28.604055Z  INFO tailwindcss_oxide::scanner: Reading "C:\\plataforma-pastores\\tsconfig.json"
2025-10-19T08:41:28.604146Z  INFO tailwindcss_oxide::scanner: Reading "C:\\plataforma-pastores\\src\\app\\(dashboard)\\pastores\\new\\actions.ts"
2025-10-19T08:41:28.604283Z  INFO extract_candidates:read_all_files: tailwindcss_oxide::scanner: exit
2025-10-19T08:41:28.604294Z  INFO extract_candidates:parse_all_blobs: tailwindcss_oxide::scanner: enter
2025-10-19T08:41:28.604300Z  INFO extract_candidates:parse_all_blobs:extract: tailwindcss_oxide::scanner: enter
2025-10-19T08:41:28.604858Z  INFO extract_candidates:parse_all_blobs:extract: tailwindcss_oxide::scanner: exit
2025-10-19T08:41:28.604874Z  INFO extract_candidates:parse_all_blobs: tailwindcss_oxide::scanner: exit
2025-10-19T08:41:28.604879Z  INFO extract_candidates:read_all_files: tailwindcss_oxide::scanner: enter
2025-10-19T08:41:28.604882Z  INFO extract_candidates:read_all_files: tailwindcss_oxide::scanner: Reading 1 file(s)
2025-10-19T08:41:28.604935Z  INFO extract_candidates:read_all_files: tailwindcss_oxide::scanner: Reading "C:\\plataforma-pastores\\src\\app\\globals.css"
2025-10-19T08:41:28.604942Z  INFO extract_candidates:read_all_files: tailwindcss_oxide::scanner: exit
2025-10-19T08:41:28.604948Z  INFO extract_candidates:extract_css_variables: tailwindcss_oxide::scanner: enter
2025-10-19T08:41:28.604951Z  INFO extract_candidates:extract_css_variables:extract: tailwindcss_oxide::scanner: enter
2025-10-19T08:41:28.605014Z  INFO extract_candidates:extract_css_variables:extract: tailwindcss_oxide::scanner: exit
2025-10-19T08:41:28.605027Z  INFO extract_candidates:extract_css_variables: tailwindcss_oxide::scanner: exit
2025-10-19T08:41:28.605301Z  INFO extract_candidates: tailwindcss_oxide::scanner: exit
2025-10-19T08:41:28.605887Z  INFO get_files: tailwindcss_oxide::scanner: enter
2025-10-19T08:41:28.605898Z  INFO get_files:scan_sources: tailwindcss_oxide::scanner: enter
2025-10-19T08:41:28.607176Z  INFO get_files:scan_sources: tailwindcss_oxide::scanner: Discovering "C:\\plataforma-pastores\\prisma"
2025-10-19T08:41:28.607311Z  INFO get_files:scan_sources: tailwindcss_oxide::scanner: Discovering "C:\\plataforma-pastores\\prisma\\migrations"
2025-10-19T08:41:28.607513Z  INFO get_files:scan_sources: tailwindcss_oxide::scanner: Discovering "C:\\plataforma-pastores\\prisma\\migrations\\20251016203616_init"
2025-10-19T08:41:28.607691Z  INFO get_files:scan_sources: tailwindcss_oxide::scanner: Discovering "C:\\plataforma-pastores\\prisma\\migrations\\20251017035010_init"
2025-10-19T08:41:28.607863Z  INFO get_files:scan_sources: tailwindcss_oxide::scanner: Discovering "C:\\plataforma-pastores\\prisma\\migrations\\20251017044508_add_email_verified_to_user"
2025-10-19T08:41:28.608032Z  INFO get_files:scan_sources: tailwindcss_oxide::scanner: Discovering "C:\\plataforma-pastores\\prisma\\migrations\\20251019042938_add_usuario_activo"
2025-10-19T08:41:28.608205Z  INFO get_files:scan_sources: tailwindcss_oxide::scanner: Discovering "C:\\plataforma-pastores\\prisma\\migrations\\20251019050047_enable_foreign_keys"
2025-10-19T08:41:28.608463Z  INFO get_files:scan_sources: tailwindcss_oxide::scanner: Discovering "C:\\plataforma-pastores\\public"
2025-10-19T08:41:28.608767Z  INFO get_files:scan_sources: tailwindcss_oxide::scanner: Discovering "C:\\plataforma-pastores\\scripts"
2025-10-19T08:41:28.608971Z  INFO get_files:scan_sources: tailwindcss_oxide::scanner: Discovering "C:\\plataforma-pastores\\src"
2025-10-19T08:41:28.609099Z  INFO get_files:scan_sources: tailwindcss_oxide::scanner: Discovering "C:\\plataforma-pastores\\src\\app"
2025-10-19T08:41:28.609229Z  INFO get_files:scan_sources: tailwindcss_oxide::scanner: Discovering "C:\\plataforma-pastores\\src\\app\\(dashboard)"
2025-10-19T08:41:28.609393Z  INFO get_files:scan_sources: tailwindcss_oxide::scanner: Discovering "C:\\plataforma-pastores\\src\\app\\(dashboard)\\credenciales"
2025-10-19T08:41:28.609527Z  INFO get_files:scan_sources: tailwindcss_oxide::scanner: Discovering "C:\\plataforma-pastores\\src\\app\\(dashboard)\\credenciales\\new"
2025-10-19T08:41:28.609749Z  INFO get_files:scan_sources: tailwindcss_oxide::scanner: Discovering "C:\\plataforma-pastores\\src\\app\\(dashboard)\\credenciales\\[id]"
2025-10-19T08:41:28.609884Z  INFO get_files:scan_sources: tailwindcss_oxide::scanner: Discovering "C:\\plataforma-pastores\\src\\app\\(dashboard)\\credenciales\\[id]\\edit"
2025-10-19T08:41:28.610102Z  INFO get_files:scan_sources: tailwindcss_oxide::scanner: Discovering "C:\\plataforma-pastores\\src\\app\\(dashboard)\\iglesias"
2025-10-19T08:41:28.610226Z  INFO get_files:scan_sources: tailwindcss_oxide::scanner: Discovering "C:\\plataforma-pastores\\src\\app\\(dashboard)\\iglesias\\new"
2025-10-19T08:41:28.610438Z  INFO get_files:scan_sources: tailwindcss_oxide::scanner: Discovering "C:\\plataforma-pastores\\src\\app\\(dashboard)\\iglesias\\[id]"
2025-10-19T08:41:28.610558Z  INFO get_files:scan_sources: tailwindcss_oxide::scanner: Discovering "C:\\plataforma-pastores\\src\\app\\(dashboard)\\iglesias\\[id]\\edit"
2025-10-19T08:41:28.610821Z  INFO get_files:scan_sources: tailwindcss_oxide::scanner: Discovering "C:\\plataforma-pastores\\src\\app\\(dashboard)\\pastores"
2025-10-19T08:41:28.610949Z  INFO get_files:scan_sources: tailwindcss_oxide::scanner: Discovering "C:\\plataforma-pastores\\src\\app\\(dashboard)\\pastores\\new"
2025-10-19T08:41:28.611162Z  INFO get_files:scan_sources: tailwindcss_oxide::scanner: Discovering "C:\\plataforma-pastores\\src\\app\\(dashboard)\\pastores\\[id]"
2025-10-19T08:41:28.611281Z  INFO get_files:scan_sources: tailwindcss_oxide::scanner: Discovering "C:\\plataforma-pastores\\src\\app\\(dashboard)\\pastores\\[id]\\edit"
2025-10-19T08:41:28.611516Z  INFO get_files:scan_sources: tailwindcss_oxide::scanner: Discovering "C:\\plataforma-pastores\\src\\app\\403"
2025-10-19T08:41:28.611677Z  INFO get_files:scan_sources: tailwindcss_oxide::scanner: Discovering "C:\\plataforma-pastores\\src\\app\\api"
2025-10-19T08:41:28.611797Z  INFO get_files:scan_sources: tailwindcss_oxide::scanner: Discovering "C:\\plataforma-pastores\\src\\app\\api\\auth"
2025-10-19T08:41:28.611924Z  INFO get_files:scan_sources: tailwindcss_oxide::scanner: Discovering "C:\\plataforma-pastores\\src\\app\\api\\auth\\[...nextauth]"
2025-10-19T08:41:28.612112Z  INFO get_files:scan_sources: tailwindcss_oxide::scanner: Discovering "C:\\plataforma-pastores\\src\\app\\api\\dev"
2025-10-19T08:41:28.612237Z  INFO get_files:scan_sources: tailwindcss_oxide::scanner: Discovering "C:\\plataforma-pastores\\src\\app\\api\\dev\\dbcheck"
2025-10-19T08:41:28.612517Z  INFO get_files:scan_sources: tailwindcss_oxide::scanner: Discovering "C:\\plataforma-pastores\\src\\lib"
2025-10-19T08:41:28.612842Z  INFO get_files:scan_sources: tailwindcss_oxide::scanner: exit
2025-10-19T08:41:28.612989Z  INFO get_files: tailwindcss_oxide::scanner: exit
2025-10-19T08:41:28.613195Z  INFO get_globs: tailwindcss_oxide::scanner: enter
2025-10-19T08:41:28.613204Z  INFO get_globs:scan_sources: tailwindcss_oxide::scanner: enter
2025-10-19T08:41:28.614579Z  INFO get_globs:scan_sources: tailwindcss_oxide::scanner: Discovering "C:\\plataforma-pastores\\prisma"
2025-10-19T08:41:28.614723Z  INFO get_globs:scan_sources: tailwindcss_oxide::scanner: Discovering "C:\\plataforma-pastores\\prisma\\migrations"
2025-10-19T08:41:28.615038Z  INFO get_globs:scan_sources: tailwindcss_oxide::scanner: Discovering "C:\\plataforma-pastores\\prisma\\migrations\\20251016203616_init"
2025-10-19T08:41:28.615233Z  INFO get_globs:scan_sources: tailwindcss_oxide::scanner: Discovering "C:\\plataforma-pastores\\prisma\\migrations\\20251017035010_init"
2025-10-19T08:41:28.615567Z  INFO get_globs:scan_sources: tailwindcss_oxide::scanner: Discovering "C:\\plataforma-pastores\\prisma\\migrations\\20251017044508_add_email_verified_to_user"
2025-10-19T08:41:28.615858Z  INFO get_globs:scan_sources: tailwindcss_oxide::scanner: Discovering "C:\\plataforma-pastores\\prisma\\migrations\\20251019042938_add_usuario_activo"
2025-10-19T08:41:28.616052Z  INFO get_globs:scan_sources: tailwindcss_oxide::scanner: Discovering "C:\\plataforma-pastores\\prisma\\migrations\\20251019050047_enable_foreign_keys"
2025-10-19T08:41:28.616313Z  INFO get_globs:scan_sources: tailwindcss_oxide::scanner: Discovering "C:\\plataforma-pastores\\public"
2025-10-19T08:41:28.616695Z  INFO get_globs:scan_sources: tailwindcss_oxide::scanner: Discovering "C:\\plataforma-pastores\\scripts"
2025-10-19T08:41:28.616887Z  INFO get_globs:scan_sources: tailwindcss_oxide::scanner: Discovering "C:\\plataforma-pastores\\src"
2025-10-19T08:41:28.617011Z  INFO get_globs:scan_sources: tailwindcss_oxide::scanner: Discovering "C:\\plataforma-pastores\\src\\app"
2025-10-19T08:41:28.617140Z  INFO get_globs:scan_sources: tailwindcss_oxide::scanner: Discovering "C:\\plataforma-pastores\\src\\app\\(dashboard)"
2025-10-19T08:41:28.617270Z  INFO get_globs:scan_sources: tailwindcss_oxide::scanner: Discovering "C:\\plataforma-pastores\\src\\app\\(dashboard)\\credenciales"
2025-10-19T08:41:28.617397Z  INFO get_globs:scan_sources: tailwindcss_oxide::scanner: Discovering "C:\\plataforma-pastores\\src\\app\\(dashboard)\\credenciales\\new"
2025-10-19T08:41:28.617840Z  INFO get_globs:scan_sources: tailwindcss_oxide::scanner: Discovering "C:\\plataforma-pastores\\src\\app\\(dashboard)\\credenciales\\[id]"
2025-10-19T08:41:28.618044Z  INFO get_globs:scan_sources: tailwindcss_oxide::scanner: Discovering "C:\\plataforma-pastores\\src\\app\\(dashboard)\\credenciales\\[id]\\edit"
2025-10-19T08:41:28.618375Z  INFO get_globs:scan_sources: tailwindcss_oxide::scanner: Discovering "C:\\plataforma-pastores\\src\\app\\(dashboard)\\iglesias"
2025-10-19T08:41:28.618514Z  INFO get_globs:scan_sources: tailwindcss_oxide::scanner: Discovering "C:\\plataforma-pastores\\src\\app\\(dashboard)\\iglesias\\new"
2025-10-19T08:41:28.618884Z  INFO get_globs:scan_sources: tailwindcss_oxide::scanner: Discovering "C:\\plataforma-pastores\\src\\app\\(dashboard)\\iglesias\\[id]"
2025-10-19T08:41:28.619015Z  INFO get_globs:scan_sources: tailwindcss_oxide::scanner: Discovering "C:\\plataforma-pastores\\src\\app\\(dashboard)\\iglesias\\[id]\\edit"
2025-10-19T08:41:28.619290Z  INFO get_globs:scan_sources: tailwindcss_oxide::scanner: Discovering "C:\\plataforma-pastores\\src\\app\\(dashboard)\\pastores"
2025-10-19T08:41:28.619424Z  INFO get_globs:scan_sources: tailwindcss_oxide::scanner: Discovering "C:\\plataforma-pastores\\src\\app\\(dashboard)\\pastores\\new"
2025-10-19T08:41:28.619691Z  INFO get_globs:scan_sources: tailwindcss_oxide::scanner: Discovering "C:\\plataforma-pastores\\src\\app\\(dashboard)\\pastores\\[id]"
2025-10-19T08:41:28.619818Z  INFO get_globs:scan_sources: tailwindcss_oxide::scanner: Discovering "C:\\plataforma-pastores\\src\\app\\(dashboard)\\pastores\\[id]\\edit"
2025-10-19T08:41:28.620050Z  INFO get_globs:scan_sources: tailwindcss_oxide::scanner: Discovering "C:\\plataforma-pastores\\src\\app\\403"
2025-10-19T08:41:28.620224Z  INFO get_globs:scan_sources: tailwindcss_oxide::scanner: Discovering "C:\\plataforma-pastores\\src\\app\\api"
2025-10-19T08:41:28.620417Z  INFO get_globs:scan_sources: tailwindcss_oxide::scanner: Discovering "C:\\plataforma-pastores\\src\\app\\api\\auth"
2025-10-19T08:41:28.620556Z  INFO get_globs:scan_sources: tailwindcss_oxide::scanner: Discovering "C:\\plataforma-pastores\\src\\app\\api\\auth\\[...nextauth]"
2025-10-19T08:41:28.620944Z  INFO get_globs:scan_sources: tailwindcss_oxide::scanner: Discovering "C:\\plataforma-pastores\\src\\app\\api\\dev"
2025-10-19T08:41:28.621072Z  INFO get_globs:scan_sources: tailwindcss_oxide::scanner: Discovering "C:\\plataforma-pastores\\src\\app\\api\\dev\\dbcheck"
2025-10-19T08:41:28.621364Z  INFO get_globs:scan_sources: tailwindcss_oxide::scanner: Discovering "C:\\plataforma-pastores\\src\\lib"
2025-10-19T08:41:28.621792Z  INFO get_globs:scan_sources: tailwindcss_oxide::scanner: exit
2025-10-19T08:41:28.626868Z  INFO get_globs: tailwindcss_oxide::scanner: exit
