2025-10-19T08:51:24.176861Z  INFO tailwindcss_oxide::scanner: Provided sources:
2025-10-19T08:51:24.177016Z  INFO tailwindcss_oxide::scanner: Source: PublicSourceEntry { base: "C:\\plataforma-pastores", pattern: "**/*", negated: false }
2025-10-19T08:51:24.177283Z  INFO tailwindcss_oxide::scanner: Optimized sources:
2025-10-19T08:51:24.177311Z  INFO tailwindcss_oxide::scanner: Source: Auto { base: "C:\\plataforma-pastores" }
2025-10-19T08:51:24.179350Z  INFO scan_sources: tailwindcss_oxide::scanner: enter
2025-10-19T08:51:24.180512Z  INFO scan_sources: tailwindcss_oxide::scanner: Discovering "C:\\plataforma-pastores\\docker-compose.yml"
2025-10-19T08:51:24.180925Z  INFO scan_sources: tailwindcss_oxide::scanner: Discovering "C:\\plataforma-pastores\\init.sql"
2025-10-19T08:51:24.180984Z  INFO scan_sources: tailwindcss_oxide::scanner: Discovering "C:\\plataforma-pastores\\init_full.sql"
2025-10-19T08:51:24.181050Z  INFO scan_sources: tailwindcss_oxide::scanner: Discovering "C:\\plataforma-pastores\\next.config.ts"
2025-10-19T08:51:24.181233Z  INFO scan_sources: tailwindcss_oxide::scanner: Discovering "C:\\plataforma-pastores\\package.json"
2025-10-19T08:51:24.181466Z  INFO scan_sources: tailwindcss_oxide::scanner: Discovering "C:\\plataforma-pastores\\postcss.config.mjs"
2025-10-19T08:51:24.181616Z  INFO scan_sources: tailwindcss_oxide::scanner: Discovering "C:\\plataforma-pastores\\prisma"
2025-10-19T08:51:24.181762Z  INFO scan_sources: tailwindcss_oxide::scanner: Discovering "C:\\plataforma-pastores\\prisma\\migrations"
2025-10-19T08:51:24.181932Z  INFO scan_sources: tailwindcss_oxide::scanner: Discovering "C:\\plataforma-pastores\\prisma\\migrations\\20251016203616_init"
2025-10-19T08:51:24.182041Z  INFO scan_sources: tailwindcss_oxide::scanner: Discovering "C:\\plataforma-pastores\\prisma\\migrations\\20251016203616_init\\migration.sql"
2025-10-19T08:51:24.182142Z  INFO scan_sources: tailwindcss_oxide::scanner: Discovering "C:\\plataforma-pastores\\prisma\\migrations\\20251017035010_init"
2025-10-19T08:51:24.182243Z  INFO scan_sources: tailwindcss_oxide::scanner: Discovering "C:\\plataforma-pastores\\prisma\\migrations\\20251017035010_init\\migration.sql"
2025-10-19T08:51:24.182367Z  INFO scan_sources: tailwindcss_oxide::scanner: Discovering "C:\\plataforma-pastores\\prisma\\migrations\\20251017044508_add_email_verified_to_user"
2025-10-19T08:51:24.182470Z  INFO scan_sources: tailwindcss_oxide::scanner: Discovering "C:\\plataforma-pastores\\prisma\\migrations\\20251017044508_add_email_verified_to_user\\migration.sql"
2025-10-19T08:51:24.182570Z  INFO scan_sources: tailwindcss_oxide::scanner: Discovering "C:\\plataforma-pastores\\prisma\\migrations\\20251019042938_add_usuario_activo"
2025-10-19T08:51:24.182673Z  INFO scan_sources: tailwindcss_oxide::scanner: Discovering "C:\\plataforma-pastores\\prisma\\migrations\\20251019042938_add_usuario_activo\\migration.sql"
2025-10-19T08:51:24.182783Z  INFO scan_sources: tailwindcss_oxide::scanner: Discovering "C:\\plataforma-pastores\\prisma\\migrations\\20251019050047_enable_foreign_keys"
2025-10-19T08:51:24.182915Z  INFO scan_sources: tailwindcss_oxide::scanner: Discovering "C:\\plataforma-pastores\\prisma\\migrations\\20251019050047_enable_foreign_keys\\migration.sql"
2025-10-19T08:51:24.183025Z  INFO scan_sources: tailwindcss_oxide::scanner: Discovering "C:\\plataforma-pastores\\prisma\\migrations\\migration_lock.toml"
2025-10-19T08:51:24.183247Z  INFO scan_sources: tailwindcss_oxide::scanner: Discovering "C:\\plataforma-pastores\\prisma\\schema.prisma"
2025-10-19T08:51:24.183731Z  INFO scan_sources: tailwindcss_oxide::scanner: Discovering "C:\\plataforma-pastores\\public"
2025-10-19T08:51:24.183855Z  INFO scan_sources: tailwindcss_oxide::scanner: Discovering "C:\\plataforma-pastores\\public\\file.svg"
2025-10-19T08:51:24.183915Z  INFO scan_sources: tailwindcss_oxide::scanner: Discovering "C:\\plataforma-pastores\\public\\globe.svg"
2025-10-19T08:51:24.183968Z  INFO scan_sources: tailwindcss_oxide::scanner: Discovering "C:\\plataforma-pastores\\public\\next.svg"
2025-10-19T08:51:24.184020Z  INFO scan_sources: tailwindcss_oxide::scanner: Discovering "C:\\plataforma-pastores\\public\\vercel.svg"
2025-10-19T08:51:24.184122Z  INFO scan_sources: tailwindcss_oxide::scanner: Discovering "C:\\plataforma-pastores\\public\\window.svg"
2025-10-19T08:51:24.184208Z  INFO scan_sources: tailwindcss_oxide::scanner: Discovering "C:\\plataforma-pastores\\README.md"
2025-10-19T08:51:24.184298Z  INFO scan_sources: tailwindcss_oxide::scanner: Discovering "C:\\plataforma-pastores\\scripts"
2025-10-19T08:51:24.184404Z  INFO scan_sources: tailwindcss_oxide::scanner: Discovering "C:\\plataforma-pastores\\scripts\\activate.js"
2025-10-19T08:51:24.184458Z  INFO scan_sources: tailwindcss_oxide::scanner: Discovering "C:\\plataforma-pastores\\scripts\\cleanup.js"
2025-10-19T08:51:24.184558Z  INFO scan_sources: tailwindcss_oxide::scanner: Discovering "C:\\plataforma-pastores\\src"
2025-10-19T08:51:24.184690Z  INFO scan_sources: tailwindcss_oxide::scanner: Discovering "C:\\plataforma-pastores\\src\\app"
2025-10-19T08:51:24.184823Z  INFO scan_sources: tailwindcss_oxide::scanner: Discovering "C:\\plataforma-pastores\\src\\app\\(dashboard)"
2025-10-19T08:51:24.184962Z  INFO scan_sources: tailwindcss_oxide::scanner: Discovering "C:\\plataforma-pastores\\src\\app\\(dashboard)\\credenciales"
2025-10-19T08:51:24.185094Z  INFO scan_sources: tailwindcss_oxide::scanner: Discovering "C:\\plataforma-pastores\\src\\app\\(dashboard)\\credenciales\\new"
2025-10-19T08:51:24.185194Z  INFO scan_sources: tailwindcss_oxide::scanner: Discovering "C:\\plataforma-pastores\\src\\app\\(dashboard)\\credenciales\\new\\actions.ts"
2025-10-19T08:51:24.185248Z  INFO scan_sources: tailwindcss_oxide::scanner: Discovering "C:\\plataforma-pastores\\src\\app\\(dashboard)\\credenciales\\new\\page.tsx"
2025-10-19T08:51:24.185317Z  INFO scan_sources: tailwindcss_oxide::scanner: Discovering "C:\\plataforma-pastores\\src\\app\\(dashboard)\\credenciales\\page.tsx"
2025-10-19T08:51:24.185401Z  INFO scan_sources: tailwindcss_oxide::scanner: Discovering "C:\\plataforma-pastores\\src\\app\\(dashboard)\\credenciales\\[id]"
2025-10-19T08:51:24.185542Z  INFO scan_sources: tailwindcss_oxide::scanner: Discovering "C:\\plataforma-pastores\\src\\app\\(dashboard)\\credenciales\\[id]\\edit"
2025-10-19T08:51:24.185641Z  INFO scan_sources: tailwindcss_oxide::scanner: Discovering "C:\\plataforma-pastores\\src\\app\\(dashboard)\\credenciales\\[id]\\edit\\actions.ts"
2025-10-19T08:51:24.185693Z  INFO scan_sources: tailwindcss_oxide::scanner: Discovering "C:\\plataforma-pastores\\src\\app\\(dashboard)\\credenciales\\[id]\\edit\\page.tsx"
2025-10-19T08:51:24.185819Z  INFO scan_sources: tailwindcss_oxide::scanner: Discovering "C:\\plataforma-pastores\\src\\app\\(dashboard)\\iglesias"
2025-10-19T08:51:24.185947Z  INFO scan_sources: tailwindcss_oxide::scanner: Discovering "C:\\plataforma-pastores\\src\\app\\(dashboard)\\iglesias\\new"
2025-10-19T08:51:24.186052Z  INFO scan_sources: tailwindcss_oxide::scanner: Discovering "C:\\plataforma-pastores\\src\\app\\(dashboard)\\iglesias\\new\\actions.ts"
2025-10-19T08:51:24.186125Z  INFO scan_sources: tailwindcss_oxide::scanner: Discovering "C:\\plataforma-pastores\\src\\app\\(dashboard)\\iglesias\\new\\page.tsx"
2025-10-19T08:51:24.186475Z  INFO scan_sources: tailwindcss_oxide::scanner: Discovering "C:\\plataforma-pastores\\src\\app\\(dashboard)\\iglesias\\page.tsx"
2025-10-19T08:51:24.186587Z  INFO scan_sources: tailwindcss_oxide::scanner: Discovering "C:\\plataforma-pastores\\src\\app\\(dashboard)\\iglesias\\[id]"
2025-10-19T08:51:24.186727Z  INFO scan_sources: tailwindcss_oxide::scanner: Discovering "C:\\plataforma-pastores\\src\\app\\(dashboard)\\iglesias\\[id]\\edit"
2025-10-19T08:51:24.186830Z  INFO scan_sources: tailwindcss_oxide::scanner: Discovering "C:\\plataforma-pastores\\src\\app\\(dashboard)\\iglesias\\[id]\\edit\\actions.ts"
2025-10-19T08:51:24.186883Z  INFO scan_sources: tailwindcss_oxide::scanner: Discovering "C:\\plataforma-pastores\\src\\app\\(dashboard)\\iglesias\\[id]\\edit\\page.tsx"
2025-10-19T08:51:24.186982Z  INFO scan_sources: tailwindcss_oxide::scanner: Discovering "C:\\plataforma-pastores\\src\\app\\(dashboard)\\layout.tsx"
2025-10-19T08:51:24.187065Z  INFO scan_sources: tailwindcss_oxide::scanner: Discovering "C:\\plataforma-pastores\\src\\app\\(dashboard)\\page.tsx"
2025-10-19T08:51:24.187155Z  INFO scan_sources: tailwindcss_oxide::scanner: Discovering "C:\\plataforma-pastores\\src\\app\\(dashboard)\\pastores"
2025-10-19T08:51:24.187291Z  INFO scan_sources: tailwindcss_oxide::scanner: Discovering "C:\\plataforma-pastores\\src\\app\\(dashboard)\\pastores\\new"
2025-10-19T08:51:24.187638Z  INFO scan_sources: tailwindcss_oxide::scanner: Discovering "C:\\plataforma-pastores\\src\\app\\(dashboard)\\pastores\\new\\actions.ts"
2025-10-19T08:51:24.187726Z  INFO scan_sources: tailwindcss_oxide::scanner: Discovering "C:\\plataforma-pastores\\src\\app\\(dashboard)\\pastores\\new\\page.tsx"
2025-10-19T08:51:24.187869Z  INFO scan_sources: tailwindcss_oxide::scanner: Discovering "C:\\plataforma-pastores\\src\\app\\(dashboard)\\pastores\\page.tsx"
2025-10-19T08:51:24.187965Z  INFO scan_sources: tailwindcss_oxide::scanner: Discovering "C:\\plataforma-pastores\\src\\app\\(dashboard)\\pastores\\[id]"
2025-10-19T08:51:24.188099Z  INFO scan_sources: tailwindcss_oxide::scanner: Discovering "C:\\plataforma-pastores\\src\\app\\(dashboard)\\pastores\\[id]\\edit"
2025-10-19T08:51:24.188199Z  INFO scan_sources: tailwindcss_oxide::scanner: Discovering "C:\\plataforma-pastores\\src\\app\\(dashboard)\\pastores\\[id]\\edit\\actions.ts"
2025-10-19T08:51:24.188251Z  INFO scan_sources: tailwindcss_oxide::scanner: Discovering "C:\\plataforma-pastores\\src\\app\\(dashboard)\\pastores\\[id]\\edit\\page.tsx"
2025-10-19T08:51:24.188453Z  INFO scan_sources: tailwindcss_oxide::scanner: Discovering "C:\\plataforma-pastores\\src\\app\\403"
2025-10-19T08:51:24.188581Z  INFO scan_sources: tailwindcss_oxide::scanner: Discovering "C:\\plataforma-pastores\\src\\app\\403\\page.tsx"
2025-10-19T08:51:24.188703Z  INFO scan_sources: tailwindcss_oxide::scanner: Discovering "C:\\plataforma-pastores\\src\\app\\api"
2025-10-19T08:51:24.188888Z  INFO scan_sources: tailwindcss_oxide::scanner: Discovering "C:\\plataforma-pastores\\src\\app\\api\\auth"
2025-10-19T08:51:24.189075Z  INFO scan_sources: tailwindcss_oxide::scanner: Discovering "C:\\plataforma-pastores\\src\\app\\api\\auth\\[...nextauth]"
2025-10-19T08:51:24.189268Z  INFO scan_sources: tailwindcss_oxide::scanner: Discovering "C:\\plataforma-pastores\\src\\app\\api\\auth\\[...nextauth]\\route.ts"
2025-10-19T08:51:24.189433Z  INFO scan_sources: tailwindcss_oxide::scanner: Discovering "C:\\plataforma-pastores\\src\\app\\api\\dev"
2025-10-19T08:51:24.189583Z  INFO scan_sources: tailwindcss_oxide::scanner: Discovering "C:\\plataforma-pastores\\src\\app\\api\\dev\\dbcheck"
2025-10-19T08:51:24.189735Z  INFO scan_sources: tailwindcss_oxide::scanner: Discovering "C:\\plataforma-pastores\\src\\app\\api\\dev\\dbcheck\\route.ts"
2025-10-19T08:51:24.189885Z  INFO scan_sources: tailwindcss_oxide::scanner: Discovering "C:\\plataforma-pastores\\src\\app\\globals.css"
2025-10-19T08:51:24.189969Z  INFO scan_sources: tailwindcss_oxide::scanner: Discovering "C:\\plataforma-pastores\\src\\app\\layout.tsx"
2025-10-19T08:51:24.190022Z  INFO scan_sources: tailwindcss_oxide::scanner: Discovering "C:\\plataforma-pastores\\src\\app\\page.tsx"
2025-10-19T08:51:24.190132Z  INFO scan_sources: tailwindcss_oxide::scanner: Discovering "C:\\plataforma-pastores\\src\\lib"
2025-10-19T08:51:24.190240Z  INFO scan_sources: tailwindcss_oxide::scanner: Discovering "C:\\plataforma-pastores\\src\\lib\\prisma.ts"
2025-10-19T08:51:24.190348Z  INFO scan_sources: tailwindcss_oxide::scanner: Discovering "C:\\plataforma-pastores\\src\\middleware.ts"
2025-10-19T08:51:24.190456Z  INFO scan_sources: tailwindcss_oxide::scanner: Discovering "C:\\plataforma-pastores\\tsconfig.json"
2025-10-19T08:51:24.190558Z  INFO scan_sources: tailwindcss_oxide::scanner: exit
2025-10-19T08:51:24.190567Z  INFO extract_candidates: tailwindcss_oxide::scanner: enter
2025-10-19T08:51:24.190576Z  INFO extract_candidates:read_all_files: tailwindcss_oxide::scanner: enter
2025-10-19T08:51:24.190589Z  INFO extract_candidates:read_all_files: tailwindcss_oxide::scanner: Reading 46 file(s)
2025-10-19T08:51:24.191227Z  INFO tailwindcss_oxide::scanner: Reading "C:\\plataforma-pastores\\prisma\\migrations\\migration_lock.toml"
2025-10-19T08:51:24.191227Z  INFO tailwindcss_oxide::scanner: Reading "C:\\plataforma-pastores\\src\\app\\(dashboard)\\credenciales\\page.tsx"
2025-10-19T08:51:24.191243Z  INFO tailwindcss_oxide::scanner: Reading "C:\\plataforma-pastores\\postcss.config.mjs"
2025-10-19T08:51:24.191251Z  INFO tailwindcss_oxide::scanner: Reading "C:\\plataforma-pastores\\src\\app\\(dashboard)\\iglesias\\page.tsx"
2025-10-19T08:51:24.191254Z  INFO tailwindcss_oxide::scanner: Reading "C:\\plataforma-pastores\\docker-compose.yml"
2025-10-19T08:51:24.191287Z  INFO tailwindcss_oxide::scanner: Reading "C:\\plataforma-pastores\\src\\app\\(dashboard)\\credenciales\\[id]\\edit\\actions.ts"
2025-10-19T08:51:24.191303Z  INFO tailwindcss_oxide::scanner: Reading "C:\\plataforma-pastores\\prisma\\schema.prisma"
2025-10-19T08:51:24.191303Z  INFO tailwindcss_oxide::scanner: Reading "C:\\plataforma-pastores\\public\\window.svg"
2025-10-19T08:51:24.191289Z  INFO tailwindcss_oxide::scanner: Reading "C:\\plataforma-pastores\\src\\app\\(dashboard)\\pastores\\new\\page.tsx"
2025-10-19T08:51:24.191330Z  INFO tailwindcss_oxide::scanner: Reading "C:\\plataforma-pastores\\src\\app\\(dashboard)\\iglesias\\[id]\\edit\\actions.ts"
2025-10-19T08:51:24.191327Z  INFO tailwindcss_oxide::scanner: Reading "C:\\plataforma-pastores\\prisma\\migrations\\20251016203616_init\\migration.sql"
2025-10-19T08:51:24.191363Z  INFO tailwindcss_oxide::scanner: Reading "C:\\plataforma-pastores\\src\\app\\(dashboard)\\iglesias\\new\\actions.ts"
2025-10-19T08:51:24.191379Z  INFO tailwindcss_oxide::scanner: Reading "C:\\plataforma-pastores\\init.sql"
2025-10-19T08:51:24.191405Z  INFO tailwindcss_oxide::scanner: Reading "C:\\plataforma-pastores\\src\\app\\(dashboard)\\iglesias\\[id]\\edit\\page.tsx"
2025-10-19T08:51:24.191306Z  INFO tailwindcss_oxide::scanner: Reading "C:\\plataforma-pastores\\src\\app\\(dashboard)\\credenciales\\[id]\\edit\\page.tsx"
2025-10-19T08:51:24.191419Z  INFO tailwindcss_oxide::scanner: Reading "C:\\plataforma-pastores\\README.md"
2025-10-19T08:51:24.191420Z  INFO tailwindcss_oxide::scanner: Reading "C:\\plataforma-pastores\\src\\app\\(dashboard)\\pastores\\page.tsx"
2025-10-19T08:51:24.191451Z  INFO tailwindcss_oxide::scanner: Reading "C:\\plataforma-pastores\\public\\file.svg"
2025-10-19T08:51:24.191430Z  INFO tailwindcss_oxide::scanner: Reading "C:\\plataforma-pastores\\src\\app\\api\\dev\\dbcheck\\route.ts"
2025-10-19T08:51:24.191455Z  INFO tailwindcss_oxide::scanner: Reading "C:\\plataforma-pastores\\src\\app\\(dashboard)\\iglesias\\new\\page.tsx"
2025-10-19T08:51:24.191494Z  INFO tailwindcss_oxide::scanner: Reading "C:\\plataforma-pastores\\src\\app\\(dashboard)\\pastores\\[id]\\edit\\page.tsx"
2025-10-19T08:51:24.191512Z  INFO tailwindcss_oxide::scanner: Reading "C:\\plataforma-pastores\\public\\globe.svg"
2025-10-19T08:51:24.191454Z  INFO tailwindcss_oxide::scanner: Reading "C:\\plataforma-pastores\\prisma\\migrations\\20251017035010_init\\migration.sql"
2025-10-19T08:51:24.191525Z  INFO tailwindcss_oxide::scanner: Reading "C:\\plataforma-pastores\\scripts\\activate.js"
2025-10-19T08:51:24.191430Z  INFO tailwindcss_oxide::scanner: Reading "C:\\plataforma-pastores\\prisma\\migrations\\20251017044508_add_email_verified_to_user\\migration.sql"
2025-10-19T08:51:24.191466Z  INFO tailwindcss_oxide::scanner: Reading "C:\\plataforma-pastores\\src\\app\\(dashboard)\\layout.tsx"
2025-10-19T08:51:24.191547Z  INFO tailwindcss_oxide::scanner: Reading "C:\\plataforma-pastores\\init_full.sql"
2025-10-19T08:51:24.191546Z  INFO tailwindcss_oxide::scanner: Reading "C:\\plataforma-pastores\\next.config.ts"
2025-10-19T08:51:24.191455Z  INFO tailwindcss_oxide::scanner: Reading "C:\\plataforma-pastores\\scripts\\cleanup.js"
2025-10-19T08:51:24.191581Z  INFO tailwindcss_oxide::scanner: Reading "C:\\plataforma-pastores\\src\\app\\(dashboard)\\page.tsx"
2025-10-19T08:51:24.191637Z  INFO tailwindcss_oxide::scanner: Reading "C:\\plataforma-pastores\\src\\app\\api\\auth\\[...nextauth]\\route.ts"
2025-10-19T08:51:24.191582Z  INFO tailwindcss_oxide::scanner: Reading "C:\\plataforma-pastores\\src\\app\\403\\page.tsx"
2025-10-19T08:51:24.191665Z  INFO tailwindcss_oxide::scanner: Reading "C:\\plataforma-pastores\\src\\app\\page.tsx"
2025-10-19T08:51:24.191574Z  INFO tailwindcss_oxide::scanner: Reading "C:\\plataforma-pastores\\public\\next.svg"
2025-10-19T08:51:24.191688Z  INFO tailwindcss_oxide::scanner: Reading "C:\\plataforma-pastores\\package.json"
2025-10-19T08:51:24.191588Z  INFO tailwindcss_oxide::scanner: Reading "C:\\plataforma-pastores\\public\\vercel.svg"
2025-10-19T08:51:24.191608Z  INFO tailwindcss_oxide::scanner: Reading "C:\\plataforma-pastores\\src\\app\\(dashboard)\\pastores\\new\\actions.ts"
2025-10-19T08:51:24.191608Z  INFO tailwindcss_oxide::scanner: Reading "C:\\plataforma-pastores\\prisma\\migrations\\20251019042938_add_usuario_activo\\migration.sql"
2025-10-19T08:51:24.191604Z  INFO tailwindcss_oxide::scanner: Reading "C:\\plataforma-pastores\\src\\app\\(dashboard)\\credenciales\\new\\actions.ts"
2025-10-19T08:51:24.191620Z  INFO tailwindcss_oxide::scanner: Reading "C:\\plataforma-pastores\\src\\app\\(dashboard)\\credenciales\\new\\page.tsx"
2025-10-19T08:51:24.191578Z  INFO tailwindcss_oxide::scanner: Reading "C:\\plataforma-pastores\\src\\app\\layout.tsx"
2025-10-19T08:51:24.191652Z  INFO tailwindcss_oxide::scanner: Reading "C:\\plataforma-pastores\\src\\lib\\prisma.ts"
2025-10-19T08:51:24.191525Z  INFO tailwindcss_oxide::scanner: Reading "C:\\plataforma-pastores\\src\\app\\(dashboard)\\pastores\\[id]\\edit\\actions.ts"
2025-10-19T08:51:24.191694Z  INFO tailwindcss_oxide::scanner: Reading "C:\\plataforma-pastores\\src\\middleware.ts"
2025-10-19T08:51:24.191712Z  INFO tailwindcss_oxide::scanner: Reading "C:\\plataforma-pastores\\prisma\\migrations\\20251019050047_enable_foreign_keys\\migration.sql"
2025-10-19T08:51:24.191721Z  INFO tailwindcss_oxide::scanner: Reading "C:\\plataforma-pastores\\tsconfig.json"
2025-10-19T08:51:24.191878Z  INFO extract_candidates:read_all_files: tailwindcss_oxide::scanner: exit
2025-10-19T08:51:24.191890Z  INFO extract_candidates:parse_all_blobs: tailwindcss_oxide::scanner: enter
2025-10-19T08:51:24.191896Z  INFO extract_candidates:parse_all_blobs:extract: tailwindcss_oxide::scanner: enter
2025-10-19T08:51:24.192481Z  INFO extract_candidates:parse_all_blobs:extract: tailwindcss_oxide::scanner: exit
2025-10-19T08:51:24.192497Z  INFO extract_candidates:parse_all_blobs: tailwindcss_oxide::scanner: exit
2025-10-19T08:51:24.192501Z  INFO extract_candidates:read_all_files: tailwindcss_oxide::scanner: enter
2025-10-19T08:51:24.192504Z  INFO extract_candidates:read_all_files: tailwindcss_oxide::scanner: Reading 1 file(s)
2025-10-19T08:51:24.192554Z  INFO extract_candidates:read_all_files: tailwindcss_oxide::scanner: Reading "C:\\plataforma-pastores\\src\\app\\globals.css"
2025-10-19T08:51:24.192561Z  INFO extract_candidates:read_all_files: tailwindcss_oxide::scanner: exit
2025-10-19T08:51:24.192567Z  INFO extract_candidates:extract_css_variables: tailwindcss_oxide::scanner: enter
2025-10-19T08:51:24.192570Z  INFO extract_candidates:extract_css_variables:extract: tailwindcss_oxide::scanner: enter
2025-10-19T08:51:24.192668Z  INFO extract_candidates:extract_css_variables:extract: tailwindcss_oxide::scanner: exit
2025-10-19T08:51:24.192679Z  INFO extract_candidates:extract_css_variables: tailwindcss_oxide::scanner: exit
2025-10-19T08:51:24.192957Z  INFO extract_candidates: tailwindcss_oxide::scanner: exit
2025-10-19T08:51:24.193435Z  INFO get_files: tailwindcss_oxide::scanner: enter
2025-10-19T08:51:24.193448Z  INFO get_files:scan_sources: tailwindcss_oxide::scanner: enter
2025-10-19T08:51:24.195100Z  INFO get_files:scan_sources: tailwindcss_oxide::scanner: Discovering "C:\\plataforma-pastores\\prisma"
2025-10-19T08:51:24.195306Z  INFO get_files:scan_sources: tailwindcss_oxide::scanner: Discovering "C:\\plataforma-pastores\\prisma\\migrations"
2025-10-19T08:51:24.195468Z  INFO get_files:scan_sources: tailwindcss_oxide::scanner: Discovering "C:\\plataforma-pastores\\prisma\\migrations\\20251016203616_init"
2025-10-19T08:51:24.195693Z  INFO get_files:scan_sources: tailwindcss_oxide::scanner: Discovering "C:\\plataforma-pastores\\prisma\\migrations\\20251017035010_init"
2025-10-19T08:51:24.196001Z  INFO get_files:scan_sources: tailwindcss_oxide::scanner: Discovering "C:\\plataforma-pastores\\prisma\\migrations\\20251017044508_add_email_verified_to_user"
2025-10-19T08:51:24.196199Z  INFO get_files:scan_sources: tailwindcss_oxide::scanner: Discovering "C:\\plataforma-pastores\\prisma\\migrations\\20251019042938_add_usuario_activo"
2025-10-19T08:51:24.196373Z  INFO get_files:scan_sources: tailwindcss_oxide::scanner: Discovering "C:\\plataforma-pastores\\prisma\\migrations\\20251019050047_enable_foreign_keys"
2025-10-19T08:51:24.196638Z  INFO get_files:scan_sources: tailwindcss_oxide::scanner: Discovering "C:\\plataforma-pastores\\public"
2025-10-19T08:51:24.197026Z  INFO get_files:scan_sources: tailwindcss_oxide::scanner: Discovering "C:\\plataforma-pastores\\scripts"
2025-10-19T08:51:24.197230Z  INFO get_files:scan_sources: tailwindcss_oxide::scanner: Discovering "C:\\plataforma-pastores\\src"
2025-10-19T08:51:24.197403Z  INFO get_files:scan_sources: tailwindcss_oxide::scanner: Discovering "C:\\plataforma-pastores\\src\\app"
2025-10-19T08:51:24.197541Z  INFO get_files:scan_sources: tailwindcss_oxide::scanner: Discovering "C:\\plataforma-pastores\\src\\app\\(dashboard)"
2025-10-19T08:51:24.197674Z  INFO get_files:scan_sources: tailwindcss_oxide::scanner: Discovering "C:\\plataforma-pastores\\src\\app\\(dashboard)\\credenciales"
2025-10-19T08:51:24.197814Z  INFO get_files:scan_sources: tailwindcss_oxide::scanner: Discovering "C:\\plataforma-pastores\\src\\app\\(dashboard)\\credenciales\\new"
2025-10-19T08:51:24.198127Z  INFO get_files:scan_sources: tailwindcss_oxide::scanner: Discovering "C:\\plataforma-pastores\\src\\app\\(dashboard)\\credenciales\\[id]"
2025-10-19T08:51:24.198261Z  INFO get_files:scan_sources: tailwindcss_oxide::scanner: Discovering "C:\\plataforma-pastores\\src\\app\\(dashboard)\\credenciales\\[id]\\edit"
2025-10-19T08:51:24.198487Z  INFO get_files:scan_sources: tailwindcss_oxide::scanner: Discovering "C:\\plataforma-pastores\\src\\app\\(dashboard)\\iglesias"
2025-10-19T08:51:24.198613Z  INFO get_files:scan_sources: tailwindcss_oxide::scanner: Discovering "C:\\plataforma-pastores\\src\\app\\(dashboard)\\iglesias\\new"
2025-10-19T08:51:24.198831Z  INFO get_files:scan_sources: tailwindcss_oxide::scanner: Discovering "C:\\plataforma-pastores\\src\\app\\(dashboard)\\iglesias\\[id]"
2025-10-19T08:51:24.198956Z  INFO get_files:scan_sources: tailwindcss_oxide::scanner: Discovering "C:\\plataforma-pastores\\src\\app\\(dashboard)\\iglesias\\[id]\\edit"
2025-10-19T08:51:24.199225Z  INFO get_files:scan_sources: tailwindcss_oxide::scanner: Discovering "C:\\plataforma-pastores\\src\\app\\(dashboard)\\pastores"
2025-10-19T08:51:24.199348Z  INFO get_files:scan_sources: tailwindcss_oxide::scanner: Discovering "C:\\plataforma-pastores\\src\\app\\(dashboard)\\pastores\\new"
2025-10-19T08:51:24.199560Z  INFO get_files:scan_sources: tailwindcss_oxide::scanner: Discovering "C:\\plataforma-pastores\\src\\app\\(dashboard)\\pastores\\[id]"
2025-10-19T08:51:24.199727Z  INFO get_files:scan_sources: tailwindcss_oxide::scanner: Discovering "C:\\plataforma-pastores\\src\\app\\(dashboard)\\pastores\\[id]\\edit"
2025-10-19T08:51:24.200001Z  INFO get_files:scan_sources: tailwindcss_oxide::scanner: Discovering "C:\\plataforma-pastores\\src\\app\\403"
2025-10-19T08:51:24.200171Z  INFO get_files:scan_sources: tailwindcss_oxide::scanner: Discovering "C:\\plataforma-pastores\\src\\app\\api"
2025-10-19T08:51:24.200309Z  INFO get_files:scan_sources: tailwindcss_oxide::scanner: Discovering "C:\\plataforma-pastores\\src\\app\\api\\auth"
2025-10-19T08:51:24.200434Z  INFO get_files:scan_sources: tailwindcss_oxide::scanner: Discovering "C:\\plataforma-pastores\\src\\app\\api\\auth\\[...nextauth]"
2025-10-19T08:51:24.200622Z  INFO get_files:scan_sources: tailwindcss_oxide::scanner: Discovering "C:\\plataforma-pastores\\src\\app\\api\\dev"
2025-10-19T08:51:24.200760Z  INFO get_files:scan_sources: tailwindcss_oxide::scanner: Discovering "C:\\plataforma-pastores\\src\\app\\api\\dev\\dbcheck"
2025-10-19T08:51:24.201114Z  INFO get_files:scan_sources: tailwindcss_oxide::scanner: Discovering "C:\\plataforma-pastores\\src\\lib"
2025-10-19T08:51:24.201409Z  INFO get_files:scan_sources: tailwindcss_oxide::scanner: exit
2025-10-19T08:51:24.201535Z  INFO get_files: tailwindcss_oxide::scanner: exit
2025-10-19T08:51:24.201726Z  INFO get_globs: tailwindcss_oxide::scanner: enter
2025-10-19T08:51:24.201733Z  INFO get_globs:scan_sources: tailwindcss_oxide::scanner: enter
2025-10-19T08:51:24.202939Z  INFO get_globs:scan_sources: tailwindcss_oxide::scanner: Discovering "C:\\plataforma-pastores\\prisma"
2025-10-19T08:51:24.203071Z  INFO get_globs:scan_sources: tailwindcss_oxide::scanner: Discovering "C:\\plataforma-pastores\\prisma\\migrations"
2025-10-19T08:51:24.203217Z  INFO get_globs:scan_sources: tailwindcss_oxide::scanner: Discovering "C:\\plataforma-pastores\\prisma\\migrations\\20251016203616_init"
2025-10-19T08:51:24.203390Z  INFO get_globs:scan_sources: tailwindcss_oxide::scanner: Discovering "C:\\plataforma-pastores\\prisma\\migrations\\20251017035010_init"
2025-10-19T08:51:24.203561Z  INFO get_globs:scan_sources: tailwindcss_oxide::scanner: Discovering "C:\\plataforma-pastores\\prisma\\migrations\\20251017044508_add_email_verified_to_user"
2025-10-19T08:51:24.203730Z  INFO get_globs:scan_sources: tailwindcss_oxide::scanner: Discovering "C:\\plataforma-pastores\\prisma\\migrations\\20251019042938_add_usuario_activo"
2025-10-19T08:51:24.203901Z  INFO get_globs:scan_sources: tailwindcss_oxide::scanner: Discovering "C:\\plataforma-pastores\\prisma\\migrations\\20251019050047_enable_foreign_keys"
2025-10-19T08:51:24.204148Z  INFO get_globs:scan_sources: tailwindcss_oxide::scanner: Discovering "C:\\plataforma-pastores\\public"
2025-10-19T08:51:24.204435Z  INFO get_globs:scan_sources: tailwindcss_oxide::scanner: Discovering "C:\\plataforma-pastores\\scripts"
2025-10-19T08:51:24.204621Z  INFO get_globs:scan_sources: tailwindcss_oxide::scanner: Discovering "C:\\plataforma-pastores\\src"
2025-10-19T08:51:24.204741Z  INFO get_globs:scan_sources: tailwindcss_oxide::scanner: Discovering "C:\\plataforma-pastores\\src\\app"
2025-10-19T08:51:24.204866Z  INFO get_globs:scan_sources: tailwindcss_oxide::scanner: Discovering "C:\\plataforma-pastores\\src\\app\\(dashboard)"
2025-10-19T08:51:24.204996Z  INFO get_globs:scan_sources: tailwindcss_oxide::scanner: Discovering "C:\\plataforma-pastores\\src\\app\\(dashboard)\\credenciales"
2025-10-19T08:51:24.205123Z  INFO get_globs:scan_sources: tailwindcss_oxide::scanner: Discovering "C:\\plataforma-pastores\\src\\app\\(dashboard)\\credenciales\\new"
2025-10-19T08:51:24.205345Z  INFO get_globs:scan_sources: tailwindcss_oxide::scanner: Discovering "C:\\plataforma-pastores\\src\\app\\(dashboard)\\credenciales\\[id]"
2025-10-19T08:51:24.205467Z  INFO get_globs:scan_sources: tailwindcss_oxide::scanner: Discovering "C:\\plataforma-pastores\\src\\app\\(dashboard)\\credenciales\\[id]\\edit"
2025-10-19T08:51:24.205681Z  INFO get_globs:scan_sources: tailwindcss_oxide::scanner: Discovering "C:\\plataforma-pastores\\src\\app\\(dashboard)\\iglesias"
2025-10-19T08:51:24.205808Z  INFO get_globs:scan_sources: tailwindcss_oxide::scanner: Discovering "C:\\plataforma-pastores\\src\\app\\(dashboard)\\iglesias\\new"
2025-10-19T08:51:24.206025Z  INFO get_globs:scan_sources: tailwindcss_oxide::scanner: Discovering "C:\\plataforma-pastores\\src\\app\\(dashboard)\\iglesias\\[id]"
2025-10-19T08:51:24.206154Z  INFO get_globs:scan_sources: tailwindcss_oxide::scanner: Discovering "C:\\plataforma-pastores\\src\\app\\(dashboard)\\iglesias\\[id]\\edit"
2025-10-19T08:51:24.206423Z  INFO get_globs:scan_sources: tailwindcss_oxide::scanner: Discovering "C:\\plataforma-pastores\\src\\app\\(dashboard)\\pastores"
2025-10-19T08:51:24.206559Z  INFO get_globs:scan_sources: tailwindcss_oxide::scanner: Discovering "C:\\plataforma-pastores\\src\\app\\(dashboard)\\pastores\\new"
2025-10-19T08:51:24.206777Z  INFO get_globs:scan_sources: tailwindcss_oxide::scanner: Discovering "C:\\plataforma-pastores\\src\\app\\(dashboard)\\pastores\\[id]"
2025-10-19T08:51:24.206901Z  INFO get_globs:scan_sources: tailwindcss_oxide::scanner: Discovering "C:\\plataforma-pastores\\src\\app\\(dashboard)\\pastores\\[id]\\edit"
2025-10-19T08:51:24.207136Z  INFO get_globs:scan_sources: tailwindcss_oxide::scanner: Discovering "C:\\plataforma-pastores\\src\\app\\403"
2025-10-19T08:51:24.207316Z  INFO get_globs:scan_sources: tailwindcss_oxide::scanner: Discovering "C:\\plataforma-pastores\\src\\app\\api"
2025-10-19T08:51:24.207443Z  INFO get_globs:scan_sources: tailwindcss_oxide::scanner: Discovering "C:\\plataforma-pastores\\src\\app\\api\\auth"
2025-10-19T08:51:24.207567Z  INFO get_globs:scan_sources: tailwindcss_oxide::scanner: Discovering "C:\\plataforma-pastores\\src\\app\\api\\auth\\[...nextauth]"
2025-10-19T08:51:24.207748Z  INFO get_globs:scan_sources: tailwindcss_oxide::scanner: Discovering "C:\\plataforma-pastores\\src\\app\\api\\dev"
2025-10-19T08:51:24.207870Z  INFO get_globs:scan_sources: tailwindcss_oxide::scanner: Discovering "C:\\plataforma-pastores\\src\\app\\api\\dev\\dbcheck"
2025-10-19T08:51:24.208300Z  INFO get_globs:scan_sources: tailwindcss_oxide::scanner: Discovering "C:\\plataforma-pastores\\src\\lib"
2025-10-19T08:51:24.208624Z  INFO get_globs:scan_sources: tailwindcss_oxide::scanner: exit
2025-10-19T08:51:24.213627Z  INFO get_globs: tailwindcss_oxide::scanner: exit
2025-10-19T08:52:56.008085Z  INFO scan_sources: tailwindcss_oxide::scanner: enter
2025-10-19T08:52:56.009364Z  INFO scan_sources: tailwindcss_oxide::scanner: Discovering "C:\\plataforma-pastores\\prisma"
2025-10-19T08:52:56.009496Z  INFO scan_sources: tailwindcss_oxide::scanner: Discovering "C:\\plataforma-pastores\\prisma\\migrations"
2025-10-19T08:52:56.009627Z  INFO scan_sources: tailwindcss_oxide::scanner: Discovering "C:\\plataforma-pastores\\prisma\\migrations\\20251016203616_init"
2025-10-19T08:52:56.009801Z  INFO scan_sources: tailwindcss_oxide::scanner: Discovering "C:\\plataforma-pastores\\prisma\\migrations\\20251017035010_init"
2025-10-19T08:52:56.009972Z  INFO scan_sources: tailwindcss_oxide::scanner: Discovering "C:\\plataforma-pastores\\prisma\\migrations\\20251017044508_add_email_verified_to_user"
2025-10-19T08:52:56.010138Z  INFO scan_sources: tailwindcss_oxide::scanner: Discovering "C:\\plataforma-pastores\\prisma\\migrations\\20251019042938_add_usuario_activo"
2025-10-19T08:52:56.010317Z  INFO scan_sources: tailwindcss_oxide::scanner: Discovering "C:\\plataforma-pastores\\prisma\\migrations\\20251019050047_enable_foreign_keys"
2025-10-19T08:52:56.010567Z  INFO scan_sources: tailwindcss_oxide::scanner: Discovering "C:\\plataforma-pastores\\public"
2025-10-19T08:52:56.010853Z  INFO scan_sources: tailwindcss_oxide::scanner: Discovering "C:\\plataforma-pastores\\scripts"
2025-10-19T08:52:56.011037Z  INFO scan_sources: tailwindcss_oxide::scanner: Discovering "C:\\plataforma-pastores\\src"
2025-10-19T08:52:56.011157Z  INFO scan_sources: tailwindcss_oxide::scanner: Discovering "C:\\plataforma-pastores\\src\\app"
2025-10-19T08:52:56.011280Z  INFO scan_sources: tailwindcss_oxide::scanner: Discovering "C:\\plataforma-pastores\\src\\app\\(dashboard)"
2025-10-19T08:52:56.011411Z  INFO scan_sources: tailwindcss_oxide::scanner: Discovering "C:\\plataforma-pastores\\src\\app\\(dashboard)\\credenciales"
2025-10-19T08:52:56.011535Z  INFO scan_sources: tailwindcss_oxide::scanner: Discovering "C:\\plataforma-pastores\\src\\app\\(dashboard)\\credenciales\\new"
2025-10-19T08:52:56.011750Z  INFO scan_sources: tailwindcss_oxide::scanner: Discovering "C:\\plataforma-pastores\\src\\app\\(dashboard)\\credenciales\\[id]"
2025-10-19T08:52:56.011873Z  INFO scan_sources: tailwindcss_oxide::scanner: Discovering "C:\\plataforma-pastores\\src\\app\\(dashboard)\\credenciales\\[id]\\edit"
2025-10-19T08:52:56.012134Z  INFO scan_sources: tailwindcss_oxide::scanner: Discovering "C:\\plataforma-pastores\\src\\app\\(dashboard)\\iglesias"
2025-10-19T08:52:56.012272Z  INFO scan_sources: tailwindcss_oxide::scanner: Discovering "C:\\plataforma-pastores\\src\\app\\(dashboard)\\iglesias\\new"
2025-10-19T08:52:56.012485Z  INFO scan_sources: tailwindcss_oxide::scanner: Discovering "C:\\plataforma-pastores\\src\\app\\(dashboard)\\iglesias\\[id]"
2025-10-19T08:52:56.012608Z  INFO scan_sources: tailwindcss_oxide::scanner: Discovering "C:\\plataforma-pastores\\src\\app\\(dashboard)\\iglesias\\[id]\\edit"
2025-10-19T08:52:56.012885Z  INFO scan_sources: tailwindcss_oxide::scanner: Discovering "C:\\plataforma-pastores\\src\\app\\(dashboard)\\pastores"
2025-10-19T08:52:56.013004Z  INFO scan_sources: tailwindcss_oxide::scanner: Discovering "C:\\plataforma-pastores\\src\\app\\(dashboard)\\pastores\\new"
2025-10-19T08:52:56.013117Z  INFO scan_sources: tailwindcss_oxide::scanner: Discovering "C:\\plataforma-pastores\\src\\app\\(dashboard)\\pastores\\new\\page.tsx"
2025-10-19T08:52:56.013235Z  INFO scan_sources: tailwindcss_oxide::scanner: Discovering "C:\\plataforma-pastores\\src\\app\\(dashboard)\\pastores\\[id]"
2025-10-19T08:52:56.013353Z  INFO scan_sources: tailwindcss_oxide::scanner: Discovering "C:\\plataforma-pastores\\src\\app\\(dashboard)\\pastores\\[id]\\edit"
2025-10-19T08:52:56.013574Z  INFO scan_sources: tailwindcss_oxide::scanner: Discovering "C:\\plataforma-pastores\\src\\app\\403"
2025-10-19T08:52:56.013734Z  INFO scan_sources: tailwindcss_oxide::scanner: Discovering "C:\\plataforma-pastores\\src\\app\\api"
2025-10-19T08:52:56.013852Z  INFO scan_sources: tailwindcss_oxide::scanner: Discovering "C:\\plataforma-pastores\\src\\app\\api\\auth"
2025-10-19T08:52:56.013971Z  INFO scan_sources: tailwindcss_oxide::scanner: Discovering "C:\\plataforma-pastores\\src\\app\\api\\auth\\[...nextauth]"
2025-10-19T08:52:56.014148Z  INFO scan_sources: tailwindcss_oxide::scanner: Discovering "C:\\plataforma-pastores\\src\\app\\api\\dev"
2025-10-19T08:52:56.014275Z  INFO scan_sources: tailwindcss_oxide::scanner: Discovering "C:\\plataforma-pastores\\src\\app\\api\\dev\\dbcheck"
2025-10-19T08:52:56.014551Z  INFO scan_sources: tailwindcss_oxide::scanner: Discovering "C:\\plataforma-pastores\\src\\lib"
2025-10-19T08:52:56.014790Z  INFO scan_sources: tailwindcss_oxide::scanner: exit
2025-10-19T08:52:56.014799Z  INFO extract_candidates: tailwindcss_oxide::scanner: enter
2025-10-19T08:52:56.014803Z  INFO extract_candidates:read_all_files: tailwindcss_oxide::scanner: enter
2025-10-19T08:52:56.014806Z  INFO extract_candidates:read_all_files: tailwindcss_oxide::scanner: Reading 1 file(s)
2025-10-19T08:52:56.014845Z  INFO extract_candidates:read_all_files: tailwindcss_oxide::scanner: Reading "C:\\plataforma-pastores\\src\\app\\(dashboard)\\pastores\\new\\page.tsx"
2025-10-19T08:52:56.014852Z  INFO extract_candidates:read_all_files: tailwindcss_oxide::scanner: exit
2025-10-19T08:52:56.014856Z  INFO extract_candidates:parse_all_blobs: tailwindcss_oxide::scanner: enter
2025-10-19T08:52:56.014859Z  INFO extract_candidates:parse_all_blobs:extract: tailwindcss_oxide::scanner: enter
2025-10-19T08:52:56.014993Z  INFO extract_candidates:parse_all_blobs:extract: tailwindcss_oxide::scanner: exit
2025-10-19T08:52:56.015009Z  INFO extract_candidates:parse_all_blobs: tailwindcss_oxide::scanner: exit
2025-10-19T08:52:56.015098Z  INFO extract_candidates: tailwindcss_oxide::scanner: exit
2025-10-19T08:52:56.015567Z  INFO get_files: tailwindcss_oxide::scanner: enter
2025-10-19T08:52:56.015578Z  INFO get_files:scan_sources: tailwindcss_oxide::scanner: enter
2025-10-19T08:52:56.017096Z  INFO get_files:scan_sources: tailwindcss_oxide::scanner: Discovering "C:\\plataforma-pastores\\prisma"
2025-10-19T08:52:56.017225Z  INFO get_files:scan_sources: tailwindcss_oxide::scanner: Discovering "C:\\plataforma-pastores\\prisma\\migrations"
2025-10-19T08:52:56.017351Z  INFO get_files:scan_sources: tailwindcss_oxide::scanner: Discovering "C:\\plataforma-pastores\\prisma\\migrations\\20251016203616_init"
2025-10-19T08:52:56.017625Z  INFO get_files:scan_sources: tailwindcss_oxide::scanner: Discovering "C:\\plataforma-pastores\\prisma\\migrations\\20251017035010_init"
2025-10-19T08:52:56.017961Z  INFO get_files:scan_sources: tailwindcss_oxide::scanner: Discovering "C:\\plataforma-pastores\\prisma\\migrations\\20251017044508_add_email_verified_to_user"
2025-10-19T08:52:56.018132Z  INFO get_files:scan_sources: tailwindcss_oxide::scanner: Discovering "C:\\plataforma-pastores\\prisma\\migrations\\20251019042938_add_usuario_activo"
2025-10-19T08:52:56.018301Z  INFO get_files:scan_sources: tailwindcss_oxide::scanner: Discovering "C:\\plataforma-pastores\\prisma\\migrations\\20251019050047_enable_foreign_keys"
2025-10-19T08:52:56.018569Z  INFO get_files:scan_sources: tailwindcss_oxide::scanner: Discovering "C:\\plataforma-pastores\\public"
2025-10-19T08:52:56.018855Z  INFO get_files:scan_sources: tailwindcss_oxide::scanner: Discovering "C:\\plataforma-pastores\\scripts"
2025-10-19T08:52:56.019178Z  INFO get_files:scan_sources: tailwindcss_oxide::scanner: Discovering "C:\\plataforma-pastores\\src"
2025-10-19T08:52:56.019321Z  INFO get_files:scan_sources: tailwindcss_oxide::scanner: Discovering "C:\\plataforma-pastores\\src\\app"
2025-10-19T08:52:56.019595Z  INFO get_files:scan_sources: tailwindcss_oxide::scanner: Discovering "C:\\plataforma-pastores\\src\\app\\(dashboard)"
2025-10-19T08:52:56.019729Z  INFO get_files:scan_sources: tailwindcss_oxide::scanner: Discovering "C:\\plataforma-pastores\\src\\app\\(dashboard)\\credenciales"
2025-10-19T08:52:56.019851Z  INFO get_files:scan_sources: tailwindcss_oxide::scanner: Discovering "C:\\plataforma-pastores\\src\\app\\(dashboard)\\credenciales\\new"
2025-10-19T08:52:56.020310Z  INFO get_files:scan_sources: tailwindcss_oxide::scanner: Discovering "C:\\plataforma-pastores\\src\\app\\(dashboard)\\credenciales\\[id]"
2025-10-19T08:52:56.020459Z  INFO get_files:scan_sources: tailwindcss_oxide::scanner: Discovering "C:\\plataforma-pastores\\src\\app\\(dashboard)\\credenciales\\[id]\\edit"
2025-10-19T08:52:56.020684Z  INFO get_files:scan_sources: tailwindcss_oxide::scanner: Discovering "C:\\plataforma-pastores\\src\\app\\(dashboard)\\iglesias"
2025-10-19T08:52:56.020804Z  INFO get_files:scan_sources: tailwindcss_oxide::scanner: Discovering "C:\\plataforma-pastores\\src\\app\\(dashboard)\\iglesias\\new"
2025-10-19T08:52:56.021012Z  INFO get_files:scan_sources: tailwindcss_oxide::scanner: Discovering "C:\\plataforma-pastores\\src\\app\\(dashboard)\\iglesias\\[id]"
2025-10-19T08:52:56.021131Z  INFO get_files:scan_sources: tailwindcss_oxide::scanner: Discovering "C:\\plataforma-pastores\\src\\app\\(dashboard)\\iglesias\\[id]\\edit"
2025-10-19T08:52:56.021386Z  INFO get_files:scan_sources: tailwindcss_oxide::scanner: Discovering "C:\\plataforma-pastores\\src\\app\\(dashboard)\\pastores"
2025-10-19T08:52:56.021529Z  INFO get_files:scan_sources: tailwindcss_oxide::scanner: Discovering "C:\\plataforma-pastores\\src\\app\\(dashboard)\\pastores\\new"
2025-10-19T08:52:56.021752Z  INFO get_files:scan_sources: tailwindcss_oxide::scanner: Discovering "C:\\plataforma-pastores\\src\\app\\(dashboard)\\pastores\\[id]"
2025-10-19T08:52:56.021869Z  INFO get_files:scan_sources: tailwindcss_oxide::scanner: Discovering "C:\\plataforma-pastores\\src\\app\\(dashboard)\\pastores\\[id]\\edit"
2025-10-19T08:52:56.022091Z  INFO get_files:scan_sources: tailwindcss_oxide::scanner: Discovering "C:\\plataforma-pastores\\src\\app\\403"
2025-10-19T08:52:56.022246Z  INFO get_files:scan_sources: tailwindcss_oxide::scanner: Discovering "C:\\plataforma-pastores\\src\\app\\api"
2025-10-19T08:52:56.022361Z  INFO get_files:scan_sources: tailwindcss_oxide::scanner: Discovering "C:\\plataforma-pastores\\src\\app\\api\\auth"
2025-10-19T08:52:56.022503Z  INFO get_files:scan_sources: tailwindcss_oxide::scanner: Discovering "C:\\plataforma-pastores\\src\\app\\api\\auth\\[...nextauth]"
2025-10-19T08:52:56.022676Z  INFO get_files:scan_sources: tailwindcss_oxide::scanner: Discovering "C:\\plataforma-pastores\\src\\app\\api\\dev"
2025-10-19T08:52:56.022796Z  INFO get_files:scan_sources: tailwindcss_oxide::scanner: Discovering "C:\\plataforma-pastores\\src\\app\\api\\dev\\dbcheck"
2025-10-19T08:52:56.023066Z  INFO get_files:scan_sources: tailwindcss_oxide::scanner: Discovering "C:\\plataforma-pastores\\src\\lib"
2025-10-19T08:52:56.023282Z  INFO get_files:scan_sources: tailwindcss_oxide::scanner: exit
2025-10-19T08:52:56.023431Z  INFO get_files: tailwindcss_oxide::scanner: exit
2025-10-19T08:52:56.023575Z  INFO get_globs: tailwindcss_oxide::scanner: enter
2025-10-19T08:52:56.023583Z  INFO get_globs: tailwindcss_oxide::scanner: exit
2025-10-19T08:52:56.035688Z  INFO scan_sources: tailwindcss_oxide::scanner: enter
2025-10-19T08:52:56.038146Z  INFO scan_sources: tailwindcss_oxide::scanner: Discovering "C:\\plataforma-pastores\\prisma"
2025-10-19T08:52:56.038318Z  INFO scan_sources: tailwindcss_oxide::scanner: Discovering "C:\\plataforma-pastores\\prisma\\migrations"
2025-10-19T08:52:56.038493Z  INFO scan_sources: tailwindcss_oxide::scanner: Discovering "C:\\plataforma-pastores\\prisma\\migrations\\20251016203616_init"
2025-10-19T08:52:56.038718Z  INFO scan_sources: tailwindcss_oxide::scanner: Discovering "C:\\plataforma-pastores\\prisma\\migrations\\20251017035010_init"
2025-10-19T08:52:56.038923Z  INFO scan_sources: tailwindcss_oxide::scanner: Discovering "C:\\plataforma-pastores\\prisma\\migrations\\20251017044508_add_email_verified_to_user"
2025-10-19T08:52:56.039194Z  INFO scan_sources: tailwindcss_oxide::scanner: Discovering "C:\\plataforma-pastores\\prisma\\migrations\\20251019042938_add_usuario_activo"
2025-10-19T08:52:56.039472Z  INFO scan_sources: tailwindcss_oxide::scanner: Discovering "C:\\plataforma-pastores\\prisma\\migrations\\20251019050047_enable_foreign_keys"
2025-10-19T08:52:56.039771Z  INFO scan_sources: tailwindcss_oxide::scanner: Discovering "C:\\plataforma-pastores\\public"
2025-10-19T08:52:56.040060Z  INFO scan_sources: tailwindcss_oxide::scanner: Discovering "C:\\plataforma-pastores\\scripts"
2025-10-19T08:52:56.040246Z  INFO scan_sources: tailwindcss_oxide::scanner: Discovering "C:\\plataforma-pastores\\src"
2025-10-19T08:52:56.040370Z  INFO scan_sources: tailwindcss_oxide::scanner: Discovering "C:\\plataforma-pastores\\src\\app"
2025-10-19T08:52:56.040535Z  INFO scan_sources: tailwindcss_oxide::scanner: Discovering "C:\\plataforma-pastores\\src\\app\\(dashboard)"
2025-10-19T08:52:56.040660Z  INFO scan_sources: tailwindcss_oxide::scanner: Discovering "C:\\plataforma-pastores\\src\\app\\(dashboard)\\credenciales"
2025-10-19T08:52:56.040807Z  INFO scan_sources: tailwindcss_oxide::scanner: Discovering "C:\\plataforma-pastores\\src\\app\\(dashboard)\\credenciales\\new"
2025-10-19T08:52:56.041026Z  INFO scan_sources: tailwindcss_oxide::scanner: Discovering "C:\\plataforma-pastores\\src\\app\\(dashboard)\\credenciales\\[id]"
2025-10-19T08:52:56.041150Z  INFO scan_sources: tailwindcss_oxide::scanner: Discovering "C:\\plataforma-pastores\\src\\app\\(dashboard)\\credenciales\\[id]\\edit"
2025-10-19T08:52:56.041368Z  INFO scan_sources: tailwindcss_oxide::scanner: Discovering "C:\\plataforma-pastores\\src\\app\\(dashboard)\\iglesias"
2025-10-19T08:52:56.041489Z  INFO scan_sources: tailwindcss_oxide::scanner: Discovering "C:\\plataforma-pastores\\src\\app\\(dashboard)\\iglesias\\new"
2025-10-19T08:52:56.041703Z  INFO scan_sources: tailwindcss_oxide::scanner: Discovering "C:\\plataforma-pastores\\src\\app\\(dashboard)\\iglesias\\[id]"
2025-10-19T08:52:56.041849Z  INFO scan_sources: tailwindcss_oxide::scanner: Discovering "C:\\plataforma-pastores\\src\\app\\(dashboard)\\iglesias\\[id]\\edit"
2025-10-19T08:52:56.042595Z  INFO scan_sources: tailwindcss_oxide::scanner: Discovering "C:\\plataforma-pastores\\src\\app\\(dashboard)\\pastores"
2025-10-19T08:52:56.042724Z  INFO scan_sources: tailwindcss_oxide::scanner: Discovering "C:\\plataforma-pastores\\src\\app\\(dashboard)\\pastores\\new"
2025-10-19T08:52:56.042974Z  INFO scan_sources: tailwindcss_oxide::scanner: Discovering "C:\\plataforma-pastores\\src\\app\\(dashboard)\\pastores\\[id]"
2025-10-19T08:52:56.043149Z  INFO scan_sources: tailwindcss_oxide::scanner: Discovering "C:\\plataforma-pastores\\src\\app\\(dashboard)\\pastores\\[id]\\edit"
2025-10-19T08:52:56.043441Z  INFO scan_sources: tailwindcss_oxide::scanner: Discovering "C:\\plataforma-pastores\\src\\app\\403"
2025-10-19T08:52:56.043603Z  INFO scan_sources: tailwindcss_oxide::scanner: Discovering "C:\\plataforma-pastores\\src\\app\\api"
2025-10-19T08:52:56.043724Z  INFO scan_sources: tailwindcss_oxide::scanner: Discovering "C:\\plataforma-pastores\\src\\app\\api\\auth"
2025-10-19T08:52:56.043867Z  INFO scan_sources: tailwindcss_oxide::scanner: Discovering "C:\\plataforma-pastores\\src\\app\\api\\auth\\[...nextauth]"
2025-10-19T08:52:56.044047Z  INFO scan_sources: tailwindcss_oxide::scanner: Discovering "C:\\plataforma-pastores\\src\\app\\api\\dev"
2025-10-19T08:52:56.044166Z  INFO scan_sources: tailwindcss_oxide::scanner: Discovering "C:\\plataforma-pastores\\src\\app\\api\\dev\\dbcheck"
2025-10-19T08:52:56.044446Z  INFO scan_sources: tailwindcss_oxide::scanner: Discovering "C:\\plataforma-pastores\\src\\lib"
2025-10-19T08:52:56.044697Z  INFO scan_sources: tailwindcss_oxide::scanner: exit
2025-10-19T08:52:56.044706Z  INFO extract_candidates: tailwindcss_oxide::scanner: enter
2025-10-19T08:52:56.044710Z  INFO extract_candidates:read_all_files: tailwindcss_oxide::scanner: enter
2025-10-19T08:52:56.044712Z  INFO extract_candidates:read_all_files: tailwindcss_oxide::scanner: Reading 0 file(s)
2025-10-19T08:52:56.044717Z  INFO extract_candidates:read_all_files: tailwindcss_oxide::scanner: exit
2025-10-19T08:52:56.044720Z  INFO extract_candidates:parse_all_blobs: tailwindcss_oxide::scanner: enter
2025-10-19T08:52:56.044723Z  INFO extract_candidates:parse_all_blobs:extract: tailwindcss_oxide::scanner: enter
2025-10-19T08:52:56.044726Z  INFO extract_candidates:parse_all_blobs:extract: tailwindcss_oxide::scanner: exit
2025-10-19T08:52:56.044729Z  INFO extract_candidates:parse_all_blobs: tailwindcss_oxide::scanner: exit
2025-10-19T08:52:56.044733Z  INFO extract_candidates: tailwindcss_oxide::scanner: exit
2025-10-19T08:52:56.045158Z  INFO get_files: tailwindcss_oxide::scanner: enter
2025-10-19T08:52:56.045167Z  INFO get_files:scan_sources: tailwindcss_oxide::scanner: enter
2025-10-19T08:52:56.046386Z  INFO get_files:scan_sources: tailwindcss_oxide::scanner: Discovering "C:\\plataforma-pastores\\prisma"
2025-10-19T08:52:56.046511Z  INFO get_files:scan_sources: tailwindcss_oxide::scanner: Discovering "C:\\plataforma-pastores\\prisma\\migrations"
2025-10-19T08:52:56.046635Z  INFO get_files:scan_sources: tailwindcss_oxide::scanner: Discovering "C:\\plataforma-pastores\\prisma\\migrations\\20251016203616_init"
2025-10-19T08:52:56.046796Z  INFO get_files:scan_sources: tailwindcss_oxide::scanner: Discovering "C:\\plataforma-pastores\\prisma\\migrations\\20251017035010_init"
2025-10-19T08:52:56.046979Z  INFO get_files:scan_sources: tailwindcss_oxide::scanner: Discovering "C:\\plataforma-pastores\\prisma\\migrations\\20251017044508_add_email_verified_to_user"
2025-10-19T08:52:56.047141Z  INFO get_files:scan_sources: tailwindcss_oxide::scanner: Discovering "C:\\plataforma-pastores\\prisma\\migrations\\20251019042938_add_usuario_activo"
2025-10-19T08:52:56.047304Z  INFO get_files:scan_sources: tailwindcss_oxide::scanner: Discovering "C:\\plataforma-pastores\\prisma\\migrations\\20251019050047_enable_foreign_keys"
2025-10-19T08:52:56.047658Z  INFO get_files:scan_sources: tailwindcss_oxide::scanner: Discovering "C:\\plataforma-pastores\\public"
2025-10-19T08:52:56.047965Z  INFO get_files:scan_sources: tailwindcss_oxide::scanner: Discovering "C:\\plataforma-pastores\\scripts"
2025-10-19T08:52:56.048284Z  INFO get_files:scan_sources: tailwindcss_oxide::scanner: Discovering "C:\\plataforma-pastores\\src"
2025-10-19T08:52:56.048416Z  INFO get_files:scan_sources: tailwindcss_oxide::scanner: Discovering "C:\\plataforma-pastores\\src\\app"
2025-10-19T08:52:56.048537Z  INFO get_files:scan_sources: tailwindcss_oxide::scanner: Discovering "C:\\plataforma-pastores\\src\\app\\(dashboard)"
2025-10-19T08:52:56.048671Z  INFO get_files:scan_sources: tailwindcss_oxide::scanner: Discovering "C:\\plataforma-pastores\\src\\app\\(dashboard)\\credenciales"
2025-10-19T08:52:56.048793Z  INFO get_files:scan_sources: tailwindcss_oxide::scanner: Discovering "C:\\plataforma-pastores\\src\\app\\(dashboard)\\credenciales\\new"
2025-10-19T08:52:56.049034Z  INFO get_files:scan_sources: tailwindcss_oxide::scanner: Discovering "C:\\plataforma-pastores\\src\\app\\(dashboard)\\credenciales\\[id]"
2025-10-19T08:52:56.049157Z  INFO get_files:scan_sources: tailwindcss_oxide::scanner: Discovering "C:\\plataforma-pastores\\src\\app\\(dashboard)\\credenciales\\[id]\\edit"
2025-10-19T08:52:56.049522Z  INFO get_files:scan_sources: tailwindcss_oxide::scanner: Discovering "C:\\plataforma-pastores\\src\\app\\(dashboard)\\iglesias"
2025-10-19T08:52:56.049646Z  INFO get_files:scan_sources: tailwindcss_oxide::scanner: Discovering "C:\\plataforma-pastores\\src\\app\\(dashboard)\\iglesias\\new"
2025-10-19T08:52:56.049978Z  INFO get_files:scan_sources: tailwindcss_oxide::scanner: Discovering "C:\\plataforma-pastores\\src\\app\\(dashboard)\\iglesias\\[id]"
2025-10-19T08:52:56.050102Z  INFO get_files:scan_sources: tailwindcss_oxide::scanner: Discovering "C:\\plataforma-pastores\\src\\app\\(dashboard)\\iglesias\\[id]\\edit"
2025-10-19T08:52:56.050473Z  INFO get_files:scan_sources: tailwindcss_oxide::scanner: Discovering "C:\\plataforma-pastores\\src\\app\\(dashboard)\\pastores"
2025-10-19T08:52:56.050597Z  INFO get_files:scan_sources: tailwindcss_oxide::scanner: Discovering "C:\\plataforma-pastores\\src\\app\\(dashboard)\\pastores\\new"
2025-10-19T08:52:56.050858Z  INFO get_files:scan_sources: tailwindcss_oxide::scanner: Discovering "C:\\plataforma-pastores\\src\\app\\(dashboard)\\pastores\\[id]"
2025-10-19T08:52:56.051007Z  INFO get_files:scan_sources: tailwindcss_oxide::scanner: Discovering "C:\\plataforma-pastores\\src\\app\\(dashboard)\\pastores\\[id]\\edit"
2025-10-19T08:52:56.051230Z  INFO get_files:scan_sources: tailwindcss_oxide::scanner: Discovering "C:\\plataforma-pastores\\src\\app\\403"
2025-10-19T08:52:56.051389Z  INFO get_files:scan_sources: tailwindcss_oxide::scanner: Discovering "C:\\plataforma-pastores\\src\\app\\api"
2025-10-19T08:52:56.051507Z  INFO get_files:scan_sources: tailwindcss_oxide::scanner: Discovering "C:\\plataforma-pastores\\src\\app\\api\\auth"
2025-10-19T08:52:56.051627Z  INFO get_files:scan_sources: tailwindcss_oxide::scanner: Discovering "C:\\plataforma-pastores\\src\\app\\api\\auth\\[...nextauth]"
2025-10-19T08:52:56.051801Z  INFO get_files:scan_sources: tailwindcss_oxide::scanner: Discovering "C:\\plataforma-pastores\\src\\app\\api\\dev"
2025-10-19T08:52:56.051941Z  INFO get_files:scan_sources: tailwindcss_oxide::scanner: Discovering "C:\\plataforma-pastores\\src\\app\\api\\dev\\dbcheck"
2025-10-19T08:52:56.052216Z  INFO get_files:scan_sources: tailwindcss_oxide::scanner: Discovering "C:\\plataforma-pastores\\src\\lib"
2025-10-19T08:52:56.052441Z  INFO get_files:scan_sources: tailwindcss_oxide::scanner: exit
2025-10-19T08:52:56.052571Z  INFO get_files: tailwindcss_oxide::scanner: exit
2025-10-19T08:52:56.052713Z  INFO get_globs: tailwindcss_oxide::scanner: enter
2025-10-19T08:52:56.052720Z  INFO get_globs: tailwindcss_oxide::scanner: exit
2025-10-19T08:53:31.054111Z  INFO scan_sources: tailwindcss_oxide::scanner: enter
2025-10-19T08:53:31.055843Z  INFO scan_sources: tailwindcss_oxide::scanner: Discovering "C:\\plataforma-pastores\\prisma"
2025-10-19T08:53:31.055990Z  INFO scan_sources: tailwindcss_oxide::scanner: Discovering "C:\\plataforma-pastores\\prisma\\migrations"
2025-10-19T08:53:31.056122Z  INFO scan_sources: tailwindcss_oxide::scanner: Discovering "C:\\plataforma-pastores\\prisma\\migrations\\20251016203616_init"
2025-10-19T08:53:31.056293Z  INFO scan_sources: tailwindcss_oxide::scanner: Discovering "C:\\plataforma-pastores\\prisma\\migrations\\20251017035010_init"
2025-10-19T08:53:31.056467Z  INFO scan_sources: tailwindcss_oxide::scanner: Discovering "C:\\plataforma-pastores\\prisma\\migrations\\20251017044508_add_email_verified_to_user"
2025-10-19T08:53:31.056643Z  INFO scan_sources: tailwindcss_oxide::scanner: Discovering "C:\\plataforma-pastores\\prisma\\migrations\\20251019042938_add_usuario_activo"
2025-10-19T08:53:31.056827Z  INFO scan_sources: tailwindcss_oxide::scanner: Discovering "C:\\plataforma-pastores\\prisma\\migrations\\20251019050047_enable_foreign_keys"
2025-10-19T08:53:31.057084Z  INFO scan_sources: tailwindcss_oxide::scanner: Discovering "C:\\plataforma-pastores\\public"
2025-10-19T08:53:31.057376Z  INFO scan_sources: tailwindcss_oxide::scanner: Discovering "C:\\plataforma-pastores\\scripts"
2025-10-19T08:53:31.057561Z  INFO scan_sources: tailwindcss_oxide::scanner: Discovering "C:\\plataforma-pastores\\src"
2025-10-19T08:53:31.057691Z  INFO scan_sources: tailwindcss_oxide::scanner: Discovering "C:\\plataforma-pastores\\src\\app"
2025-10-19T08:53:31.057814Z  INFO scan_sources: tailwindcss_oxide::scanner: Discovering "C:\\plataforma-pastores\\src\\app\\(dashboard)"
2025-10-19T08:53:31.057941Z  INFO scan_sources: tailwindcss_oxide::scanner: Discovering "C:\\plataforma-pastores\\src\\app\\(dashboard)\\credenciales"
2025-10-19T08:53:31.058065Z  INFO scan_sources: tailwindcss_oxide::scanner: Discovering "C:\\plataforma-pastores\\src\\app\\(dashboard)\\credenciales\\new"
2025-10-19T08:53:31.058279Z  INFO scan_sources: tailwindcss_oxide::scanner: Discovering "C:\\plataforma-pastores\\src\\app\\(dashboard)\\credenciales\\[id]"
2025-10-19T08:53:31.058399Z  INFO scan_sources: tailwindcss_oxide::scanner: Discovering "C:\\plataforma-pastores\\src\\app\\(dashboard)\\credenciales\\[id]\\edit"
2025-10-19T08:53:31.058621Z  INFO scan_sources: tailwindcss_oxide::scanner: Discovering "C:\\plataforma-pastores\\src\\app\\(dashboard)\\iglesias"
2025-10-19T08:53:31.058747Z  INFO scan_sources: tailwindcss_oxide::scanner: Discovering "C:\\plataforma-pastores\\src\\app\\(dashboard)\\iglesias\\new"
2025-10-19T08:53:31.058964Z  INFO scan_sources: tailwindcss_oxide::scanner: Discovering "C:\\plataforma-pastores\\src\\app\\(dashboard)\\iglesias\\[id]"
2025-10-19T08:53:31.059084Z  INFO scan_sources: tailwindcss_oxide::scanner: Discovering "C:\\plataforma-pastores\\src\\app\\(dashboard)\\iglesias\\[id]\\edit"
2025-10-19T08:53:31.059344Z  INFO scan_sources: tailwindcss_oxide::scanner: Discovering "C:\\plataforma-pastores\\src\\app\\(dashboard)\\pastores"
2025-10-19T08:53:31.059465Z  INFO scan_sources: tailwindcss_oxide::scanner: Discovering "C:\\plataforma-pastores\\src\\app\\(dashboard)\\pastores\\new"
2025-10-19T08:53:31.059645Z  INFO scan_sources: tailwindcss_oxide::scanner: Discovering "C:\\plataforma-pastores\\src\\app\\(dashboard)\\pastores\\route.ts"
2025-10-19T08:53:31.059726Z  INFO scan_sources: tailwindcss_oxide::scanner: Discovering "C:\\plataforma-pastores\\src\\app\\(dashboard)\\pastores\\[id]"
2025-10-19T08:53:31.059842Z  INFO scan_sources: tailwindcss_oxide::scanner: Discovering "C:\\plataforma-pastores\\src\\app\\(dashboard)\\pastores\\[id]\\edit"
2025-10-19T08:53:31.060060Z  INFO scan_sources: tailwindcss_oxide::scanner: Discovering "C:\\plataforma-pastores\\src\\app\\403"
2025-10-19T08:53:31.060218Z  INFO scan_sources: tailwindcss_oxide::scanner: Discovering "C:\\plataforma-pastores\\src\\app\\api"
2025-10-19T08:53:31.060336Z  INFO scan_sources: tailwindcss_oxide::scanner: Discovering "C:\\plataforma-pastores\\src\\app\\api\\auth"
2025-10-19T08:53:31.060456Z  INFO scan_sources: tailwindcss_oxide::scanner: Discovering "C:\\plataforma-pastores\\src\\app\\api\\auth\\[...nextauth]"
2025-10-19T08:53:31.060631Z  INFO scan_sources: tailwindcss_oxide::scanner: Discovering "C:\\plataforma-pastores\\src\\app\\api\\dev"
2025-10-19T08:53:31.060748Z  INFO scan_sources: tailwindcss_oxide::scanner: Discovering "C:\\plataforma-pastores\\src\\app\\api\\dev\\dbcheck"
2025-10-19T08:53:31.061030Z  INFO scan_sources: tailwindcss_oxide::scanner: Discovering "C:\\plataforma-pastores\\src\\lib"
2025-10-19T08:53:31.061266Z  INFO scan_sources: tailwindcss_oxide::scanner: exit
2025-10-19T08:53:31.061279Z  INFO extract_candidates: tailwindcss_oxide::scanner: enter
2025-10-19T08:53:31.061285Z  INFO extract_candidates:read_all_files: tailwindcss_oxide::scanner: enter
2025-10-19T08:53:31.061288Z  INFO extract_candidates:read_all_files: tailwindcss_oxide::scanner: Reading 1 file(s)
2025-10-19T08:53:31.061320Z  INFO extract_candidates:read_all_files: tailwindcss_oxide::scanner: Reading "C:\\plataforma-pastores\\src\\app\\(dashboard)\\pastores\\route.ts"
2025-10-19T08:53:31.061327Z  INFO extract_candidates:read_all_files: tailwindcss_oxide::scanner: exit
2025-10-19T08:53:31.061331Z  INFO extract_candidates:parse_all_blobs: tailwindcss_oxide::scanner: enter
2025-10-19T08:53:31.061334Z  INFO extract_candidates:parse_all_blobs:extract: tailwindcss_oxide::scanner: enter
2025-10-19T08:53:31.061338Z  INFO extract_candidates:parse_all_blobs:extract: tailwindcss_oxide::scanner: exit
2025-10-19T08:53:31.061340Z  INFO extract_candidates:parse_all_blobs: tailwindcss_oxide::scanner: exit
2025-10-19T08:53:31.061344Z  INFO extract_candidates: tailwindcss_oxide::scanner: exit
2025-10-19T08:53:31.061534Z  INFO get_files: tailwindcss_oxide::scanner: enter
2025-10-19T08:53:31.061540Z  INFO get_files:scan_sources: tailwindcss_oxide::scanner: enter
2025-10-19T08:53:31.062675Z  INFO get_files:scan_sources: tailwindcss_oxide::scanner: Discovering "C:\\plataforma-pastores\\prisma"
2025-10-19T08:53:31.062803Z  INFO get_files:scan_sources: tailwindcss_oxide::scanner: Discovering "C:\\plataforma-pastores\\prisma\\migrations"
2025-10-19T08:53:31.062939Z  INFO get_files:scan_sources: tailwindcss_oxide::scanner: Discovering "C:\\plataforma-pastores\\prisma\\migrations\\20251016203616_init"
2025-10-19T08:53:31.063099Z  INFO get_files:scan_sources: tailwindcss_oxide::scanner: Discovering "C:\\plataforma-pastores\\prisma\\migrations\\20251017035010_init"
2025-10-19T08:53:31.063261Z  INFO get_files:scan_sources: tailwindcss_oxide::scanner: Discovering "C:\\plataforma-pastores\\prisma\\migrations\\20251017044508_add_email_verified_to_user"
2025-10-19T08:53:31.063422Z  INFO get_files:scan_sources: tailwindcss_oxide::scanner: Discovering "C:\\plataforma-pastores\\prisma\\migrations\\20251019042938_add_usuario_activo"
2025-10-19T08:53:31.063584Z  INFO get_files:scan_sources: tailwindcss_oxide::scanner: Discovering "C:\\plataforma-pastores\\prisma\\migrations\\20251019050047_enable_foreign_keys"
2025-10-19T08:53:31.063824Z  INFO get_files:scan_sources: tailwindcss_oxide::scanner: Discovering "C:\\plataforma-pastores\\public"
2025-10-19T08:53:31.064115Z  INFO get_files:scan_sources: tailwindcss_oxide::scanner: Discovering "C:\\plataforma-pastores\\scripts"
2025-10-19T08:53:31.064297Z  INFO get_files:scan_sources: tailwindcss_oxide::scanner: Discovering "C:\\plataforma-pastores\\src"
2025-10-19T08:53:31.064413Z  INFO get_files:scan_sources: tailwindcss_oxide::scanner: Discovering "C:\\plataforma-pastores\\src\\app"
2025-10-19T08:53:31.064534Z  INFO get_files:scan_sources: tailwindcss_oxide::scanner: Discovering "C:\\plataforma-pastores\\src\\app\\(dashboard)"
2025-10-19T08:53:31.064656Z  INFO get_files:scan_sources: tailwindcss_oxide::scanner: Discovering "C:\\plataforma-pastores\\src\\app\\(dashboard)\\credenciales"
2025-10-19T08:53:31.064772Z  INFO get_files:scan_sources: tailwindcss_oxide::scanner: Discovering "C:\\plataforma-pastores\\src\\app\\(dashboard)\\credenciales\\new"
2025-10-19T08:53:31.064991Z  INFO get_files:scan_sources: tailwindcss_oxide::scanner: Discovering "C:\\plataforma-pastores\\src\\app\\(dashboard)\\credenciales\\[id]"
2025-10-19T08:53:31.065110Z  INFO get_files:scan_sources: tailwindcss_oxide::scanner: Discovering "C:\\plataforma-pastores\\src\\app\\(dashboard)\\credenciales\\[id]\\edit"
2025-10-19T08:53:31.065317Z  INFO get_files:scan_sources: tailwindcss_oxide::scanner: Discovering "C:\\plataforma-pastores\\src\\app\\(dashboard)\\iglesias"
2025-10-19T08:53:31.065434Z  INFO get_files:scan_sources: tailwindcss_oxide::scanner: Discovering "C:\\plataforma-pastores\\src\\app\\(dashboard)\\iglesias\\new"
2025-10-19T08:53:31.065643Z  INFO get_files:scan_sources: tailwindcss_oxide::scanner: Discovering "C:\\plataforma-pastores\\src\\app\\(dashboard)\\iglesias\\[id]"
2025-10-19T08:53:31.065763Z  INFO get_files:scan_sources: tailwindcss_oxide::scanner: Discovering "C:\\plataforma-pastores\\src\\app\\(dashboard)\\iglesias\\[id]\\edit"
2025-10-19T08:53:31.066015Z  INFO get_files:scan_sources: tailwindcss_oxide::scanner: Discovering "C:\\plataforma-pastores\\src\\app\\(dashboard)\\pastores"
2025-10-19T08:53:31.066132Z  INFO get_files:scan_sources: tailwindcss_oxide::scanner: Discovering "C:\\plataforma-pastores\\src\\app\\(dashboard)\\pastores\\new"
2025-10-19T08:53:31.066363Z  INFO get_files:scan_sources: tailwindcss_oxide::scanner: Discovering "C:\\plataforma-pastores\\src\\app\\(dashboard)\\pastores\\[id]"
2025-10-19T08:53:31.066480Z  INFO get_files:scan_sources: tailwindcss_oxide::scanner: Discovering "C:\\plataforma-pastores\\src\\app\\(dashboard)\\pastores\\[id]\\edit"
2025-10-19T08:53:31.066702Z  INFO get_files:scan_sources: tailwindcss_oxide::scanner: Discovering "C:\\plataforma-pastores\\src\\app\\403"
2025-10-19T08:53:31.066873Z  INFO get_files:scan_sources: tailwindcss_oxide::scanner: Discovering "C:\\plataforma-pastores\\src\\app\\api"
2025-10-19T08:53:31.066991Z  INFO get_files:scan_sources: tailwindcss_oxide::scanner: Discovering "C:\\plataforma-pastores\\src\\app\\api\\auth"
2025-10-19T08:53:31.067108Z  INFO get_files:scan_sources: tailwindcss_oxide::scanner: Discovering "C:\\plataforma-pastores\\src\\app\\api\\auth\\[...nextauth]"
2025-10-19T08:53:31.067284Z  INFO get_files:scan_sources: tailwindcss_oxide::scanner: Discovering "C:\\plataforma-pastores\\src\\app\\api\\dev"
2025-10-19T08:53:31.067398Z  INFO get_files:scan_sources: tailwindcss_oxide::scanner: Discovering "C:\\plataforma-pastores\\src\\app\\api\\dev\\dbcheck"
2025-10-19T08:53:31.067666Z  INFO get_files:scan_sources: tailwindcss_oxide::scanner: Discovering "C:\\plataforma-pastores\\src\\lib"
2025-10-19T08:53:31.067893Z  INFO get_files:scan_sources: tailwindcss_oxide::scanner: exit
2025-10-19T08:53:31.068017Z  INFO get_files: tailwindcss_oxide::scanner: exit
2025-10-19T08:53:31.068408Z  INFO get_globs: tailwindcss_oxide::scanner: enter
2025-10-19T08:53:31.068422Z  INFO get_globs: tailwindcss_oxide::scanner: exit
2025-10-19T08:53:35.139262Z  INFO scan_sources: tailwindcss_oxide::scanner: enter
2025-10-19T08:53:35.140718Z  INFO scan_sources: tailwindcss_oxide::scanner: Discovering "C:\\plataforma-pastores\\prisma"
2025-10-19T08:53:35.140858Z  INFO scan_sources: tailwindcss_oxide::scanner: Discovering "C:\\plataforma-pastores\\prisma\\migrations"
2025-10-19T08:53:35.140995Z  INFO scan_sources: tailwindcss_oxide::scanner: Discovering "C:\\plataforma-pastores\\prisma\\migrations\\20251016203616_init"
2025-10-19T08:53:35.141172Z  INFO scan_sources: tailwindcss_oxide::scanner: Discovering "C:\\plataforma-pastores\\prisma\\migrations\\20251017035010_init"
2025-10-19T08:53:35.141351Z  INFO scan_sources: tailwindcss_oxide::scanner: Discovering "C:\\plataforma-pastores\\prisma\\migrations\\20251017044508_add_email_verified_to_user"
2025-10-19T08:53:35.141531Z  INFO scan_sources: tailwindcss_oxide::scanner: Discovering "C:\\plataforma-pastores\\prisma\\migrations\\20251019042938_add_usuario_activo"
2025-10-19T08:53:35.141710Z  INFO scan_sources: tailwindcss_oxide::scanner: Discovering "C:\\plataforma-pastores\\prisma\\migrations\\20251019050047_enable_foreign_keys"
2025-10-19T08:53:35.141965Z  INFO scan_sources: tailwindcss_oxide::scanner: Discovering "C:\\plataforma-pastores\\public"
2025-10-19T08:53:35.142253Z  INFO scan_sources: tailwindcss_oxide::scanner: Discovering "C:\\plataforma-pastores\\scripts"
2025-10-19T08:53:35.142454Z  INFO scan_sources: tailwindcss_oxide::scanner: Discovering "C:\\plataforma-pastores\\src"
2025-10-19T08:53:35.142581Z  INFO scan_sources: tailwindcss_oxide::scanner: Discovering "C:\\plataforma-pastores\\src\\app"
2025-10-19T08:53:35.142709Z  INFO scan_sources: tailwindcss_oxide::scanner: Discovering "C:\\plataforma-pastores\\src\\app\\(dashboard)"
2025-10-19T08:53:35.142843Z  INFO scan_sources: tailwindcss_oxide::scanner: Discovering "C:\\plataforma-pastores\\src\\app\\(dashboard)\\credenciales"
2025-10-19T08:53:35.142970Z  INFO scan_sources: tailwindcss_oxide::scanner: Discovering "C:\\plataforma-pastores\\src\\app\\(dashboard)\\credenciales\\new"
2025-10-19T08:53:35.143190Z  INFO scan_sources: tailwindcss_oxide::scanner: Discovering "C:\\plataforma-pastores\\src\\app\\(dashboard)\\credenciales\\[id]"
2025-10-19T08:53:35.143315Z  INFO scan_sources: tailwindcss_oxide::scanner: Discovering "C:\\plataforma-pastores\\src\\app\\(dashboard)\\credenciales\\[id]\\edit"
2025-10-19T08:53:35.143532Z  INFO scan_sources: tailwindcss_oxide::scanner: Discovering "C:\\plataforma-pastores\\src\\app\\(dashboard)\\iglesias"
2025-10-19T08:53:35.143654Z  INFO scan_sources: tailwindcss_oxide::scanner: Discovering "C:\\plataforma-pastores\\src\\app\\(dashboard)\\iglesias\\new"
2025-10-19T08:53:35.143882Z  INFO scan_sources: tailwindcss_oxide::scanner: Discovering "C:\\plataforma-pastores\\src\\app\\(dashboard)\\iglesias\\[id]"
2025-10-19T08:53:35.144017Z  INFO scan_sources: tailwindcss_oxide::scanner: Discovering "C:\\plataforma-pastores\\src\\app\\(dashboard)\\iglesias\\[id]\\edit"
2025-10-19T08:53:35.144288Z  INFO scan_sources: tailwindcss_oxide::scanner: Discovering "C:\\plataforma-pastores\\src\\app\\(dashboard)\\pastores"
2025-10-19T08:53:35.144409Z  INFO scan_sources: tailwindcss_oxide::scanner: Discovering "C:\\plataforma-pastores\\src\\app\\(dashboard)\\pastores\\new"
2025-10-19T08:53:35.144624Z  INFO scan_sources: tailwindcss_oxide::scanner: Discovering "C:\\plataforma-pastores\\src\\app\\(dashboard)\\pastores\\route.ts"
2025-10-19T08:53:35.144725Z  INFO scan_sources: tailwindcss_oxide::scanner: Discovering "C:\\plataforma-pastores\\src\\app\\(dashboard)\\pastores\\[id]"
2025-10-19T08:53:35.144866Z  INFO scan_sources: tailwindcss_oxide::scanner: Discovering "C:\\plataforma-pastores\\src\\app\\(dashboard)\\pastores\\[id]\\edit"
2025-10-19T08:53:35.145198Z  INFO scan_sources: tailwindcss_oxide::scanner: Discovering "C:\\plataforma-pastores\\src\\app\\403"
2025-10-19T08:53:35.145414Z  INFO scan_sources: tailwindcss_oxide::scanner: Discovering "C:\\plataforma-pastores\\src\\app\\api"
2025-10-19T08:53:35.145581Z  INFO scan_sources: tailwindcss_oxide::scanner: Discovering "C:\\plataforma-pastores\\src\\app\\api\\auth"
2025-10-19T08:53:35.145755Z  INFO scan_sources: tailwindcss_oxide::scanner: Discovering "C:\\plataforma-pastores\\src\\app\\api\\auth\\[...nextauth]"
2025-10-19T08:53:35.146013Z  INFO scan_sources: tailwindcss_oxide::scanner: Discovering "C:\\plataforma-pastores\\src\\app\\api\\dev"
2025-10-19T08:53:35.146201Z  INFO scan_sources: tailwindcss_oxide::scanner: Discovering "C:\\plataforma-pastores\\src\\app\\api\\dev\\dbcheck"
2025-10-19T08:53:35.146533Z  INFO scan_sources: tailwindcss_oxide::scanner: Discovering "C:\\plataforma-pastores\\src\\lib"
2025-10-19T08:53:35.146798Z  INFO scan_sources: tailwindcss_oxide::scanner: exit
2025-10-19T08:53:35.146808Z  INFO extract_candidates: tailwindcss_oxide::scanner: enter
2025-10-19T08:53:35.146812Z  INFO extract_candidates:read_all_files: tailwindcss_oxide::scanner: enter
2025-10-19T08:53:35.146815Z  INFO extract_candidates:read_all_files: tailwindcss_oxide::scanner: Reading 1 file(s)
2025-10-19T08:53:35.146856Z  INFO extract_candidates:read_all_files: tailwindcss_oxide::scanner: Reading "C:\\plataforma-pastores\\src\\app\\(dashboard)\\pastores\\route.ts"
2025-10-19T08:53:35.146863Z  INFO extract_candidates:read_all_files: tailwindcss_oxide::scanner: exit
2025-10-19T08:53:35.146867Z  INFO extract_candidates:parse_all_blobs: tailwindcss_oxide::scanner: enter
2025-10-19T08:53:35.146870Z  INFO extract_candidates:parse_all_blobs:extract: tailwindcss_oxide::scanner: enter
2025-10-19T08:53:35.146966Z  INFO extract_candidates:parse_all_blobs:extract: tailwindcss_oxide::scanner: exit
2025-10-19T08:53:35.146980Z  INFO extract_candidates:parse_all_blobs: tailwindcss_oxide::scanner: exit
2025-10-19T08:53:35.147040Z  INFO extract_candidates: tailwindcss_oxide::scanner: exit
2025-10-19T08:53:35.147272Z  INFO get_files: tailwindcss_oxide::scanner: enter
2025-10-19T08:53:35.147282Z  INFO get_files:scan_sources: tailwindcss_oxide::scanner: enter
2025-10-19T08:53:35.148611Z  INFO get_files:scan_sources: tailwindcss_oxide::scanner: Discovering "C:\\plataforma-pastores\\prisma"
2025-10-19T08:53:35.148749Z  INFO get_files:scan_sources: tailwindcss_oxide::scanner: Discovering "C:\\plataforma-pastores\\prisma\\migrations"
2025-10-19T08:53:35.148883Z  INFO get_files:scan_sources: tailwindcss_oxide::scanner: Discovering "C:\\plataforma-pastores\\prisma\\migrations\\20251016203616_init"
2025-10-19T08:53:35.149113Z  INFO get_files:scan_sources: tailwindcss_oxide::scanner: Discovering "C:\\plataforma-pastores\\prisma\\migrations\\20251017035010_init"
2025-10-19T08:53:35.149359Z  INFO get_files:scan_sources: tailwindcss_oxide::scanner: Discovering "C:\\plataforma-pastores\\prisma\\migrations\\20251017044508_add_email_verified_to_user"
2025-10-19T08:53:35.149615Z  INFO get_files:scan_sources: tailwindcss_oxide::scanner: Discovering "C:\\plataforma-pastores\\prisma\\migrations\\20251019042938_add_usuario_activo"
2025-10-19T08:53:35.149880Z  INFO get_files:scan_sources: tailwindcss_oxide::scanner: Discovering "C:\\plataforma-pastores\\prisma\\migrations\\20251019050047_enable_foreign_keys"
2025-10-19T08:53:35.150155Z  INFO get_files:scan_sources: tailwindcss_oxide::scanner: Discovering "C:\\plataforma-pastores\\public"
2025-10-19T08:53:35.150450Z  INFO get_files:scan_sources: tailwindcss_oxide::scanner: Discovering "C:\\plataforma-pastores\\scripts"
2025-10-19T08:53:35.150676Z  INFO get_files:scan_sources: tailwindcss_oxide::scanner: Discovering "C:\\plataforma-pastores\\src"
2025-10-19T08:53:35.150800Z  INFO get_files:scan_sources: tailwindcss_oxide::scanner: Discovering "C:\\plataforma-pastores\\src\\app"
2025-10-19T08:53:35.151092Z  INFO get_files:scan_sources: tailwindcss_oxide::scanner: Discovering "C:\\plataforma-pastores\\src\\app\\(dashboard)"
2025-10-19T08:53:35.151231Z  INFO get_files:scan_sources: tailwindcss_oxide::scanner: Discovering "C:\\plataforma-pastores\\src\\app\\(dashboard)\\credenciales"
2025-10-19T08:53:35.151356Z  INFO get_files:scan_sources: tailwindcss_oxide::scanner: Discovering "C:\\plataforma-pastores\\src\\app\\(dashboard)\\credenciales\\new"
2025-10-19T08:53:35.151576Z  INFO get_files:scan_sources: tailwindcss_oxide::scanner: Discovering "C:\\plataforma-pastores\\src\\app\\(dashboard)\\credenciales\\[id]"
2025-10-19T08:53:35.151750Z  INFO get_files:scan_sources: tailwindcss_oxide::scanner: Discovering "C:\\plataforma-pastores\\src\\app\\(dashboard)\\credenciales\\[id]\\edit"
2025-10-19T08:53:35.151968Z  INFO get_files:scan_sources: tailwindcss_oxide::scanner: Discovering "C:\\plataforma-pastores\\src\\app\\(dashboard)\\iglesias"
2025-10-19T08:53:35.152105Z  INFO get_files:scan_sources: tailwindcss_oxide::scanner: Discovering "C:\\plataforma-pastores\\src\\app\\(dashboard)\\iglesias\\new"
2025-10-19T08:53:35.152323Z  INFO get_files:scan_sources: tailwindcss_oxide::scanner: Discovering "C:\\plataforma-pastores\\src\\app\\(dashboard)\\iglesias\\[id]"
2025-10-19T08:53:35.152502Z  INFO get_files:scan_sources: tailwindcss_oxide::scanner: Discovering "C:\\plataforma-pastores\\src\\app\\(dashboard)\\iglesias\\[id]\\edit"
2025-10-19T08:53:35.152996Z  INFO get_files:scan_sources: tailwindcss_oxide::scanner: Discovering "C:\\plataforma-pastores\\src\\app\\(dashboard)\\pastores"
2025-10-19T08:53:35.153140Z  INFO get_files:scan_sources: tailwindcss_oxide::scanner: Discovering "C:\\plataforma-pastores\\src\\app\\(dashboard)\\pastores\\new"
2025-10-19T08:53:35.153385Z  INFO get_files:scan_sources: tailwindcss_oxide::scanner: Discovering "C:\\plataforma-pastores\\src\\app\\(dashboard)\\pastores\\[id]"
2025-10-19T08:53:35.153505Z  INFO get_files:scan_sources: tailwindcss_oxide::scanner: Discovering "C:\\plataforma-pastores\\src\\app\\(dashboard)\\pastores\\[id]\\edit"
2025-10-19T08:53:35.153749Z  INFO get_files:scan_sources: tailwindcss_oxide::scanner: Discovering "C:\\plataforma-pastores\\src\\app\\403"
2025-10-19T08:53:35.153917Z  INFO get_files:scan_sources: tailwindcss_oxide::scanner: Discovering "C:\\plataforma-pastores\\src\\app\\api"
2025-10-19T08:53:35.154040Z  INFO get_files:scan_sources: tailwindcss_oxide::scanner: Discovering "C:\\plataforma-pastores\\src\\app\\api\\auth"
2025-10-19T08:53:35.154195Z  INFO get_files:scan_sources: tailwindcss_oxide::scanner: Discovering "C:\\plataforma-pastores\\src\\app\\api\\auth\\[...nextauth]"
2025-10-19T08:53:35.154379Z  INFO get_files:scan_sources: tailwindcss_oxide::scanner: Discovering "C:\\plataforma-pastores\\src\\app\\api\\dev"
2025-10-19T08:53:35.154498Z  INFO get_files:scan_sources: tailwindcss_oxide::scanner: Discovering "C:\\plataforma-pastores\\src\\app\\api\\dev\\dbcheck"
2025-10-19T08:53:35.154805Z  INFO get_files:scan_sources: tailwindcss_oxide::scanner: Discovering "C:\\plataforma-pastores\\src\\lib"
2025-10-19T08:53:35.155046Z  INFO get_files:scan_sources: tailwindcss_oxide::scanner: exit
2025-10-19T08:53:35.155220Z  INFO get_files: tailwindcss_oxide::scanner: exit
2025-10-19T08:53:35.155321Z  INFO get_globs: tailwindcss_oxide::scanner: enter
2025-10-19T08:53:35.155328Z  INFO get_globs: tailwindcss_oxide::scanner: exit
2025-10-19T08:53:35.163460Z  INFO scan_sources: tailwindcss_oxide::scanner: enter
2025-10-19T08:53:35.164900Z  INFO scan_sources: tailwindcss_oxide::scanner: Discovering "C:\\plataforma-pastores\\prisma"
2025-10-19T08:53:35.165058Z  INFO scan_sources: tailwindcss_oxide::scanner: Discovering "C:\\plataforma-pastores\\prisma\\migrations"
2025-10-19T08:53:35.165200Z  INFO scan_sources: tailwindcss_oxide::scanner: Discovering "C:\\plataforma-pastores\\prisma\\migrations\\20251016203616_init"
2025-10-19T08:53:35.165376Z  INFO scan_sources: tailwindcss_oxide::scanner: Discovering "C:\\plataforma-pastores\\prisma\\migrations\\20251017035010_init"
2025-10-19T08:53:35.165553Z  INFO scan_sources: tailwindcss_oxide::scanner: Discovering "C:\\plataforma-pastores\\prisma\\migrations\\20251017044508_add_email_verified_to_user"
2025-10-19T08:53:35.165726Z  INFO scan_sources: tailwindcss_oxide::scanner: Discovering "C:\\plataforma-pastores\\prisma\\migrations\\20251019042938_add_usuario_activo"
2025-10-19T08:53:35.165922Z  INFO scan_sources: tailwindcss_oxide::scanner: Discovering "C:\\plataforma-pastores\\prisma\\migrations\\20251019050047_enable_foreign_keys"
2025-10-19T08:53:35.166181Z  INFO scan_sources: tailwindcss_oxide::scanner: Discovering "C:\\plataforma-pastores\\public"
2025-10-19T08:53:35.166476Z  INFO scan_sources: tailwindcss_oxide::scanner: Discovering "C:\\plataforma-pastores\\scripts"
2025-10-19T08:53:35.166678Z  INFO scan_sources: tailwindcss_oxide::scanner: Discovering "C:\\plataforma-pastores\\src"
2025-10-19T08:53:35.166812Z  INFO scan_sources: tailwindcss_oxide::scanner: Discovering "C:\\plataforma-pastores\\src\\app"
2025-10-19T08:53:35.166972Z  INFO scan_sources: tailwindcss_oxide::scanner: Discovering "C:\\plataforma-pastores\\src\\app\\(dashboard)"
2025-10-19T08:53:35.167141Z  INFO scan_sources: tailwindcss_oxide::scanner: Discovering "C:\\plataforma-pastores\\src\\app\\(dashboard)\\credenciales"
2025-10-19T08:53:35.167270Z  INFO scan_sources: tailwindcss_oxide::scanner: Discovering "C:\\plataforma-pastores\\src\\app\\(dashboard)\\credenciales\\new"
2025-10-19T08:53:35.167490Z  INFO scan_sources: tailwindcss_oxide::scanner: Discovering "C:\\plataforma-pastores\\src\\app\\(dashboard)\\credenciales\\[id]"
2025-10-19T08:53:35.167625Z  INFO scan_sources: tailwindcss_oxide::scanner: Discovering "C:\\plataforma-pastores\\src\\app\\(dashboard)\\credenciales\\[id]\\edit"
2025-10-19T08:53:35.167843Z  INFO scan_sources: tailwindcss_oxide::scanner: Discovering "C:\\plataforma-pastores\\src\\app\\(dashboard)\\iglesias"
2025-10-19T08:53:35.167969Z  INFO scan_sources: tailwindcss_oxide::scanner: Discovering "C:\\plataforma-pastores\\src\\app\\(dashboard)\\iglesias\\new"
2025-10-19T08:53:35.168187Z  INFO scan_sources: tailwindcss_oxide::scanner: Discovering "C:\\plataforma-pastores\\src\\app\\(dashboard)\\iglesias\\[id]"
2025-10-19T08:53:35.168320Z  INFO scan_sources: tailwindcss_oxide::scanner: Discovering "C:\\plataforma-pastores\\src\\app\\(dashboard)\\iglesias\\[id]\\edit"
2025-10-19T08:53:35.168600Z  INFO scan_sources: tailwindcss_oxide::scanner: Discovering "C:\\plataforma-pastores\\src\\app\\(dashboard)\\pastores"
2025-10-19T08:53:35.168726Z  INFO scan_sources: tailwindcss_oxide::scanner: Discovering "C:\\plataforma-pastores\\src\\app\\(dashboard)\\pastores\\new"
2025-10-19T08:53:35.168964Z  INFO scan_sources: tailwindcss_oxide::scanner: Discovering "C:\\plataforma-pastores\\src\\app\\(dashboard)\\pastores\\[id]"
2025-10-19T08:53:35.169086Z  INFO scan_sources: tailwindcss_oxide::scanner: Discovering "C:\\plataforma-pastores\\src\\app\\(dashboard)\\pastores\\[id]\\edit"
2025-10-19T08:53:35.169344Z  INFO scan_sources: tailwindcss_oxide::scanner: Discovering "C:\\plataforma-pastores\\src\\app\\403"
2025-10-19T08:53:35.169513Z  INFO scan_sources: tailwindcss_oxide::scanner: Discovering "C:\\plataforma-pastores\\src\\app\\api"
2025-10-19T08:53:35.169637Z  INFO scan_sources: tailwindcss_oxide::scanner: Discovering "C:\\plataforma-pastores\\src\\app\\api\\auth"
2025-10-19T08:53:35.169761Z  INFO scan_sources: tailwindcss_oxide::scanner: Discovering "C:\\plataforma-pastores\\src\\app\\api\\auth\\[...nextauth]"
2025-10-19T08:53:35.169942Z  INFO scan_sources: tailwindcss_oxide::scanner: Discovering "C:\\plataforma-pastores\\src\\app\\api\\dev"
2025-10-19T08:53:35.170064Z  INFO scan_sources: tailwindcss_oxide::scanner: Discovering "C:\\plataforma-pastores\\src\\app\\api\\dev\\dbcheck"
2025-10-19T08:53:35.170362Z  INFO scan_sources: tailwindcss_oxide::scanner: Discovering "C:\\plataforma-pastores\\src\\lib"
2025-10-19T08:53:35.170631Z  INFO scan_sources: tailwindcss_oxide::scanner: exit
2025-10-19T08:53:35.170641Z  INFO extract_candidates: tailwindcss_oxide::scanner: enter
2025-10-19T08:53:35.170645Z  INFO extract_candidates:read_all_files: tailwindcss_oxide::scanner: enter
2025-10-19T08:53:35.170648Z  INFO extract_candidates:read_all_files: tailwindcss_oxide::scanner: Reading 0 file(s)
2025-10-19T08:53:35.170653Z  INFO extract_candidates:read_all_files: tailwindcss_oxide::scanner: exit
2025-10-19T08:53:35.170656Z  INFO extract_candidates:parse_all_blobs: tailwindcss_oxide::scanner: enter
2025-10-19T08:53:35.170659Z  INFO extract_candidates:parse_all_blobs:extract: tailwindcss_oxide::scanner: enter
2025-10-19T08:53:35.170663Z  INFO extract_candidates:parse_all_blobs:extract: tailwindcss_oxide::scanner: exit
2025-10-19T08:53:35.170666Z  INFO extract_candidates:parse_all_blobs: tailwindcss_oxide::scanner: exit
2025-10-19T08:53:35.170670Z  INFO extract_candidates: tailwindcss_oxide::scanner: exit
2025-10-19T08:53:35.170887Z  INFO get_files: tailwindcss_oxide::scanner: enter
2025-10-19T08:53:35.170893Z  INFO get_files:scan_sources: tailwindcss_oxide::scanner: enter
2025-10-19T08:53:35.172162Z  INFO get_files:scan_sources: tailwindcss_oxide::scanner: Discovering "C:\\plataforma-pastores\\prisma"
2025-10-19T08:53:35.172295Z  INFO get_files:scan_sources: tailwindcss_oxide::scanner: Discovering "C:\\plataforma-pastores\\prisma\\migrations"
2025-10-19T08:53:35.172425Z  INFO get_files:scan_sources: tailwindcss_oxide::scanner: Discovering "C:\\plataforma-pastores\\prisma\\migrations\\20251016203616_init"
2025-10-19T08:53:35.172660Z  INFO get_files:scan_sources: tailwindcss_oxide::scanner: Discovering "C:\\plataforma-pastores\\prisma\\migrations\\20251017035010_init"
2025-10-19T08:53:35.172860Z  INFO get_files:scan_sources: tailwindcss_oxide::scanner: Discovering "C:\\plataforma-pastores\\prisma\\migrations\\20251017044508_add_email_verified_to_user"
2025-10-19T08:53:35.173037Z  INFO get_files:scan_sources: tailwindcss_oxide::scanner: Discovering "C:\\plataforma-pastores\\prisma\\migrations\\20251019042938_add_usuario_activo"
2025-10-19T08:53:35.173212Z  INFO get_files:scan_sources: tailwindcss_oxide::scanner: Discovering "C:\\plataforma-pastores\\prisma\\migrations\\20251019050047_enable_foreign_keys"
2025-10-19T08:53:35.173475Z  INFO get_files:scan_sources: tailwindcss_oxide::scanner: Discovering "C:\\plataforma-pastores\\public"
2025-10-19T08:53:35.173785Z  INFO get_files:scan_sources: tailwindcss_oxide::scanner: Discovering "C:\\plataforma-pastores\\scripts"
2025-10-19T08:53:35.173975Z  INFO get_files:scan_sources: tailwindcss_oxide::scanner: Discovering "C:\\plataforma-pastores\\src"
2025-10-19T08:53:35.174097Z  INFO get_files:scan_sources: tailwindcss_oxide::scanner: Discovering "C:\\plataforma-pastores\\src\\app"
2025-10-19T08:53:35.174224Z  INFO get_files:scan_sources: tailwindcss_oxide::scanner: Discovering "C:\\plataforma-pastores\\src\\app\\(dashboard)"
2025-10-19T08:53:35.174358Z  INFO get_files:scan_sources: tailwindcss_oxide::scanner: Discovering "C:\\plataforma-pastores\\src\\app\\(dashboard)\\credenciales"
2025-10-19T08:53:35.174486Z  INFO get_files:scan_sources: tailwindcss_oxide::scanner: Discovering "C:\\plataforma-pastores\\src\\app\\(dashboard)\\credenciales\\new"
2025-10-19T08:53:35.174708Z  INFO get_files:scan_sources: tailwindcss_oxide::scanner: Discovering "C:\\plataforma-pastores\\src\\app\\(dashboard)\\credenciales\\[id]"
2025-10-19T08:53:35.174830Z  INFO get_files:scan_sources: tailwindcss_oxide::scanner: Discovering "C:\\plataforma-pastores\\src\\app\\(dashboard)\\credenciales\\[id]\\edit"
2025-10-19T08:53:35.175044Z  INFO get_files:scan_sources: tailwindcss_oxide::scanner: Discovering "C:\\plataforma-pastores\\src\\app\\(dashboard)\\iglesias"
2025-10-19T08:53:35.175165Z  INFO get_files:scan_sources: tailwindcss_oxide::scanner: Discovering "C:\\plataforma-pastores\\src\\app\\(dashboard)\\iglesias\\new"
2025-10-19T08:53:35.175486Z  INFO get_files:scan_sources: tailwindcss_oxide::scanner: Discovering "C:\\plataforma-pastores\\src\\app\\(dashboard)\\iglesias\\[id]"
2025-10-19T08:53:35.175695Z  INFO get_files:scan_sources: tailwindcss_oxide::scanner: Discovering "C:\\plataforma-pastores\\src\\app\\(dashboard)\\iglesias\\[id]\\edit"
2025-10-19T08:53:35.176085Z  INFO get_files:scan_sources: tailwindcss_oxide::scanner: Discovering "C:\\plataforma-pastores\\src\\app\\(dashboard)\\pastores"
2025-10-19T08:53:35.176214Z  INFO get_files:scan_sources: tailwindcss_oxide::scanner: Discovering "C:\\plataforma-pastores\\src\\app\\(dashboard)\\pastores\\new"
2025-10-19T08:53:35.176498Z  INFO get_files:scan_sources: tailwindcss_oxide::scanner: Discovering "C:\\plataforma-pastores\\src\\app\\(dashboard)\\pastores\\[id]"
2025-10-19T08:53:35.176623Z  INFO get_files:scan_sources: tailwindcss_oxide::scanner: Discovering "C:\\plataforma-pastores\\src\\app\\(dashboard)\\pastores\\[id]\\edit"
2025-10-19T08:53:35.176855Z  INFO get_files:scan_sources: tailwindcss_oxide::scanner: Discovering "C:\\plataforma-pastores\\src\\app\\403"
2025-10-19T08:53:35.177022Z  INFO get_files:scan_sources: tailwindcss_oxide::scanner: Discovering "C:\\plataforma-pastores\\src\\app\\api"
2025-10-19T08:53:35.177152Z  INFO get_files:scan_sources: tailwindcss_oxide::scanner: Discovering "C:\\plataforma-pastores\\src\\app\\api\\auth"
2025-10-19T08:53:35.177277Z  INFO get_files:scan_sources: tailwindcss_oxide::scanner: Discovering "C:\\plataforma-pastores\\src\\app\\api\\auth\\[...nextauth]"
2025-10-19T08:53:35.177536Z  INFO get_files:scan_sources: tailwindcss_oxide::scanner: Discovering "C:\\plataforma-pastores\\src\\app\\api\\dev"
2025-10-19T08:53:35.177662Z  INFO get_files:scan_sources: tailwindcss_oxide::scanner: Discovering "C:\\plataforma-pastores\\src\\app\\api\\dev\\dbcheck"
2025-10-19T08:53:35.177948Z  INFO get_files:scan_sources: tailwindcss_oxide::scanner: Discovering "C:\\plataforma-pastores\\src\\lib"
2025-10-19T08:53:35.178200Z  INFO get_files:scan_sources: tailwindcss_oxide::scanner: exit
2025-10-19T08:53:35.178324Z  INFO get_files: tailwindcss_oxide::scanner: exit
2025-10-19T08:53:35.178422Z  INFO get_globs: tailwindcss_oxide::scanner: enter
2025-10-19T08:53:35.178429Z  INFO get_globs: tailwindcss_oxide::scanner: exit
