2025-10-19T08:37:55.597883Z  INFO tailwindcss_oxide::scanner: Provided sources:
2025-10-19T08:37:55.598068Z  INFO tailwindcss_oxide::scanner: Source: PublicSourceEntry { base: "C:\\plataforma-pastores", pattern: "**/*", negated: false }
2025-10-19T08:37:55.598308Z  INFO tailwindcss_oxide::scanner: Optimized sources:
2025-10-19T08:37:55.598326Z  INFO tailwindcss_oxide::scanner: Source: Auto { base: "C:\\plataforma-pastores" }
2025-10-19T08:37:55.600183Z  INFO scan_sources: tailwindcss_oxide::scanner: enter
2025-10-19T08:37:55.601741Z  INFO scan_sources: tailwindcss_oxide::scanner: Discovering "C:\\plataforma-pastores\\docker-compose.yml"
2025-10-19T08:37:55.601987Z  INFO scan_sources: tailwindcss_oxide::scanner: Discovering "C:\\plataforma-pastores\\init.sql"
2025-10-19T08:37:55.602046Z  INFO scan_sources: tailwindcss_oxide::scanner: Discovering "C:\\plataforma-pastores\\init_full.sql"
2025-10-19T08:37:55.602111Z  INFO scan_sources: tailwindcss_oxide::scanner: Discovering "C:\\plataforma-pastores\\next.config.ts"
2025-10-19T08:37:55.602297Z  INFO scan_sources: tailwindcss_oxide::scanner: Discovering "C:\\plataforma-pastores\\package.json"
2025-10-19T08:37:55.602369Z  INFO scan_sources: tailwindcss_oxide::scanner: Discovering "C:\\plataforma-pastores\\postcss.config.mjs"
2025-10-19T08:37:55.602461Z  INFO scan_sources: tailwindcss_oxide::scanner: Discovering "C:\\plataforma-pastores\\prisma"
2025-10-19T08:37:55.602598Z  INFO scan_sources: tailwindcss_oxide::scanner: Discovering "C:\\plataforma-pastores\\prisma\\migrations"
2025-10-19T08:37:55.602768Z  INFO scan_sources: tailwindcss_oxide::scanner: Discovering "C:\\plataforma-pastores\\prisma\\migrations\\20251016203616_init"
2025-10-19T08:37:55.602874Z  INFO scan_sources: tailwindcss_oxide::scanner: Discovering "C:\\plataforma-pastores\\prisma\\migrations\\20251016203616_init\\migration.sql"
2025-10-19T08:37:55.602975Z  INFO scan_sources: tailwindcss_oxide::scanner: Discovering "C:\\plataforma-pastores\\prisma\\migrations\\20251017035010_init"
2025-10-19T08:37:55.603075Z  INFO scan_sources: tailwindcss_oxide::scanner: Discovering "C:\\plataforma-pastores\\prisma\\migrations\\20251017035010_init\\migration.sql"
2025-10-19T08:37:55.603175Z  INFO scan_sources: tailwindcss_oxide::scanner: Discovering "C:\\plataforma-pastores\\prisma\\migrations\\20251017044508_add_email_verified_to_user"
2025-10-19T08:37:55.603274Z  INFO scan_sources: tailwindcss_oxide::scanner: Discovering "C:\\plataforma-pastores\\prisma\\migrations\\20251017044508_add_email_verified_to_user\\migration.sql"
2025-10-19T08:37:55.603381Z  INFO scan_sources: tailwindcss_oxide::scanner: Discovering "C:\\plataforma-pastores\\prisma\\migrations\\20251019042938_add_usuario_activo"
2025-10-19T08:37:55.603481Z  INFO scan_sources: tailwindcss_oxide::scanner: Discovering "C:\\plataforma-pastores\\prisma\\migrations\\20251019042938_add_usuario_activo\\migration.sql"
2025-10-19T08:37:55.603580Z  INFO scan_sources: tailwindcss_oxide::scanner: Discovering "C:\\plataforma-pastores\\prisma\\migrations\\20251019050047_enable_foreign_keys"
2025-10-19T08:37:55.603692Z  INFO scan_sources: tailwindcss_oxide::scanner: Discovering "C:\\plataforma-pastores\\prisma\\migrations\\20251019050047_enable_foreign_keys\\migration.sql"
2025-10-19T08:37:55.603790Z  INFO scan_sources: tailwindcss_oxide::scanner: Discovering "C:\\plataforma-pastores\\prisma\\migrations\\migration_lock.toml"
2025-10-19T08:37:55.603883Z  INFO scan_sources: tailwindcss_oxide::scanner: Discovering "C:\\plataforma-pastores\\prisma\\schema.prisma"
2025-10-19T08:37:55.604015Z  INFO scan_sources: tailwindcss_oxide::scanner: Discovering "C:\\plataforma-pastores\\public"
2025-10-19T08:37:55.604167Z  INFO scan_sources: tailwindcss_oxide::scanner: Discovering "C:\\plataforma-pastores\\public\\file.svg"
2025-10-19T08:37:55.604246Z  INFO scan_sources: tailwindcss_oxide::scanner: Discovering "C:\\plataforma-pastores\\public\\globe.svg"
2025-10-19T08:37:55.604320Z  INFO scan_sources: tailwindcss_oxide::scanner: Discovering "C:\\plataforma-pastores\\public\\next.svg"
2025-10-19T08:37:55.604424Z  INFO scan_sources: tailwindcss_oxide::scanner: Discovering "C:\\plataforma-pastores\\public\\vercel.svg"
2025-10-19T08:37:55.604594Z  INFO scan_sources: tailwindcss_oxide::scanner: Discovering "C:\\plataforma-pastores\\public\\window.svg"
2025-10-19T08:37:55.604718Z  INFO scan_sources: tailwindcss_oxide::scanner: Discovering "C:\\plataforma-pastores\\README.md"
2025-10-19T08:37:55.604852Z  INFO scan_sources: tailwindcss_oxide::scanner: Discovering "C:\\plataforma-pastores\\scripts"
2025-10-19T08:37:55.605005Z  INFO scan_sources: tailwindcss_oxide::scanner: Discovering "C:\\plataforma-pastores\\scripts\\activate.js"
2025-10-19T08:37:55.605090Z  INFO scan_sources: tailwindcss_oxide::scanner: Discovering "C:\\plataforma-pastores\\scripts\\cleanup.js"
2025-10-19T08:37:55.605263Z  INFO scan_sources: tailwindcss_oxide::scanner: Discovering "C:\\plataforma-pastores\\src"
2025-10-19T08:37:55.605448Z  INFO scan_sources: tailwindcss_oxide::scanner: Discovering "C:\\plataforma-pastores\\src\\app"
2025-10-19T08:37:55.605667Z  INFO scan_sources: tailwindcss_oxide::scanner: Discovering "C:\\plataforma-pastores\\src\\app\\(dashboard)"
2025-10-19T08:37:55.605873Z  INFO scan_sources: tailwindcss_oxide::scanner: Discovering "C:\\plataforma-pastores\\src\\app\\(dashboard)\\credenciales"
2025-10-19T08:37:55.606078Z  INFO scan_sources: tailwindcss_oxide::scanner: Discovering "C:\\plataforma-pastores\\src\\app\\(dashboard)\\credenciales\\new"
2025-10-19T08:37:55.606250Z  INFO scan_sources: tailwindcss_oxide::scanner: Discovering "C:\\plataforma-pastores\\src\\app\\(dashboard)\\credenciales\\new\\actions.ts"
2025-10-19T08:37:55.606340Z  INFO scan_sources: tailwindcss_oxide::scanner: Discovering "C:\\plataforma-pastores\\src\\app\\(dashboard)\\credenciales\\new\\page.tsx"
2025-10-19T08:37:55.606446Z  INFO scan_sources: tailwindcss_oxide::scanner: Discovering "C:\\plataforma-pastores\\src\\app\\(dashboard)\\credenciales\\page.tsx"
2025-10-19T08:37:55.606587Z  INFO scan_sources: tailwindcss_oxide::scanner: Discovering "C:\\plataforma-pastores\\src\\app\\(dashboard)\\credenciales\\[id]"
2025-10-19T08:37:55.606732Z  INFO scan_sources: tailwindcss_oxide::scanner: Discovering "C:\\plataforma-pastores\\src\\app\\(dashboard)\\credenciales\\[id]\\edit"
2025-10-19T08:37:55.606833Z  INFO scan_sources: tailwindcss_oxide::scanner: Discovering "C:\\plataforma-pastores\\src\\app\\(dashboard)\\credenciales\\[id]\\edit\\actions.ts"
2025-10-19T08:37:55.606886Z  INFO scan_sources: tailwindcss_oxide::scanner: Discovering "C:\\plataforma-pastores\\src\\app\\(dashboard)\\credenciales\\[id]\\edit\\page.tsx"
2025-10-19T08:37:55.607040Z  INFO scan_sources: tailwindcss_oxide::scanner: Discovering "C:\\plataforma-pastores\\src\\app\\(dashboard)\\iglesias"
2025-10-19T08:37:55.607224Z  INFO scan_sources: tailwindcss_oxide::scanner: Discovering "C:\\plataforma-pastores\\src\\app\\(dashboard)\\iglesias\\new"
2025-10-19T08:37:55.607338Z  INFO scan_sources: tailwindcss_oxide::scanner: Discovering "C:\\plataforma-pastores\\src\\app\\(dashboard)\\iglesias\\new\\actions.ts"
2025-10-19T08:37:55.607401Z  INFO scan_sources: tailwindcss_oxide::scanner: Discovering "C:\\plataforma-pastores\\src\\app\\(dashboard)\\iglesias\\new\\page.tsx"
2025-10-19T08:37:55.607626Z  INFO scan_sources: tailwindcss_oxide::scanner: Discovering "C:\\plataforma-pastores\\src\\app\\(dashboard)\\iglesias\\page.tsx"
2025-10-19T08:37:55.607775Z  INFO scan_sources: tailwindcss_oxide::scanner: Discovering "C:\\plataforma-pastores\\src\\app\\(dashboard)\\iglesias\\[id]"
2025-10-19T08:37:55.607920Z  INFO scan_sources: tailwindcss_oxide::scanner: Discovering "C:\\plataforma-pastores\\src\\app\\(dashboard)\\iglesias\\[id]\\edit"
2025-10-19T08:37:55.608049Z  INFO scan_sources: tailwindcss_oxide::scanner: Discovering "C:\\plataforma-pastores\\src\\app\\(dashboard)\\iglesias\\[id]\\edit\\actions.ts"
2025-10-19T08:37:55.608141Z  INFO scan_sources: tailwindcss_oxide::scanner: Discovering "C:\\plataforma-pastores\\src\\app\\(dashboard)\\iglesias\\[id]\\edit\\page.tsx"
2025-10-19T08:37:55.608249Z  INFO scan_sources: tailwindcss_oxide::scanner: Discovering "C:\\plataforma-pastores\\src\\app\\(dashboard)\\layout.tsx"
2025-10-19T08:37:55.608347Z  INFO scan_sources: tailwindcss_oxide::scanner: Discovering "C:\\plataforma-pastores\\src\\app\\(dashboard)\\page.tsx"
2025-10-19T08:37:55.608449Z  INFO scan_sources: tailwindcss_oxide::scanner: Discovering "C:\\plataforma-pastores\\src\\app\\(dashboard)\\pastores"
2025-10-19T08:37:55.608612Z  INFO scan_sources: tailwindcss_oxide::scanner: Discovering "C:\\plataforma-pastores\\src\\app\\(dashboard)\\pastores\\new"
2025-10-19T08:37:55.608720Z  INFO scan_sources: tailwindcss_oxide::scanner: Discovering "C:\\plataforma-pastores\\src\\app\\(dashboard)\\pastores\\new\\actions.ts"
2025-10-19T08:37:55.608771Z  INFO scan_sources: tailwindcss_oxide::scanner: Discovering "C:\\plataforma-pastores\\src\\app\\(dashboard)\\pastores\\new\\page.tsx"
2025-10-19T08:37:55.608839Z  INFO scan_sources: tailwindcss_oxide::scanner: Discovering "C:\\plataforma-pastores\\src\\app\\(dashboard)\\pastores\\page.tsx"
2025-10-19T08:37:55.608921Z  INFO scan_sources: tailwindcss_oxide::scanner: Discovering "C:\\plataforma-pastores\\src\\app\\(dashboard)\\pastores\\[id]"
2025-10-19T08:37:55.609047Z  INFO scan_sources: tailwindcss_oxide::scanner: Discovering "C:\\plataforma-pastores\\src\\app\\(dashboard)\\pastores\\[id]\\edit"
2025-10-19T08:37:55.609144Z  INFO scan_sources: tailwindcss_oxide::scanner: Discovering "C:\\plataforma-pastores\\src\\app\\(dashboard)\\pastores\\[id]\\edit\\actions.ts"
2025-10-19T08:37:55.609196Z  INFO scan_sources: tailwindcss_oxide::scanner: Discovering "C:\\plataforma-pastores\\src\\app\\(dashboard)\\pastores\\[id]\\edit\\page.tsx"
2025-10-19T08:37:55.609353Z  INFO scan_sources: tailwindcss_oxide::scanner: Discovering "C:\\plataforma-pastores\\src\\app\\403"
2025-10-19T08:37:55.609447Z  INFO scan_sources: tailwindcss_oxide::scanner: Discovering "C:\\plataforma-pastores\\src\\app\\403\\page.tsx"
2025-10-19T08:37:55.609544Z  INFO scan_sources: tailwindcss_oxide::scanner: Discovering "C:\\plataforma-pastores\\src\\app\\api"
2025-10-19T08:37:55.609667Z  INFO scan_sources: tailwindcss_oxide::scanner: Discovering "C:\\plataforma-pastores\\src\\app\\api\\auth"
2025-10-19T08:37:55.609817Z  INFO scan_sources: tailwindcss_oxide::scanner: Discovering "C:\\plataforma-pastores\\src\\app\\api\\auth\\[...nextauth]"
2025-10-19T08:37:55.609922Z  INFO scan_sources: tailwindcss_oxide::scanner: Discovering "C:\\plataforma-pastores\\src\\app\\api\\auth\\[...nextauth]\\route.ts"
2025-10-19T08:37:55.610043Z  INFO scan_sources: tailwindcss_oxide::scanner: Discovering "C:\\plataforma-pastores\\src\\app\\api\\dev"
2025-10-19T08:37:55.610171Z  INFO scan_sources: tailwindcss_oxide::scanner: Discovering "C:\\plataforma-pastores\\src\\app\\api\\dev\\dbcheck"
2025-10-19T08:37:55.610265Z  INFO scan_sources: tailwindcss_oxide::scanner: Discovering "C:\\plataforma-pastores\\src\\app\\api\\dev\\dbcheck\\route.ts"
2025-10-19T08:37:55.610364Z  INFO scan_sources: tailwindcss_oxide::scanner: Discovering "C:\\plataforma-pastores\\src\\app\\globals.css"
2025-10-19T08:37:55.610416Z  INFO scan_sources: tailwindcss_oxide::scanner: Discovering "C:\\plataforma-pastores\\src\\app\\layout.tsx"
2025-10-19T08:37:55.610465Z  INFO scan_sources: tailwindcss_oxide::scanner: Discovering "C:\\plataforma-pastores\\src\\app\\page.tsx"
2025-10-19T08:37:55.610566Z  INFO scan_sources: tailwindcss_oxide::scanner: Discovering "C:\\plataforma-pastores\\src\\lib"
2025-10-19T08:37:55.610659Z  INFO scan_sources: tailwindcss_oxide::scanner: Discovering "C:\\plataforma-pastores\\src\\lib\\prisma.ts"
2025-10-19T08:37:55.610729Z  INFO scan_sources: tailwindcss_oxide::scanner: Discovering "C:\\plataforma-pastores\\src\\middleware.ts"
2025-10-19T08:37:55.610830Z  INFO scan_sources: tailwindcss_oxide::scanner: Discovering "C:\\plataforma-pastores\\tsconfig.json"
2025-10-19T08:37:55.611014Z  INFO scan_sources: tailwindcss_oxide::scanner: exit
2025-10-19T08:37:55.611024Z  INFO extract_candidates: tailwindcss_oxide::scanner: enter
2025-10-19T08:37:55.611032Z  INFO extract_candidates:read_all_files: tailwindcss_oxide::scanner: enter
2025-10-19T08:37:55.611040Z  INFO extract_candidates:read_all_files: tailwindcss_oxide::scanner: Reading 46 file(s)
2025-10-19T08:37:55.611564Z  INFO tailwindcss_oxide::scanner: Reading "C:\\plataforma-pastores\\prisma\\migrations\\migration_lock.toml"
2025-10-19T08:37:55.611562Z  INFO tailwindcss_oxide::scanner: Reading "C:\\plataforma-pastores\\src\\app\\(dashboard)\\credenciales\\page.tsx"
2025-10-19T08:37:55.611569Z  INFO tailwindcss_oxide::scanner: Reading "C:\\plataforma-pastores\\docker-compose.yml"
2025-10-19T08:37:55.611609Z  INFO tailwindcss_oxide::scanner: Reading "C:\\plataforma-pastores\\postcss.config.mjs"
2025-10-19T08:37:55.611643Z  INFO tailwindcss_oxide::scanner: Reading "C:\\plataforma-pastores\\prisma\\schema.prisma"
2025-10-19T08:37:55.611643Z  INFO tailwindcss_oxide::scanner: Reading "C:\\plataforma-pastores\\src\\app\\(dashboard)\\credenciales\\[id]\\edit\\actions.ts"
2025-10-19T08:37:55.611649Z  INFO tailwindcss_oxide::scanner: Reading "C:\\plataforma-pastores\\prisma\\migrations\\20251017044508_add_email_verified_to_user\\migration.sql"
2025-10-19T08:37:55.611685Z  INFO tailwindcss_oxide::scanner: Reading "C:\\plataforma-pastores\\prisma\\migrations\\20251016203616_init\\migration.sql"
2025-10-19T08:37:55.611705Z  INFO tailwindcss_oxide::scanner: Reading "C:\\plataforma-pastores\\init.sql"
2025-10-19T08:37:55.611718Z  INFO tailwindcss_oxide::scanner: Reading "C:\\plataforma-pastores\\prisma\\migrations\\20251017035010_init\\migration.sql"
2025-10-19T08:37:55.611736Z  INFO tailwindcss_oxide::scanner: Reading "C:\\plataforma-pastores\\src\\app\\(dashboard)\\credenciales\\[id]\\edit\\page.tsx"
2025-10-19T08:37:55.611741Z  INFO tailwindcss_oxide::scanner: Reading "C:\\plataforma-pastores\\prisma\\migrations\\20251019042938_add_usuario_activo\\migration.sql"
2025-10-19T08:37:55.611718Z  INFO tailwindcss_oxide::scanner: Reading "C:\\plataforma-pastores\\public\\file.svg"
2025-10-19T08:37:55.611771Z  INFO tailwindcss_oxide::scanner: Reading "C:\\plataforma-pastores\\public\\window.svg"
2025-10-19T08:37:55.611784Z  INFO tailwindcss_oxide::scanner: Reading "C:\\plataforma-pastores\\init_full.sql"
2025-10-19T08:37:55.611782Z  INFO tailwindcss_oxide::scanner: Reading "C:\\plataforma-pastores\\prisma\\migrations\\20251019050047_enable_foreign_keys\\migration.sql"
2025-10-19T08:37:55.611793Z  INFO tailwindcss_oxide::scanner: Reading "C:\\plataforma-pastores\\src\\app\\(dashboard)\\iglesias\\new\\actions.ts"
2025-10-19T08:37:55.611829Z  INFO tailwindcss_oxide::scanner: Reading "C:\\plataforma-pastores\\scripts\\cleanup.js"
2025-10-19T08:37:55.611837Z  INFO tailwindcss_oxide::scanner: Reading "C:\\plataforma-pastores\\README.md"
2025-10-19T08:37:55.611852Z  INFO tailwindcss_oxide::scanner: Reading "C:\\plataforma-pastores\\src\\app\\(dashboard)\\iglesias\\new\\page.tsx"
2025-10-19T08:37:55.611856Z  INFO tailwindcss_oxide::scanner: Reading "C:\\plataforma-pastores\\src\\app\\(dashboard)\\pastores\\new\\page.tsx"
2025-10-19T08:37:55.611856Z  INFO tailwindcss_oxide::scanner: Reading "C:\\plataforma-pastores\\public\\next.svg"
2025-10-19T08:37:55.611878Z  INFO tailwindcss_oxide::scanner: Reading "C:\\plataforma-pastores\\public\\globe.svg"
2025-10-19T08:37:55.611885Z  INFO tailwindcss_oxide::scanner: Reading "C:\\plataforma-pastores\\public\\vercel.svg"
2025-10-19T08:37:55.611890Z  INFO tailwindcss_oxide::scanner: Reading "C:\\plataforma-pastores\\src\\app\\(dashboard)\\credenciales\\new\\actions.ts"
2025-10-19T08:37:55.611899Z  INFO tailwindcss_oxide::scanner: Reading "C:\\plataforma-pastores\\next.config.ts"
2025-10-19T08:37:55.611915Z  INFO tailwindcss_oxide::scanner: Reading "C:\\plataforma-pastores\\src\\app\\(dashboard)\\iglesias\\page.tsx"
2025-10-19T08:37:55.611915Z  INFO tailwindcss_oxide::scanner: Reading "C:\\plataforma-pastores\\src\\app\\(dashboard)\\pastores\\page.tsx"
2025-10-19T08:37:55.611925Z  INFO tailwindcss_oxide::scanner: Reading "C:\\plataforma-pastores\\scripts\\activate.js"
2025-10-19T08:37:55.611924Z  INFO tailwindcss_oxide::scanner: Reading "C:\\plataforma-pastores\\src\\app\\api\\dev\\dbcheck\\route.ts"
2025-10-19T08:37:55.611939Z  INFO tailwindcss_oxide::scanner: Reading "C:\\plataforma-pastores\\src\\app\\(dashboard)\\pastores\\[id]\\edit\\page.tsx"
2025-10-19T08:37:55.612005Z  INFO tailwindcss_oxide::scanner: Reading "C:\\plataforma-pastores\\src\\app\\api\\auth\\[...nextauth]\\route.ts"
2025-10-19T08:37:55.611947Z  INFO tailwindcss_oxide::scanner: Reading "C:\\plataforma-pastores\\src\\app\\(dashboard)\\credenciales\\new\\page.tsx"
2025-10-19T08:37:55.611949Z  INFO tailwindcss_oxide::scanner: Reading "C:\\plataforma-pastores\\package.json"
2025-10-19T08:37:55.611966Z  INFO tailwindcss_oxide::scanner: Reading "C:\\plataforma-pastores\\src\\app\\(dashboard)\\pastores\\[id]\\edit\\actions.ts"
2025-10-19T08:37:55.612041Z  INFO tailwindcss_oxide::scanner: Reading "C:\\plataforma-pastores\\src\\app\\403\\page.tsx"
2025-10-19T08:37:55.612064Z  INFO tailwindcss_oxide::scanner: Reading "C:\\plataforma-pastores\\src\\lib\\prisma.ts"
2025-10-19T08:37:55.611973Z  INFO tailwindcss_oxide::scanner: Reading "C:\\plataforma-pastores\\src\\app\\(dashboard)\\pastores\\new\\actions.ts"
2025-10-19T08:37:55.611971Z  INFO tailwindcss_oxide::scanner: Reading "C:\\plataforma-pastores\\src\\app\\(dashboard)\\layout.tsx"
2025-10-19T08:37:55.611999Z  INFO tailwindcss_oxide::scanner: Reading "C:\\plataforma-pastores\\src\\app\\(dashboard)\\page.tsx"
2025-10-19T08:37:55.612106Z  INFO tailwindcss_oxide::scanner: Reading "C:\\plataforma-pastores\\src\\app\\(dashboard)\\iglesias\\[id]\\edit\\page.tsx"
2025-10-19T08:37:55.611972Z  INFO tailwindcss_oxide::scanner: Reading "C:\\plataforma-pastores\\src\\app\\(dashboard)\\iglesias\\[id]\\edit\\actions.ts"
2025-10-19T08:37:55.612123Z  INFO tailwindcss_oxide::scanner: Reading "C:\\plataforma-pastores\\tsconfig.json"
2025-10-19T08:37:55.612075Z  INFO tailwindcss_oxide::scanner: Reading "C:\\plataforma-pastores\\src\\app\\layout.tsx"
2025-10-19T08:37:55.612074Z  INFO tailwindcss_oxide::scanner: Reading "C:\\plataforma-pastores\\src\\app\\page.tsx"
2025-10-19T08:37:55.612086Z  INFO tailwindcss_oxide::scanner: Reading "C:\\plataforma-pastores\\src\\middleware.ts"
2025-10-19T08:37:55.612215Z  INFO extract_candidates:read_all_files: tailwindcss_oxide::scanner: exit
2025-10-19T08:37:55.612227Z  INFO extract_candidates:parse_all_blobs: tailwindcss_oxide::scanner: enter
2025-10-19T08:37:55.612233Z  INFO extract_candidates:parse_all_blobs:extract: tailwindcss_oxide::scanner: enter
2025-10-19T08:37:55.612762Z  INFO extract_candidates:parse_all_blobs:extract: tailwindcss_oxide::scanner: exit
2025-10-19T08:37:55.612777Z  INFO extract_candidates:parse_all_blobs: tailwindcss_oxide::scanner: exit
2025-10-19T08:37:55.612782Z  INFO extract_candidates:read_all_files: tailwindcss_oxide::scanner: enter
2025-10-19T08:37:55.612785Z  INFO extract_candidates:read_all_files: tailwindcss_oxide::scanner: Reading 1 file(s)
2025-10-19T08:37:55.612832Z  INFO extract_candidates:read_all_files: tailwindcss_oxide::scanner: Reading "C:\\plataforma-pastores\\src\\app\\globals.css"
2025-10-19T08:37:55.612838Z  INFO extract_candidates:read_all_files: tailwindcss_oxide::scanner: exit
2025-10-19T08:37:55.612845Z  INFO extract_candidates:extract_css_variables: tailwindcss_oxide::scanner: enter
2025-10-19T08:37:55.612848Z  INFO extract_candidates:extract_css_variables:extract: tailwindcss_oxide::scanner: enter
2025-10-19T08:37:55.612919Z  INFO extract_candidates:extract_css_variables:extract: tailwindcss_oxide::scanner: exit
2025-10-19T08:37:55.612927Z  INFO extract_candidates:extract_css_variables: tailwindcss_oxide::scanner: exit
2025-10-19T08:37:55.613291Z  INFO extract_candidates: tailwindcss_oxide::scanner: exit
2025-10-19T08:37:55.613954Z  INFO get_files: tailwindcss_oxide::scanner: enter
2025-10-19T08:37:55.613968Z  INFO get_files:scan_sources: tailwindcss_oxide::scanner: enter
2025-10-19T08:37:55.616077Z  INFO get_files:scan_sources: tailwindcss_oxide::scanner: Discovering "C:\\plataforma-pastores\\prisma"
2025-10-19T08:37:55.616392Z  INFO get_files:scan_sources: tailwindcss_oxide::scanner: Discovering "C:\\plataforma-pastores\\prisma\\migrations"
2025-10-19T08:37:55.616767Z  INFO get_files:scan_sources: tailwindcss_oxide::scanner: Discovering "C:\\plataforma-pastores\\prisma\\migrations\\20251016203616_init"
2025-10-19T08:37:55.617027Z  INFO get_files:scan_sources: tailwindcss_oxide::scanner: Discovering "C:\\plataforma-pastores\\prisma\\migrations\\20251017035010_init"
2025-10-19T08:37:55.617462Z  INFO get_files:scan_sources: tailwindcss_oxide::scanner: Discovering "C:\\plataforma-pastores\\prisma\\migrations\\20251017044508_add_email_verified_to_user"
2025-10-19T08:37:55.617822Z  INFO get_files:scan_sources: tailwindcss_oxide::scanner: Discovering "C:\\plataforma-pastores\\prisma\\migrations\\20251019042938_add_usuario_activo"
2025-10-19T08:37:55.618215Z  INFO get_files:scan_sources: tailwindcss_oxide::scanner: Discovering "C:\\plataforma-pastores\\prisma\\migrations\\20251019050047_enable_foreign_keys"
2025-10-19T08:37:55.618683Z  INFO get_files:scan_sources: tailwindcss_oxide::scanner: Discovering "C:\\plataforma-pastores\\public"
2025-10-19T08:37:55.619197Z  INFO get_files:scan_sources: tailwindcss_oxide::scanner: Discovering "C:\\plataforma-pastores\\scripts"
2025-10-19T08:37:55.619418Z  INFO get_files:scan_sources: tailwindcss_oxide::scanner: Discovering "C:\\plataforma-pastores\\src"
2025-10-19T08:37:55.619571Z  INFO get_files:scan_sources: tailwindcss_oxide::scanner: Discovering "C:\\plataforma-pastores\\src\\app"
2025-10-19T08:37:55.619703Z  INFO get_files:scan_sources: tailwindcss_oxide::scanner: Discovering "C:\\plataforma-pastores\\src\\app\\(dashboard)"
2025-10-19T08:37:55.619844Z  INFO get_files:scan_sources: tailwindcss_oxide::scanner: Discovering "C:\\plataforma-pastores\\src\\app\\(dashboard)\\credenciales"
2025-10-19T08:37:55.619985Z  INFO get_files:scan_sources: tailwindcss_oxide::scanner: Discovering "C:\\plataforma-pastores\\src\\app\\(dashboard)\\credenciales\\new"
2025-10-19T08:37:55.620207Z  INFO get_files:scan_sources: tailwindcss_oxide::scanner: Discovering "C:\\plataforma-pastores\\src\\app\\(dashboard)\\credenciales\\[id]"
2025-10-19T08:37:55.620377Z  INFO get_files:scan_sources: tailwindcss_oxide::scanner: Discovering "C:\\plataforma-pastores\\src\\app\\(dashboard)\\credenciales\\[id]\\edit"
2025-10-19T08:37:55.620697Z  INFO get_files:scan_sources: tailwindcss_oxide::scanner: Discovering "C:\\plataforma-pastores\\src\\app\\(dashboard)\\iglesias"
2025-10-19T08:37:55.620850Z  INFO get_files:scan_sources: tailwindcss_oxide::scanner: Discovering "C:\\plataforma-pastores\\src\\app\\(dashboard)\\iglesias\\new"
2025-10-19T08:37:55.621076Z  INFO get_files:scan_sources: tailwindcss_oxide::scanner: Discovering "C:\\plataforma-pastores\\src\\app\\(dashboard)\\iglesias\\[id]"
2025-10-19T08:37:55.621200Z  INFO get_files:scan_sources: tailwindcss_oxide::scanner: Discovering "C:\\plataforma-pastores\\src\\app\\(dashboard)\\iglesias\\[id]\\edit"
2025-10-19T08:37:55.621506Z  INFO get_files:scan_sources: tailwindcss_oxide::scanner: Discovering "C:\\plataforma-pastores\\src\\app\\(dashboard)\\pastores"
2025-10-19T08:37:55.621632Z  INFO get_files:scan_sources: tailwindcss_oxide::scanner: Discovering "C:\\plataforma-pastores\\src\\app\\(dashboard)\\pastores\\new"
2025-10-19T08:37:55.621984Z  INFO get_files:scan_sources: tailwindcss_oxide::scanner: Discovering "C:\\plataforma-pastores\\src\\app\\(dashboard)\\pastores\\[id]"
2025-10-19T08:37:55.622145Z  INFO get_files:scan_sources: tailwindcss_oxide::scanner: Discovering "C:\\plataforma-pastores\\src\\app\\(dashboard)\\pastores\\[id]\\edit"
2025-10-19T08:37:55.622460Z  INFO get_files:scan_sources: tailwindcss_oxide::scanner: Discovering "C:\\plataforma-pastores\\src\\app\\403"
2025-10-19T08:37:55.622640Z  INFO get_files:scan_sources: tailwindcss_oxide::scanner: Discovering "C:\\plataforma-pastores\\src\\app\\api"
2025-10-19T08:37:55.622763Z  INFO get_files:scan_sources: tailwindcss_oxide::scanner: Discovering "C:\\plataforma-pastores\\src\\app\\api\\auth"
2025-10-19T08:37:55.622890Z  INFO get_files:scan_sources: tailwindcss_oxide::scanner: Discovering "C:\\plataforma-pastores\\src\\app\\api\\auth\\[...nextauth]"
2025-10-19T08:37:55.623087Z  INFO get_files:scan_sources: tailwindcss_oxide::scanner: Discovering "C:\\plataforma-pastores\\src\\app\\api\\dev"
2025-10-19T08:37:55.623235Z  INFO get_files:scan_sources: tailwindcss_oxide::scanner: Discovering "C:\\plataforma-pastores\\src\\app\\api\\dev\\dbcheck"
2025-10-19T08:37:55.623583Z  INFO get_files:scan_sources: tailwindcss_oxide::scanner: Discovering "C:\\plataforma-pastores\\src\\lib"
2025-10-19T08:37:55.624064Z  INFO get_files:scan_sources: tailwindcss_oxide::scanner: exit
2025-10-19T08:37:55.624185Z  INFO get_files: tailwindcss_oxide::scanner: exit
2025-10-19T08:37:55.624337Z  INFO get_globs: tailwindcss_oxide::scanner: enter
2025-10-19T08:37:55.624344Z  INFO get_globs:scan_sources: tailwindcss_oxide::scanner: enter
2025-10-19T08:37:55.626013Z  INFO get_globs:scan_sources: tailwindcss_oxide::scanner: Discovering "C:\\plataforma-pastores\\prisma"
2025-10-19T08:37:55.626146Z  INFO get_globs:scan_sources: tailwindcss_oxide::scanner: Discovering "C:\\plataforma-pastores\\prisma\\migrations"
2025-10-19T08:37:55.626279Z  INFO get_globs:scan_sources: tailwindcss_oxide::scanner: Discovering "C:\\plataforma-pastores\\prisma\\migrations\\20251016203616_init"
2025-10-19T08:37:55.626455Z  INFO get_globs:scan_sources: tailwindcss_oxide::scanner: Discovering "C:\\plataforma-pastores\\prisma\\migrations\\20251017035010_init"
2025-10-19T08:37:55.626692Z  INFO get_globs:scan_sources: tailwindcss_oxide::scanner: Discovering "C:\\plataforma-pastores\\prisma\\migrations\\20251017044508_add_email_verified_to_user"
2025-10-19T08:37:55.626871Z  INFO get_globs:scan_sources: tailwindcss_oxide::scanner: Discovering "C:\\plataforma-pastores\\prisma\\migrations\\20251019042938_add_usuario_activo"
2025-10-19T08:37:55.627044Z  INFO get_globs:scan_sources: tailwindcss_oxide::scanner: Discovering "C:\\plataforma-pastores\\prisma\\migrations\\20251019050047_enable_foreign_keys"
2025-10-19T08:37:55.627480Z  INFO get_globs:scan_sources: tailwindcss_oxide::scanner: Discovering "C:\\plataforma-pastores\\public"
2025-10-19T08:37:55.627825Z  INFO get_globs:scan_sources: tailwindcss_oxide::scanner: Discovering "C:\\plataforma-pastores\\scripts"
2025-10-19T08:37:55.628156Z  INFO get_globs:scan_sources: tailwindcss_oxide::scanner: Discovering "C:\\plataforma-pastores\\src"
2025-10-19T08:37:55.628292Z  INFO get_globs:scan_sources: tailwindcss_oxide::scanner: Discovering "C:\\plataforma-pastores\\src\\app"
2025-10-19T08:37:55.628425Z  INFO get_globs:scan_sources: tailwindcss_oxide::scanner: Discovering "C:\\plataforma-pastores\\src\\app\\(dashboard)"
2025-10-19T08:37:55.628697Z  INFO get_globs:scan_sources: tailwindcss_oxide::scanner: Discovering "C:\\plataforma-pastores\\src\\app\\(dashboard)\\credenciales"
2025-10-19T08:37:55.628900Z  INFO get_globs:scan_sources: tailwindcss_oxide::scanner: Discovering "C:\\plataforma-pastores\\src\\app\\(dashboard)\\credenciales\\new"
2025-10-19T08:37:55.629252Z  INFO get_globs:scan_sources: tailwindcss_oxide::scanner: Discovering "C:\\plataforma-pastores\\src\\app\\(dashboard)\\credenciales\\[id]"
2025-10-19T08:37:55.629444Z  INFO get_globs:scan_sources: tailwindcss_oxide::scanner: Discovering "C:\\plataforma-pastores\\src\\app\\(dashboard)\\credenciales\\[id]\\edit"
2025-10-19T08:37:55.629785Z  INFO get_globs:scan_sources: tailwindcss_oxide::scanner: Discovering "C:\\plataforma-pastores\\src\\app\\(dashboard)\\iglesias"
2025-10-19T08:37:55.629969Z  INFO get_globs:scan_sources: tailwindcss_oxide::scanner: Discovering "C:\\plataforma-pastores\\src\\app\\(dashboard)\\iglesias\\new"
2025-10-19T08:37:55.630300Z  INFO get_globs:scan_sources: tailwindcss_oxide::scanner: Discovering "C:\\plataforma-pastores\\src\\app\\(dashboard)\\iglesias\\[id]"
2025-10-19T08:37:55.630583Z  INFO get_globs:scan_sources: tailwindcss_oxide::scanner: Discovering "C:\\plataforma-pastores\\src\\app\\(dashboard)\\iglesias\\[id]\\edit"
2025-10-19T08:37:55.630890Z  INFO get_globs:scan_sources: tailwindcss_oxide::scanner: Discovering "C:\\plataforma-pastores\\src\\app\\(dashboard)\\pastores"
2025-10-19T08:37:55.631021Z  INFO get_globs:scan_sources: tailwindcss_oxide::scanner: Discovering "C:\\plataforma-pastores\\src\\app\\(dashboard)\\pastores\\new"
2025-10-19T08:37:55.631239Z  INFO get_globs:scan_sources: tailwindcss_oxide::scanner: Discovering "C:\\plataforma-pastores\\src\\app\\(dashboard)\\pastores\\[id]"
2025-10-19T08:37:55.631361Z  INFO get_globs:scan_sources: tailwindcss_oxide::scanner: Discovering "C:\\plataforma-pastores\\src\\app\\(dashboard)\\pastores\\[id]\\edit"
2025-10-19T08:37:55.631604Z  INFO get_globs:scan_sources: tailwindcss_oxide::scanner: Discovering "C:\\plataforma-pastores\\src\\app\\403"
2025-10-19T08:37:55.631785Z  INFO get_globs:scan_sources: tailwindcss_oxide::scanner: Discovering "C:\\plataforma-pastores\\src\\app\\api"
2025-10-19T08:37:55.631908Z  INFO get_globs:scan_sources: tailwindcss_oxide::scanner: Discovering "C:\\plataforma-pastores\\src\\app\\api\\auth"
2025-10-19T08:37:55.632032Z  INFO get_globs:scan_sources: tailwindcss_oxide::scanner: Discovering "C:\\plataforma-pastores\\src\\app\\api\\auth\\[...nextauth]"
2025-10-19T08:37:55.632214Z  INFO get_globs:scan_sources: tailwindcss_oxide::scanner: Discovering "C:\\plataforma-pastores\\src\\app\\api\\dev"
2025-10-19T08:37:55.632338Z  INFO get_globs:scan_sources: tailwindcss_oxide::scanner: Discovering "C:\\plataforma-pastores\\src\\app\\api\\dev\\dbcheck"
2025-10-19T08:37:55.632676Z  INFO get_globs:scan_sources: tailwindcss_oxide::scanner: Discovering "C:\\plataforma-pastores\\src\\lib"
2025-10-19T08:37:55.633038Z  INFO get_globs:scan_sources: tailwindcss_oxide::scanner: exit
2025-10-19T08:37:55.639183Z  INFO get_globs: tailwindcss_oxide::scanner: exit
2025-10-19T08:39:47.793618Z  INFO scan_sources: tailwindcss_oxide::scanner: enter
2025-10-19T08:39:47.795299Z  INFO scan_sources: tailwindcss_oxide::scanner: Discovering "C:\\plataforma-pastores\\prisma"
2025-10-19T08:39:47.795446Z  INFO scan_sources: tailwindcss_oxide::scanner: Discovering "C:\\plataforma-pastores\\prisma\\migrations"
2025-10-19T08:39:47.795583Z  INFO scan_sources: tailwindcss_oxide::scanner: Discovering "C:\\plataforma-pastores\\prisma\\migrations\\20251016203616_init"
2025-10-19T08:39:47.795759Z  INFO scan_sources: tailwindcss_oxide::scanner: Discovering "C:\\plataforma-pastores\\prisma\\migrations\\20251017035010_init"
2025-10-19T08:39:47.795930Z  INFO scan_sources: tailwindcss_oxide::scanner: Discovering "C:\\plataforma-pastores\\prisma\\migrations\\20251017044508_add_email_verified_to_user"
2025-10-19T08:39:47.796107Z  INFO scan_sources: tailwindcss_oxide::scanner: Discovering "C:\\plataforma-pastores\\prisma\\migrations\\20251019042938_add_usuario_activo"
2025-10-19T08:39:47.796308Z  INFO scan_sources: tailwindcss_oxide::scanner: Discovering "C:\\plataforma-pastores\\prisma\\migrations\\20251019050047_enable_foreign_keys"
2025-10-19T08:39:47.796564Z  INFO scan_sources: tailwindcss_oxide::scanner: Discovering "C:\\plataforma-pastores\\public"
2025-10-19T08:39:47.796868Z  INFO scan_sources: tailwindcss_oxide::scanner: Discovering "C:\\plataforma-pastores\\scripts"
2025-10-19T08:39:47.797061Z  INFO scan_sources: tailwindcss_oxide::scanner: Discovering "C:\\plataforma-pastores\\src"
2025-10-19T08:39:47.797186Z  INFO scan_sources: tailwindcss_oxide::scanner: Discovering "C:\\plataforma-pastores\\src\\app"
2025-10-19T08:39:47.797313Z  INFO scan_sources: tailwindcss_oxide::scanner: Discovering "C:\\plataforma-pastores\\src\\app\\(dashboard)"
2025-10-19T08:39:47.797444Z  INFO scan_sources: tailwindcss_oxide::scanner: Discovering "C:\\plataforma-pastores\\src\\app\\(dashboard)\\credenciales"
2025-10-19T08:39:47.797570Z  INFO scan_sources: tailwindcss_oxide::scanner: Discovering "C:\\plataforma-pastores\\src\\app\\(dashboard)\\credenciales\\new"
2025-10-19T08:39:47.797789Z  INFO scan_sources: tailwindcss_oxide::scanner: Discovering "C:\\plataforma-pastores\\src\\app\\(dashboard)\\credenciales\\[id]"
2025-10-19T08:39:47.797915Z  INFO scan_sources: tailwindcss_oxide::scanner: Discovering "C:\\plataforma-pastores\\src\\app\\(dashboard)\\credenciales\\[id]\\edit"
2025-10-19T08:39:47.798196Z  INFO scan_sources: tailwindcss_oxide::scanner: Discovering "C:\\plataforma-pastores\\src\\app\\(dashboard)\\iglesias"
2025-10-19T08:39:47.798383Z  INFO scan_sources: tailwindcss_oxide::scanner: Discovering "C:\\plataforma-pastores\\src\\app\\(dashboard)\\iglesias\\new"
2025-10-19T08:39:47.798655Z  INFO scan_sources: tailwindcss_oxide::scanner: Discovering "C:\\plataforma-pastores\\src\\app\\(dashboard)\\iglesias\\[id]"
2025-10-19T08:39:47.798786Z  INFO scan_sources: tailwindcss_oxide::scanner: Discovering "C:\\plataforma-pastores\\src\\app\\(dashboard)\\iglesias\\[id]\\edit"
2025-10-19T08:39:47.799080Z  INFO scan_sources: tailwindcss_oxide::scanner: Discovering "C:\\plataforma-pastores\\src\\app\\(dashboard)\\pastores"
2025-10-19T08:39:47.799233Z  INFO scan_sources: tailwindcss_oxide::scanner: Discovering "C:\\plataforma-pastores\\src\\app\\(dashboard)\\pastores\\new"
2025-10-19T08:39:47.799562Z  INFO scan_sources: tailwindcss_oxide::scanner: Discovering "C:\\plataforma-pastores\\src\\app\\(dashboard)\\pastores\\[id]"
2025-10-19T08:39:47.799735Z  INFO scan_sources: tailwindcss_oxide::scanner: Discovering "C:\\plataforma-pastores\\src\\app\\(dashboard)\\pastores\\[id]\\edit"
2025-10-19T08:39:47.799997Z  INFO scan_sources: tailwindcss_oxide::scanner: Discovering "C:\\plataforma-pastores\\src\\app\\403"
2025-10-19T08:39:47.800166Z  INFO scan_sources: tailwindcss_oxide::scanner: Discovering "C:\\plataforma-pastores\\src\\app\\api"
2025-10-19T08:39:47.800292Z  INFO scan_sources: tailwindcss_oxide::scanner: Discovering "C:\\plataforma-pastores\\src\\app\\api\\auth"
2025-10-19T08:39:47.800417Z  INFO scan_sources: tailwindcss_oxide::scanner: Discovering "C:\\plataforma-pastores\\src\\app\\api\\auth\\[...nextauth]"
2025-10-19T08:39:47.800602Z  INFO scan_sources: tailwindcss_oxide::scanner: Discovering "C:\\plataforma-pastores\\src\\app\\api\\dev"
2025-10-19T08:39:47.800726Z  INFO scan_sources: tailwindcss_oxide::scanner: Discovering "C:\\plataforma-pastores\\src\\app\\api\\dev\\dbcheck"
2025-10-19T08:39:47.801028Z  INFO scan_sources: tailwindcss_oxide::scanner: Discovering "C:\\plataforma-pastores\\src\\lib"
2025-10-19T08:39:47.801124Z  INFO scan_sources: tailwindcss_oxide::scanner: Discovering "C:\\plataforma-pastores\\src\\lib\\prisma.ts"
2025-10-19T08:39:47.801317Z  INFO scan_sources: tailwindcss_oxide::scanner: exit
2025-10-19T08:39:47.801326Z  INFO extract_candidates: tailwindcss_oxide::scanner: enter
2025-10-19T08:39:47.801330Z  INFO extract_candidates:read_all_files: tailwindcss_oxide::scanner: enter
2025-10-19T08:39:47.801333Z  INFO extract_candidates:read_all_files: tailwindcss_oxide::scanner: Reading 1 file(s)
2025-10-19T08:39:47.801374Z  INFO extract_candidates:read_all_files: tailwindcss_oxide::scanner: Reading "C:\\plataforma-pastores\\src\\lib\\prisma.ts"
2025-10-19T08:39:47.801381Z  INFO extract_candidates:read_all_files: tailwindcss_oxide::scanner: exit
2025-10-19T08:39:47.801385Z  INFO extract_candidates:parse_all_blobs: tailwindcss_oxide::scanner: enter
2025-10-19T08:39:47.801388Z  INFO extract_candidates:parse_all_blobs:extract: tailwindcss_oxide::scanner: enter
2025-10-19T08:39:47.801517Z  INFO extract_candidates:parse_all_blobs:extract: tailwindcss_oxide::scanner: exit
2025-10-19T08:39:47.801526Z  INFO extract_candidates:parse_all_blobs: tailwindcss_oxide::scanner: exit
2025-10-19T08:39:47.801590Z  INFO extract_candidates: tailwindcss_oxide::scanner: exit
2025-10-19T08:39:47.801882Z  INFO get_files: tailwindcss_oxide::scanner: enter
2025-10-19T08:39:47.801890Z  INFO get_files:scan_sources: tailwindcss_oxide::scanner: enter
2025-10-19T08:39:47.803530Z  INFO get_files:scan_sources: tailwindcss_oxide::scanner: Discovering "C:\\plataforma-pastores\\prisma"
2025-10-19T08:39:47.803716Z  INFO get_files:scan_sources: tailwindcss_oxide::scanner: Discovering "C:\\plataforma-pastores\\prisma\\migrations"
2025-10-19T08:39:47.803921Z  INFO get_files:scan_sources: tailwindcss_oxide::scanner: Discovering "C:\\plataforma-pastores\\prisma\\migrations\\20251016203616_init"
2025-10-19T08:39:47.804229Z  INFO get_files:scan_sources: tailwindcss_oxide::scanner: Discovering "C:\\plataforma-pastores\\prisma\\migrations\\20251017035010_init"
2025-10-19T08:39:47.804496Z  INFO get_files:scan_sources: tailwindcss_oxide::scanner: Discovering "C:\\plataforma-pastores\\prisma\\migrations\\20251017044508_add_email_verified_to_user"
2025-10-19T08:39:47.804778Z  INFO get_files:scan_sources: tailwindcss_oxide::scanner: Discovering "C:\\plataforma-pastores\\prisma\\migrations\\20251019042938_add_usuario_activo"
2025-10-19T08:39:47.804992Z  INFO get_files:scan_sources: tailwindcss_oxide::scanner: Discovering "C:\\plataforma-pastores\\prisma\\migrations\\20251019050047_enable_foreign_keys"
2025-10-19T08:39:47.805261Z  INFO get_files:scan_sources: tailwindcss_oxide::scanner: Discovering "C:\\plataforma-pastores\\public"
2025-10-19T08:39:47.805561Z  INFO get_files:scan_sources: tailwindcss_oxide::scanner: Discovering "C:\\plataforma-pastores\\scripts"
2025-10-19T08:39:47.805755Z  INFO get_files:scan_sources: tailwindcss_oxide::scanner: Discovering "C:\\plataforma-pastores\\src"
2025-10-19T08:39:47.805882Z  INFO get_files:scan_sources: tailwindcss_oxide::scanner: Discovering "C:\\plataforma-pastores\\src\\app"
2025-10-19T08:39:47.806012Z  INFO get_files:scan_sources: tailwindcss_oxide::scanner: Discovering "C:\\plataforma-pastores\\src\\app\\(dashboard)"
2025-10-19T08:39:47.806145Z  INFO get_files:scan_sources: tailwindcss_oxide::scanner: Discovering "C:\\plataforma-pastores\\src\\app\\(dashboard)\\credenciales"
2025-10-19T08:39:47.806272Z  INFO get_files:scan_sources: tailwindcss_oxide::scanner: Discovering "C:\\plataforma-pastores\\src\\app\\(dashboard)\\credenciales\\new"
2025-10-19T08:39:47.806508Z  INFO get_files:scan_sources: tailwindcss_oxide::scanner: Discovering "C:\\plataforma-pastores\\src\\app\\(dashboard)\\credenciales\\[id]"
2025-10-19T08:39:47.806635Z  INFO get_files:scan_sources: tailwindcss_oxide::scanner: Discovering "C:\\plataforma-pastores\\src\\app\\(dashboard)\\credenciales\\[id]\\edit"
2025-10-19T08:39:47.806866Z  INFO get_files:scan_sources: tailwindcss_oxide::scanner: Discovering "C:\\plataforma-pastores\\src\\app\\(dashboard)\\iglesias"
2025-10-19T08:39:47.806989Z  INFO get_files:scan_sources: tailwindcss_oxide::scanner: Discovering "C:\\plataforma-pastores\\src\\app\\(dashboard)\\iglesias\\new"
2025-10-19T08:39:47.807202Z  INFO get_files:scan_sources: tailwindcss_oxide::scanner: Discovering "C:\\plataforma-pastores\\src\\app\\(dashboard)\\iglesias\\[id]"
2025-10-19T08:39:47.807327Z  INFO get_files:scan_sources: tailwindcss_oxide::scanner: Discovering "C:\\plataforma-pastores\\src\\app\\(dashboard)\\iglesias\\[id]\\edit"
2025-10-19T08:39:47.807593Z  INFO get_files:scan_sources: tailwindcss_oxide::scanner: Discovering "C:\\plataforma-pastores\\src\\app\\(dashboard)\\pastores"
2025-10-19T08:39:47.807719Z  INFO get_files:scan_sources: tailwindcss_oxide::scanner: Discovering "C:\\plataforma-pastores\\src\\app\\(dashboard)\\pastores\\new"
2025-10-19T08:39:47.807932Z  INFO get_files:scan_sources: tailwindcss_oxide::scanner: Discovering "C:\\plataforma-pastores\\src\\app\\(dashboard)\\pastores\\[id]"
2025-10-19T08:39:47.808055Z  INFO get_files:scan_sources: tailwindcss_oxide::scanner: Discovering "C:\\plataforma-pastores\\src\\app\\(dashboard)\\pastores\\[id]\\edit"
2025-10-19T08:39:47.808281Z  INFO get_files:scan_sources: tailwindcss_oxide::scanner: Discovering "C:\\plataforma-pastores\\src\\app\\403"
2025-10-19T08:39:47.808457Z  INFO get_files:scan_sources: tailwindcss_oxide::scanner: Discovering "C:\\plataforma-pastores\\src\\app\\api"
2025-10-19T08:39:47.808580Z  INFO get_files:scan_sources: tailwindcss_oxide::scanner: Discovering "C:\\plataforma-pastores\\src\\app\\api\\auth"
2025-10-19T08:39:47.808704Z  INFO get_files:scan_sources: tailwindcss_oxide::scanner: Discovering "C:\\plataforma-pastores\\src\\app\\api\\auth\\[...nextauth]"
2025-10-19T08:39:47.808884Z  INFO get_files:scan_sources: tailwindcss_oxide::scanner: Discovering "C:\\plataforma-pastores\\src\\app\\api\\dev"
2025-10-19T08:39:47.809010Z  INFO get_files:scan_sources: tailwindcss_oxide::scanner: Discovering "C:\\plataforma-pastores\\src\\app\\api\\dev\\dbcheck"
2025-10-19T08:39:47.809294Z  INFO get_files:scan_sources: tailwindcss_oxide::scanner: Discovering "C:\\plataforma-pastores\\src\\lib"
2025-10-19T08:39:47.809554Z  INFO get_files:scan_sources: tailwindcss_oxide::scanner: exit
2025-10-19T08:39:47.809680Z  INFO get_files: tailwindcss_oxide::scanner: exit
2025-10-19T08:39:47.809877Z  INFO get_globs: tailwindcss_oxide::scanner: enter
2025-10-19T08:39:47.809887Z  INFO get_globs: tailwindcss_oxide::scanner: exit
2025-10-19T08:39:47.818269Z  INFO scan_sources: tailwindcss_oxide::scanner: enter
2025-10-19T08:39:47.819971Z  INFO scan_sources: tailwindcss_oxide::scanner: Discovering "C:\\plataforma-pastores\\prisma"
2025-10-19T08:39:47.820111Z  INFO scan_sources: tailwindcss_oxide::scanner: Discovering "C:\\plataforma-pastores\\prisma\\migrations"
2025-10-19T08:39:47.820247Z  INFO scan_sources: tailwindcss_oxide::scanner: Discovering "C:\\plataforma-pastores\\prisma\\migrations\\20251016203616_init"
2025-10-19T08:39:47.820426Z  INFO scan_sources: tailwindcss_oxide::scanner: Discovering "C:\\plataforma-pastores\\prisma\\migrations\\20251017035010_init"
2025-10-19T08:39:47.820661Z  INFO scan_sources: tailwindcss_oxide::scanner: Discovering "C:\\plataforma-pastores\\prisma\\migrations\\20251017044508_add_email_verified_to_user"
2025-10-19T08:39:47.820841Z  INFO scan_sources: tailwindcss_oxide::scanner: Discovering "C:\\plataforma-pastores\\prisma\\migrations\\20251019042938_add_usuario_activo"
2025-10-19T08:39:47.821026Z  INFO scan_sources: tailwindcss_oxide::scanner: Discovering "C:\\plataforma-pastores\\prisma\\migrations\\20251019050047_enable_foreign_keys"
2025-10-19T08:39:47.821303Z  INFO scan_sources: tailwindcss_oxide::scanner: Discovering "C:\\plataforma-pastores\\public"
2025-10-19T08:39:47.821603Z  INFO scan_sources: tailwindcss_oxide::scanner: Discovering "C:\\plataforma-pastores\\scripts"
2025-10-19T08:39:47.821797Z  INFO scan_sources: tailwindcss_oxide::scanner: Discovering "C:\\plataforma-pastores\\src"
2025-10-19T08:39:47.821924Z  INFO scan_sources: tailwindcss_oxide::scanner: Discovering "C:\\plataforma-pastores\\src\\app"
2025-10-19T08:39:47.822053Z  INFO scan_sources: tailwindcss_oxide::scanner: Discovering "C:\\plataforma-pastores\\src\\app\\(dashboard)"
2025-10-19T08:39:47.822192Z  INFO scan_sources: tailwindcss_oxide::scanner: Discovering "C:\\plataforma-pastores\\src\\app\\(dashboard)\\credenciales"
2025-10-19T08:39:47.822319Z  INFO scan_sources: tailwindcss_oxide::scanner: Discovering "C:\\plataforma-pastores\\src\\app\\(dashboard)\\credenciales\\new"
2025-10-19T08:39:47.822539Z  INFO scan_sources: tailwindcss_oxide::scanner: Discovering "C:\\plataforma-pastores\\src\\app\\(dashboard)\\credenciales\\[id]"
2025-10-19T08:39:47.822678Z  INFO scan_sources: tailwindcss_oxide::scanner: Discovering "C:\\plataforma-pastores\\src\\app\\(dashboard)\\credenciales\\[id]\\edit"
2025-10-19T08:39:47.822964Z  INFO scan_sources: tailwindcss_oxide::scanner: Discovering "C:\\plataforma-pastores\\src\\app\\(dashboard)\\iglesias"
2025-10-19T08:39:47.823175Z  INFO scan_sources: tailwindcss_oxide::scanner: Discovering "C:\\plataforma-pastores\\src\\app\\(dashboard)\\iglesias\\new"
2025-10-19T08:39:47.823432Z  INFO scan_sources: tailwindcss_oxide::scanner: Discovering "C:\\plataforma-pastores\\src\\app\\(dashboard)\\iglesias\\[id]"
2025-10-19T08:39:47.823593Z  INFO scan_sources: tailwindcss_oxide::scanner: Discovering "C:\\plataforma-pastores\\src\\app\\(dashboard)\\iglesias\\[id]\\edit"
2025-10-19T08:39:47.823909Z  INFO scan_sources: tailwindcss_oxide::scanner: Discovering "C:\\plataforma-pastores\\src\\app\\(dashboard)\\pastores"
2025-10-19T08:39:47.824039Z  INFO scan_sources: tailwindcss_oxide::scanner: Discovering "C:\\plataforma-pastores\\src\\app\\(dashboard)\\pastores\\new"
2025-10-19T08:39:47.824255Z  INFO scan_sources: tailwindcss_oxide::scanner: Discovering "C:\\plataforma-pastores\\src\\app\\(dashboard)\\pastores\\[id]"
2025-10-19T08:39:47.824408Z  INFO scan_sources: tailwindcss_oxide::scanner: Discovering "C:\\plataforma-pastores\\src\\app\\(dashboard)\\pastores\\[id]\\edit"
2025-10-19T08:39:47.824642Z  INFO scan_sources: tailwindcss_oxide::scanner: Discovering "C:\\plataforma-pastores\\src\\app\\403"
2025-10-19T08:39:47.824821Z  INFO scan_sources: tailwindcss_oxide::scanner: Discovering "C:\\plataforma-pastores\\src\\app\\api"
2025-10-19T08:39:47.824943Z  INFO scan_sources: tailwindcss_oxide::scanner: Discovering "C:\\plataforma-pastores\\src\\app\\api\\auth"
2025-10-19T08:39:47.825106Z  INFO scan_sources: tailwindcss_oxide::scanner: Discovering "C:\\plataforma-pastores\\src\\app\\api\\auth\\[...nextauth]"
2025-10-19T08:39:47.825324Z  INFO scan_sources: tailwindcss_oxide::scanner: Discovering "C:\\plataforma-pastores\\src\\app\\api\\dev"
2025-10-19T08:39:47.825448Z  INFO scan_sources: tailwindcss_oxide::scanner: Discovering "C:\\plataforma-pastores\\src\\app\\api\\dev\\dbcheck"
2025-10-19T08:39:47.825738Z  INFO scan_sources: tailwindcss_oxide::scanner: Discovering "C:\\plataforma-pastores\\src\\lib"
2025-10-19T08:39:47.826004Z  INFO scan_sources: tailwindcss_oxide::scanner: exit
2025-10-19T08:39:47.826013Z  INFO extract_candidates: tailwindcss_oxide::scanner: enter
2025-10-19T08:39:47.826017Z  INFO extract_candidates:read_all_files: tailwindcss_oxide::scanner: enter
2025-10-19T08:39:47.826020Z  INFO extract_candidates:read_all_files: tailwindcss_oxide::scanner: Reading 0 file(s)
2025-10-19T08:39:47.826024Z  INFO extract_candidates:read_all_files: tailwindcss_oxide::scanner: exit
2025-10-19T08:39:47.826028Z  INFO extract_candidates:parse_all_blobs: tailwindcss_oxide::scanner: enter
2025-10-19T08:39:47.826031Z  INFO extract_candidates:parse_all_blobs:extract: tailwindcss_oxide::scanner: enter
2025-10-19T08:39:47.826034Z  INFO extract_candidates:parse_all_blobs:extract: tailwindcss_oxide::scanner: exit
2025-10-19T08:39:47.826037Z  INFO extract_candidates:parse_all_blobs: tailwindcss_oxide::scanner: exit
2025-10-19T08:39:47.826042Z  INFO extract_candidates: tailwindcss_oxide::scanner: exit
2025-10-19T08:39:47.826441Z  INFO get_files: tailwindcss_oxide::scanner: enter
2025-10-19T08:39:47.826451Z  INFO get_files:scan_sources: tailwindcss_oxide::scanner: enter
2025-10-19T08:39:47.827654Z  INFO get_files:scan_sources: tailwindcss_oxide::scanner: Discovering "C:\\plataforma-pastores\\prisma"
2025-10-19T08:39:47.827783Z  INFO get_files:scan_sources: tailwindcss_oxide::scanner: Discovering "C:\\plataforma-pastores\\prisma\\migrations"
2025-10-19T08:39:47.827914Z  INFO get_files:scan_sources: tailwindcss_oxide::scanner: Discovering "C:\\plataforma-pastores\\prisma\\migrations\\20251016203616_init"
2025-10-19T08:39:47.828092Z  INFO get_files:scan_sources: tailwindcss_oxide::scanner: Discovering "C:\\plataforma-pastores\\prisma\\migrations\\20251017035010_init"
2025-10-19T08:39:47.828262Z  INFO get_files:scan_sources: tailwindcss_oxide::scanner: Discovering "C:\\plataforma-pastores\\prisma\\migrations\\20251017044508_add_email_verified_to_user"
2025-10-19T08:39:47.828433Z  INFO get_files:scan_sources: tailwindcss_oxide::scanner: Discovering "C:\\plataforma-pastores\\prisma\\migrations\\20251019042938_add_usuario_activo"
2025-10-19T08:39:47.828606Z  INFO get_files:scan_sources: tailwindcss_oxide::scanner: Discovering "C:\\plataforma-pastores\\prisma\\migrations\\20251019050047_enable_foreign_keys"
2025-10-19T08:39:47.828903Z  INFO get_files:scan_sources: tailwindcss_oxide::scanner: Discovering "C:\\plataforma-pastores\\public"
2025-10-19T08:39:47.829268Z  INFO get_files:scan_sources: tailwindcss_oxide::scanner: Discovering "C:\\plataforma-pastores\\scripts"
2025-10-19T08:39:47.829497Z  INFO get_files:scan_sources: tailwindcss_oxide::scanner: Discovering "C:\\plataforma-pastores\\src"
2025-10-19T08:39:47.829662Z  INFO get_files:scan_sources: tailwindcss_oxide::scanner: Discovering "C:\\plataforma-pastores\\src\\app"
2025-10-19T08:39:47.829794Z  INFO get_files:scan_sources: tailwindcss_oxide::scanner: Discovering "C:\\plataforma-pastores\\src\\app\\(dashboard)"
2025-10-19T08:39:47.829956Z  INFO get_files:scan_sources: tailwindcss_oxide::scanner: Discovering "C:\\plataforma-pastores\\src\\app\\(dashboard)\\credenciales"
2025-10-19T08:39:47.830103Z  INFO get_files:scan_sources: tailwindcss_oxide::scanner: Discovering "C:\\plataforma-pastores\\src\\app\\(dashboard)\\credenciales\\new"
2025-10-19T08:39:47.830462Z  INFO get_files:scan_sources: tailwindcss_oxide::scanner: Discovering "C:\\plataforma-pastores\\src\\app\\(dashboard)\\credenciales\\[id]"
2025-10-19T08:39:47.830616Z  INFO get_files:scan_sources: tailwindcss_oxide::scanner: Discovering "C:\\plataforma-pastores\\src\\app\\(dashboard)\\credenciales\\[id]\\edit"
2025-10-19T08:39:47.830938Z  INFO get_files:scan_sources: tailwindcss_oxide::scanner: Discovering "C:\\plataforma-pastores\\src\\app\\(dashboard)\\iglesias"
2025-10-19T08:39:47.831076Z  INFO get_files:scan_sources: tailwindcss_oxide::scanner: Discovering "C:\\plataforma-pastores\\src\\app\\(dashboard)\\iglesias\\new"
2025-10-19T08:39:47.831314Z  INFO get_files:scan_sources: tailwindcss_oxide::scanner: Discovering "C:\\plataforma-pastores\\src\\app\\(dashboard)\\iglesias\\[id]"
2025-10-19T08:39:47.831442Z  INFO get_files:scan_sources: tailwindcss_oxide::scanner: Discovering "C:\\plataforma-pastores\\src\\app\\(dashboard)\\iglesias\\[id]\\edit"
2025-10-19T08:39:47.831730Z  INFO get_files:scan_sources: tailwindcss_oxide::scanner: Discovering "C:\\plataforma-pastores\\src\\app\\(dashboard)\\pastores"
2025-10-19T08:39:47.831853Z  INFO get_files:scan_sources: tailwindcss_oxide::scanner: Discovering "C:\\plataforma-pastores\\src\\app\\(dashboard)\\pastores\\new"
2025-10-19T08:39:47.832092Z  INFO get_files:scan_sources: tailwindcss_oxide::scanner: Discovering "C:\\plataforma-pastores\\src\\app\\(dashboard)\\pastores\\[id]"
2025-10-19T08:39:47.832214Z  INFO get_files:scan_sources: tailwindcss_oxide::scanner: Discovering "C:\\plataforma-pastores\\src\\app\\(dashboard)\\pastores\\[id]\\edit"
2025-10-19T08:39:47.832441Z  INFO get_files:scan_sources: tailwindcss_oxide::scanner: Discovering "C:\\plataforma-pastores\\src\\app\\403"
2025-10-19T08:39:47.832605Z  INFO get_files:scan_sources: tailwindcss_oxide::scanner: Discovering "C:\\plataforma-pastores\\src\\app\\api"
2025-10-19T08:39:47.832727Z  INFO get_files:scan_sources: tailwindcss_oxide::scanner: Discovering "C:\\plataforma-pastores\\src\\app\\api\\auth"
2025-10-19T08:39:47.832851Z  INFO get_files:scan_sources: tailwindcss_oxide::scanner: Discovering "C:\\plataforma-pastores\\src\\app\\api\\auth\\[...nextauth]"
2025-10-19T08:39:47.833043Z  INFO get_files:scan_sources: tailwindcss_oxide::scanner: Discovering "C:\\plataforma-pastores\\src\\app\\api\\dev"
2025-10-19T08:39:47.833166Z  INFO get_files:scan_sources: tailwindcss_oxide::scanner: Discovering "C:\\plataforma-pastores\\src\\app\\api\\dev\\dbcheck"
2025-10-19T08:39:47.833447Z  INFO get_files:scan_sources: tailwindcss_oxide::scanner: Discovering "C:\\plataforma-pastores\\src\\lib"
2025-10-19T08:39:47.833689Z  INFO get_files:scan_sources: tailwindcss_oxide::scanner: exit
2025-10-19T08:39:47.833805Z  INFO get_files: tailwindcss_oxide::scanner: exit
2025-10-19T08:39:47.833959Z  INFO get_globs: tailwindcss_oxide::scanner: enter
2025-10-19T08:39:47.833970Z  INFO get_globs: tailwindcss_oxide::scanner: exit
