2025-10-19T08:54:15.893348Z  INFO tailwindcss_oxide::scanner: Provided sources:
2025-10-19T08:54:15.893504Z  INFO tailwindcss_oxide::scanner: Source: PublicSourceEntry { base: "C:\\plataforma-pastores", pattern: "**/*", negated: false }
2025-10-19T08:54:15.893768Z  INFO tailwindcss_oxide::scanner: Optimized sources:
2025-10-19T08:54:15.893809Z  INFO tailwindcss_oxide::scanner: Source: Auto { base: "C:\\plataforma-pastores" }
2025-10-19T08:54:15.895345Z  INFO scan_sources: tailwindcss_oxide::scanner: enter
2025-10-19T08:54:15.896560Z  INFO scan_sources: tailwindcss_oxide::scanner: Discovering "C:\\plataforma-pastores\\docker-compose.yml"
2025-10-19T08:54:15.896993Z  INFO scan_sources: tailwindcss_oxide::scanner: Discovering "C:\\plataforma-pastores\\init.sql"
2025-10-19T08:54:15.897053Z  INFO scan_sources: tailwindcss_oxide::scanner: Discovering "C:\\plataforma-pastores\\init_full.sql"
2025-10-19T08:54:15.897230Z  INFO scan_sources: tailwindcss_oxide::scanner: Discovering "C:\\plataforma-pastores\\next.config.ts"
2025-10-19T08:54:15.897424Z  INFO scan_sources: tailwindcss_oxide::scanner: Discovering "C:\\plataforma-pastores\\package.json"
2025-10-19T08:54:15.897480Z  INFO scan_sources: tailwindcss_oxide::scanner: Discovering "C:\\plataforma-pastores\\postcss.config.mjs"
2025-10-19T08:54:15.897568Z  INFO scan_sources: tailwindcss_oxide::scanner: Discovering "C:\\plataforma-pastores\\prisma"
2025-10-19T08:54:15.897704Z  INFO scan_sources: tailwindcss_oxide::scanner: Discovering "C:\\plataforma-pastores\\prisma\\migrations"
2025-10-19T08:54:15.897899Z  INFO scan_sources: tailwindcss_oxide::scanner: Discovering "C:\\plataforma-pastores\\prisma\\migrations\\20251016203616_init"
2025-10-19T08:54:15.898041Z  INFO scan_sources: tailwindcss_oxide::scanner: Discovering "C:\\plataforma-pastores\\prisma\\migrations\\20251016203616_init\\migration.sql"
2025-10-19T08:54:15.898174Z  INFO scan_sources: tailwindcss_oxide::scanner: Discovering "C:\\plataforma-pastores\\prisma\\migrations\\20251017035010_init"
2025-10-19T08:54:15.898306Z  INFO scan_sources: tailwindcss_oxide::scanner: Discovering "C:\\plataforma-pastores\\prisma\\migrations\\20251017035010_init\\migration.sql"
2025-10-19T08:54:15.898581Z  INFO scan_sources: tailwindcss_oxide::scanner: Discovering "C:\\plataforma-pastores\\prisma\\migrations\\20251017044508_add_email_verified_to_user"
2025-10-19T08:54:15.898838Z  INFO scan_sources: tailwindcss_oxide::scanner: Discovering "C:\\plataforma-pastores\\prisma\\migrations\\20251017044508_add_email_verified_to_user\\migration.sql"
2025-10-19T08:54:15.898991Z  INFO scan_sources: tailwindcss_oxide::scanner: Discovering "C:\\plataforma-pastores\\prisma\\migrations\\20251019042938_add_usuario_activo"
2025-10-19T08:54:15.899150Z  INFO scan_sources: tailwindcss_oxide::scanner: Discovering "C:\\plataforma-pastores\\prisma\\migrations\\20251019042938_add_usuario_activo\\migration.sql"
2025-10-19T08:54:15.899423Z  INFO scan_sources: tailwindcss_oxide::scanner: Discovering "C:\\plataforma-pastores\\prisma\\migrations\\20251019050047_enable_foreign_keys"
2025-10-19T08:54:15.899547Z  INFO scan_sources: tailwindcss_oxide::scanner: Discovering "C:\\plataforma-pastores\\prisma\\migrations\\20251019050047_enable_foreign_keys\\migration.sql"
2025-10-19T08:54:15.899643Z  INFO scan_sources: tailwindcss_oxide::scanner: Discovering "C:\\plataforma-pastores\\prisma\\migrations\\migration_lock.toml"
2025-10-19T08:54:15.899815Z  INFO scan_sources: tailwindcss_oxide::scanner: Discovering "C:\\plataforma-pastores\\prisma\\schema.prisma"
2025-10-19T08:54:15.899954Z  INFO scan_sources: tailwindcss_oxide::scanner: Discovering "C:\\plataforma-pastores\\public"
2025-10-19T08:54:15.900289Z  INFO scan_sources: tailwindcss_oxide::scanner: Discovering "C:\\plataforma-pastores\\public\\file.svg"
2025-10-19T08:54:15.900371Z  INFO scan_sources: tailwindcss_oxide::scanner: Discovering "C:\\plataforma-pastores\\public\\globe.svg"
2025-10-19T08:54:15.900447Z  INFO scan_sources: tailwindcss_oxide::scanner: Discovering "C:\\plataforma-pastores\\public\\next.svg"
2025-10-19T08:54:15.900505Z  INFO scan_sources: tailwindcss_oxide::scanner: Discovering "C:\\plataforma-pastores\\public\\vercel.svg"
2025-10-19T08:54:15.900653Z  INFO scan_sources: tailwindcss_oxide::scanner: Discovering "C:\\plataforma-pastores\\public\\window.svg"
2025-10-19T08:54:15.900751Z  INFO scan_sources: tailwindcss_oxide::scanner: Discovering "C:\\plataforma-pastores\\README.md"
2025-10-19T08:54:15.900996Z  INFO scan_sources: tailwindcss_oxide::scanner: Discovering "C:\\plataforma-pastores\\scripts"
2025-10-19T08:54:15.901160Z  INFO scan_sources: tailwindcss_oxide::scanner: Discovering "C:\\plataforma-pastores\\scripts\\activate.js"
2025-10-19T08:54:15.901214Z  INFO scan_sources: tailwindcss_oxide::scanner: Discovering "C:\\plataforma-pastores\\scripts\\cleanup.js"
2025-10-19T08:54:15.901315Z  INFO scan_sources: tailwindcss_oxide::scanner: Discovering "C:\\plataforma-pastores\\src"
2025-10-19T08:54:15.901445Z  INFO scan_sources: tailwindcss_oxide::scanner: Discovering "C:\\plataforma-pastores\\src\\app"
2025-10-19T08:54:15.901598Z  INFO scan_sources: tailwindcss_oxide::scanner: Discovering "C:\\plataforma-pastores\\src\\app\\(dashboard)"
2025-10-19T08:54:15.901734Z  INFO scan_sources: tailwindcss_oxide::scanner: Discovering "C:\\plataforma-pastores\\src\\app\\(dashboard)\\credenciales"
2025-10-19T08:54:15.901867Z  INFO scan_sources: tailwindcss_oxide::scanner: Discovering "C:\\plataforma-pastores\\src\\app\\(dashboard)\\credenciales\\new"
2025-10-19T08:54:15.901965Z  INFO scan_sources: tailwindcss_oxide::scanner: Discovering "C:\\plataforma-pastores\\src\\app\\(dashboard)\\credenciales\\new\\actions.ts"
2025-10-19T08:54:15.902018Z  INFO scan_sources: tailwindcss_oxide::scanner: Discovering "C:\\plataforma-pastores\\src\\app\\(dashboard)\\credenciales\\new\\page.tsx"
2025-10-19T08:54:15.902114Z  INFO scan_sources: tailwindcss_oxide::scanner: Discovering "C:\\plataforma-pastores\\src\\app\\(dashboard)\\credenciales\\page.tsx"
2025-10-19T08:54:15.902199Z  INFO scan_sources: tailwindcss_oxide::scanner: Discovering "C:\\plataforma-pastores\\src\\app\\(dashboard)\\credenciales\\[id]"
2025-10-19T08:54:15.902327Z  INFO scan_sources: tailwindcss_oxide::scanner: Discovering "C:\\plataforma-pastores\\src\\app\\(dashboard)\\credenciales\\[id]\\edit"
2025-10-19T08:54:15.902425Z  INFO scan_sources: tailwindcss_oxide::scanner: Discovering "C:\\plataforma-pastores\\src\\app\\(dashboard)\\credenciales\\[id]\\edit\\actions.ts"
2025-10-19T08:54:15.902477Z  INFO scan_sources: tailwindcss_oxide::scanner: Discovering "C:\\plataforma-pastores\\src\\app\\(dashboard)\\credenciales\\[id]\\edit\\page.tsx"
2025-10-19T08:54:15.902632Z  INFO scan_sources: tailwindcss_oxide::scanner: Discovering "C:\\plataforma-pastores\\src\\app\\(dashboard)\\iglesias"
2025-10-19T08:54:15.902759Z  INFO scan_sources: tailwindcss_oxide::scanner: Discovering "C:\\plataforma-pastores\\src\\app\\(dashboard)\\iglesias\\new"
2025-10-19T08:54:15.902854Z  INFO scan_sources: tailwindcss_oxide::scanner: Discovering "C:\\plataforma-pastores\\src\\app\\(dashboard)\\iglesias\\new\\actions.ts"
2025-10-19T08:54:15.902923Z  INFO scan_sources: tailwindcss_oxide::scanner: Discovering "C:\\plataforma-pastores\\src\\app\\(dashboard)\\iglesias\\new\\page.tsx"
2025-10-19T08:54:15.903026Z  INFO scan_sources: tailwindcss_oxide::scanner: Discovering "C:\\plataforma-pastores\\src\\app\\(dashboard)\\iglesias\\page.tsx"
2025-10-19T08:54:15.903159Z  INFO scan_sources: tailwindcss_oxide::scanner: Discovering "C:\\plataforma-pastores\\src\\app\\(dashboard)\\iglesias\\[id]"
2025-10-19T08:54:15.903291Z  INFO scan_sources: tailwindcss_oxide::scanner: Discovering "C:\\plataforma-pastores\\src\\app\\(dashboard)\\iglesias\\[id]\\edit"
2025-10-19T08:54:15.903389Z  INFO scan_sources: tailwindcss_oxide::scanner: Discovering "C:\\plataforma-pastores\\src\\app\\(dashboard)\\iglesias\\[id]\\edit\\actions.ts"
2025-10-19T08:54:15.903441Z  INFO scan_sources: tailwindcss_oxide::scanner: Discovering "C:\\plataforma-pastores\\src\\app\\(dashboard)\\iglesias\\[id]\\edit\\page.tsx"
2025-10-19T08:54:15.903567Z  INFO scan_sources: tailwindcss_oxide::scanner: Discovering "C:\\plataforma-pastores\\src\\app\\(dashboard)\\layout.tsx"
2025-10-19T08:54:15.903658Z  INFO scan_sources: tailwindcss_oxide::scanner: Discovering "C:\\plataforma-pastores\\src\\app\\(dashboard)\\page.tsx"
2025-10-19T08:54:15.903919Z  INFO scan_sources: tailwindcss_oxide::scanner: Discovering "C:\\plataforma-pastores\\src\\app\\(dashboard)\\pastores"
2025-10-19T08:54:15.904142Z  INFO scan_sources: tailwindcss_oxide::scanner: Discovering "C:\\plataforma-pastores\\src\\app\\(dashboard)\\pastores\\new"
2025-10-19T08:54:15.904273Z  INFO scan_sources: tailwindcss_oxide::scanner: Discovering "C:\\plataforma-pastores\\src\\app\\(dashboard)\\pastores\\new\\actions.ts"
2025-10-19T08:54:15.904342Z  INFO scan_sources: tailwindcss_oxide::scanner: Discovering "C:\\plataforma-pastores\\src\\app\\(dashboard)\\pastores\\new\\page.tsx"
2025-10-19T08:54:15.904430Z  INFO scan_sources: tailwindcss_oxide::scanner: Discovering "C:\\plataforma-pastores\\src\\app\\(dashboard)\\pastores\\page.tsx"
2025-10-19T08:54:15.904507Z  INFO scan_sources: tailwindcss_oxide::scanner: Discovering "C:\\plataforma-pastores\\src\\app\\(dashboard)\\pastores\\route.ts"
2025-10-19T08:54:15.904632Z  INFO scan_sources: tailwindcss_oxide::scanner: Discovering "C:\\plataforma-pastores\\src\\app\\(dashboard)\\pastores\\[id]"
2025-10-19T08:54:15.904797Z  INFO scan_sources: tailwindcss_oxide::scanner: Discovering "C:\\plataforma-pastores\\src\\app\\(dashboard)\\pastores\\[id]\\edit"
2025-10-19T08:54:15.904922Z  INFO scan_sources: tailwindcss_oxide::scanner: Discovering "C:\\plataforma-pastores\\src\\app\\(dashboard)\\pastores\\[id]\\edit\\actions.ts"
2025-10-19T08:54:15.904994Z  INFO scan_sources: tailwindcss_oxide::scanner: Discovering "C:\\plataforma-pastores\\src\\app\\(dashboard)\\pastores\\[id]\\edit\\page.tsx"
2025-10-19T08:54:15.905232Z  INFO scan_sources: tailwindcss_oxide::scanner: Discovering "C:\\plataforma-pastores\\src\\app\\403"
2025-10-19T08:54:15.905425Z  INFO scan_sources: tailwindcss_oxide::scanner: Discovering "C:\\plataforma-pastores\\src\\app\\403\\page.tsx"
2025-10-19T08:54:15.906093Z  INFO scan_sources: tailwindcss_oxide::scanner: Discovering "C:\\plataforma-pastores\\src\\app\\api"
2025-10-19T08:54:15.906251Z  INFO scan_sources: tailwindcss_oxide::scanner: Discovering "C:\\plataforma-pastores\\src\\app\\api\\auth"
2025-10-19T08:54:15.906385Z  INFO scan_sources: tailwindcss_oxide::scanner: Discovering "C:\\plataforma-pastores\\src\\app\\api\\auth\\[...nextauth]"
2025-10-19T08:54:15.906488Z  INFO scan_sources: tailwindcss_oxide::scanner: Discovering "C:\\plataforma-pastores\\src\\app\\api\\auth\\[...nextauth]\\route.ts"
2025-10-19T08:54:15.906606Z  INFO scan_sources: tailwindcss_oxide::scanner: Discovering "C:\\plataforma-pastores\\src\\app\\api\\dev"
2025-10-19T08:54:15.906735Z  INFO scan_sources: tailwindcss_oxide::scanner: Discovering "C:\\plataforma-pastores\\src\\app\\api\\dev\\dbcheck"
2025-10-19T08:54:15.906862Z  INFO scan_sources: tailwindcss_oxide::scanner: Discovering "C:\\plataforma-pastores\\src\\app\\api\\dev\\dbcheck\\route.ts"
2025-10-19T08:54:15.906981Z  INFO scan_sources: tailwindcss_oxide::scanner: Discovering "C:\\plataforma-pastores\\src\\app\\globals.css"
2025-10-19T08:54:15.907032Z  INFO scan_sources: tailwindcss_oxide::scanner: Discovering "C:\\plataforma-pastores\\src\\app\\layout.tsx"
2025-10-19T08:54:15.907081Z  INFO scan_sources: tailwindcss_oxide::scanner: Discovering "C:\\plataforma-pastores\\src\\app\\page.tsx"
2025-10-19T08:54:15.907184Z  INFO scan_sources: tailwindcss_oxide::scanner: Discovering "C:\\plataforma-pastores\\src\\lib"
2025-10-19T08:54:15.907277Z  INFO scan_sources: tailwindcss_oxide::scanner: Discovering "C:\\plataforma-pastores\\src\\lib\\prisma.ts"
2025-10-19T08:54:15.907344Z  INFO scan_sources: tailwindcss_oxide::scanner: Discovering "C:\\plataforma-pastores\\src\\middleware.ts"
2025-10-19T08:54:15.907444Z  INFO scan_sources: tailwindcss_oxide::scanner: Discovering "C:\\plataforma-pastores\\tsconfig.json"
2025-10-19T08:54:15.907552Z  INFO scan_sources: tailwindcss_oxide::scanner: exit
2025-10-19T08:54:15.907565Z  INFO extract_candidates: tailwindcss_oxide::scanner: enter
2025-10-19T08:54:15.907575Z  INFO extract_candidates:read_all_files: tailwindcss_oxide::scanner: enter
2025-10-19T08:54:15.907579Z  INFO extract_candidates:read_all_files: tailwindcss_oxide::scanner: Reading 47 file(s)
2025-10-19T08:54:15.908062Z  INFO tailwindcss_oxide::scanner: Reading "C:\\plataforma-pastores\\src\\app\\(dashboard)\\credenciales\\page.tsx"
2025-10-19T08:54:15.908063Z  INFO tailwindcss_oxide::scanner: Reading "C:\\plataforma-pastores\\docker-compose.yml"
2025-10-19T08:54:15.908067Z  INFO tailwindcss_oxide::scanner: Reading "C:\\plataforma-pastores\\public\\window.svg"
2025-10-19T08:54:15.908079Z  INFO tailwindcss_oxide::scanner: Reading "C:\\plataforma-pastores\\prisma\\migrations\\migration_lock.toml"
2025-10-19T08:54:15.908088Z  INFO tailwindcss_oxide::scanner: Reading "C:\\plataforma-pastores\\public\\globe.svg"
2025-10-19T08:54:15.908083Z  INFO tailwindcss_oxide::scanner: Reading "C:\\plataforma-pastores\\src\\app\\(dashboard)\\pastores\\page.tsx"
2025-10-19T08:54:15.908136Z  INFO tailwindcss_oxide::scanner: Reading "C:\\plataforma-pastores\\README.md"
2025-10-19T08:54:15.908135Z  INFO tailwindcss_oxide::scanner: Reading "C:\\plataforma-pastores\\src\\app\\(dashboard)\\credenciales\\[id]\\edit\\actions.ts"
2025-10-19T08:54:15.908152Z  INFO tailwindcss_oxide::scanner: Reading "C:\\plataforma-pastores\\init.sql"
2025-10-19T08:54:15.908168Z  INFO tailwindcss_oxide::scanner: Reading "C:\\plataforma-pastores\\src\\app\\(dashboard)\\iglesias\\[id]\\edit\\actions.ts"
2025-10-19T08:54:15.908179Z  INFO tailwindcss_oxide::scanner: Reading "C:\\plataforma-pastores\\prisma\\schema.prisma"
2025-10-19T08:54:15.908185Z  INFO tailwindcss_oxide::scanner: Reading "C:\\plataforma-pastores\\src\\app\\(dashboard)\\pastores\\route.ts"
2025-10-19T08:54:15.908180Z  INFO tailwindcss_oxide::scanner: Reading "C:\\plataforma-pastores\\public\\next.svg"
2025-10-19T08:54:15.908201Z  INFO tailwindcss_oxide::scanner: Reading "C:\\plataforma-pastores\\src\\app\\(dashboard)\\credenciales\\[id]\\edit\\page.tsx"
2025-10-19T08:54:15.908207Z  INFO tailwindcss_oxide::scanner: Reading "C:\\plataforma-pastores\\scripts\\activate.js"
2025-10-19T08:54:15.908230Z  INFO tailwindcss_oxide::scanner: Reading "C:\\plataforma-pastores\\public\\file.svg"
2025-10-19T08:54:15.908249Z  INFO tailwindcss_oxide::scanner: Reading "C:\\plataforma-pastores\\init_full.sql"
2025-10-19T08:54:15.908246Z  INFO tailwindcss_oxide::scanner: Reading "C:\\plataforma-pastores\\postcss.config.mjs"
2025-10-19T08:54:15.908239Z  INFO tailwindcss_oxide::scanner: Reading "C:\\plataforma-pastores\\src\\app\\(dashboard)\\iglesias\\[id]\\edit\\page.tsx"
2025-10-19T08:54:15.908272Z  INFO tailwindcss_oxide::scanner: Reading "C:\\plataforma-pastores\\prisma\\migrations\\20251017044508_add_email_verified_to_user\\migration.sql"
2025-10-19T08:54:15.908261Z  INFO tailwindcss_oxide::scanner: Reading "C:\\plataforma-pastores\\src\\app\\(dashboard)\\pastores\\[id]\\edit\\actions.ts"
2025-10-19T08:54:15.908286Z  INFO tailwindcss_oxide::scanner: Reading "C:\\plataforma-pastores\\public\\vercel.svg"
2025-10-19T08:54:15.908289Z  INFO tailwindcss_oxide::scanner: Reading "C:\\plataforma-pastores\\src\\app\\(dashboard)\\iglesias\\new\\actions.ts"
2025-10-19T08:54:15.908314Z  INFO tailwindcss_oxide::scanner: Reading "C:\\plataforma-pastores\\scripts\\cleanup.js"
2025-10-19T08:54:15.908317Z  INFO tailwindcss_oxide::scanner: Reading "C:\\plataforma-pastores\\src\\app\\api\\dev\\dbcheck\\route.ts"
2025-10-19T08:54:15.908322Z  INFO tailwindcss_oxide::scanner: Reading "C:\\plataforma-pastores\\next.config.ts"
2025-10-19T08:54:15.908330Z  INFO tailwindcss_oxide::scanner: Reading "C:\\plataforma-pastores\\prisma\\migrations\\20251019042938_add_usuario_activo\\migration.sql"
2025-10-19T08:54:15.908343Z  INFO tailwindcss_oxide::scanner: Reading "C:\\plataforma-pastores\\src\\app\\(dashboard)\\layout.tsx"
2025-10-19T08:54:15.908326Z  INFO tailwindcss_oxide::scanner: Reading "C:\\plataforma-pastores\\src\\app\\(dashboard)\\iglesias\\new\\page.tsx"
2025-10-19T08:54:15.908412Z  INFO tailwindcss_oxide::scanner: Reading "C:\\plataforma-pastores\\src\\app\\api\\auth\\[...nextauth]\\route.ts"
2025-10-19T08:54:15.908325Z  INFO tailwindcss_oxide::scanner: Reading "C:\\plataforma-pastores\\prisma\\migrations\\20251016203616_init\\migration.sql"
2025-10-19T08:54:15.908435Z  INFO tailwindcss_oxide::scanner: Reading "C:\\plataforma-pastores\\src\\app\\(dashboard)\\credenciales\\new\\page.tsx"
2025-10-19T08:54:15.908361Z  INFO tailwindcss_oxide::scanner: Reading "C:\\plataforma-pastores\\prisma\\migrations\\20251019050047_enable_foreign_keys\\migration.sql"
2025-10-19T08:54:15.908363Z  INFO tailwindcss_oxide::scanner: Reading "C:\\plataforma-pastores\\prisma\\migrations\\20251017035010_init\\migration.sql"
2025-10-19T08:54:15.908474Z  INFO tailwindcss_oxide::scanner: Reading "C:\\plataforma-pastores\\src\\lib\\prisma.ts"
2025-10-19T08:54:15.908378Z  INFO tailwindcss_oxide::scanner: Reading "C:\\plataforma-pastores\\src\\app\\(dashboard)\\credenciales\\new\\actions.ts"
2025-10-19T08:54:15.908394Z  INFO tailwindcss_oxide::scanner: Reading "C:\\plataforma-pastores\\src\\app\\layout.tsx"
2025-10-19T08:54:15.908500Z  INFO tailwindcss_oxide::scanner: Reading "C:\\plataforma-pastores\\src\\middleware.ts"
2025-10-19T08:54:15.908410Z  INFO tailwindcss_oxide::scanner: Reading "C:\\plataforma-pastores\\src\\app\\(dashboard)\\page.tsx"
2025-10-19T08:54:15.908526Z  INFO tailwindcss_oxide::scanner: Reading "C:\\plataforma-pastores\\src\\app\\page.tsx"
2025-10-19T08:54:15.908530Z  INFO tailwindcss_oxide::scanner: Reading "C:\\plataforma-pastores\\tsconfig.json"
2025-10-19T08:54:15.908539Z  INFO tailwindcss_oxide::scanner: Reading "C:\\plataforma-pastores\\src\\app\\(dashboard)\\pastores\\new\\page.tsx"
2025-10-19T08:54:15.908366Z  INFO tailwindcss_oxide::scanner: Reading "C:\\plataforma-pastores\\src\\app\\403\\page.tsx"
2025-10-19T08:54:15.908498Z  INFO tailwindcss_oxide::scanner: Reading "C:\\plataforma-pastores\\src\\app\\(dashboard)\\pastores\\new\\actions.ts"
2025-10-19T08:54:15.908397Z  INFO tailwindcss_oxide::scanner: Reading "C:\\plataforma-pastores\\package.json"
2025-10-19T08:54:15.908360Z  INFO tailwindcss_oxide::scanner: Reading "C:\\plataforma-pastores\\src\\app\\(dashboard)\\pastores\\[id]\\edit\\page.tsx"
2025-10-19T08:54:15.908474Z  INFO tailwindcss_oxide::scanner: Reading "C:\\plataforma-pastores\\src\\app\\(dashboard)\\iglesias\\page.tsx"
2025-10-19T08:54:15.908647Z  INFO extract_candidates:read_all_files: tailwindcss_oxide::scanner: exit
2025-10-19T08:54:15.908658Z  INFO extract_candidates:parse_all_blobs: tailwindcss_oxide::scanner: enter
2025-10-19T08:54:15.908663Z  INFO extract_candidates:parse_all_blobs:extract: tailwindcss_oxide::scanner: enter
2025-10-19T08:54:15.909434Z  INFO extract_candidates:parse_all_blobs:extract: tailwindcss_oxide::scanner: exit
2025-10-19T08:54:15.909450Z  INFO extract_candidates:parse_all_blobs: tailwindcss_oxide::scanner: exit
2025-10-19T08:54:15.909455Z  INFO extract_candidates:read_all_files: tailwindcss_oxide::scanner: enter
2025-10-19T08:54:15.909458Z  INFO extract_candidates:read_all_files: tailwindcss_oxide::scanner: Reading 1 file(s)
2025-10-19T08:54:15.909513Z  INFO extract_candidates:read_all_files: tailwindcss_oxide::scanner: Reading "C:\\plataforma-pastores\\src\\app\\globals.css"
2025-10-19T08:54:15.909520Z  INFO extract_candidates:read_all_files: tailwindcss_oxide::scanner: exit
2025-10-19T08:54:15.909526Z  INFO extract_candidates:extract_css_variables: tailwindcss_oxide::scanner: enter
2025-10-19T08:54:15.909530Z  INFO extract_candidates:extract_css_variables:extract: tailwindcss_oxide::scanner: enter
2025-10-19T08:54:15.909596Z  INFO extract_candidates:extract_css_variables:extract: tailwindcss_oxide::scanner: exit
2025-10-19T08:54:15.909610Z  INFO extract_candidates:extract_css_variables: tailwindcss_oxide::scanner: exit
2025-10-19T08:54:15.910105Z  INFO extract_candidates: tailwindcss_oxide::scanner: exit
2025-10-19T08:54:15.910733Z  INFO get_files: tailwindcss_oxide::scanner: enter
2025-10-19T08:54:15.910750Z  INFO get_files:scan_sources: tailwindcss_oxide::scanner: enter
2025-10-19T08:54:15.912104Z  INFO get_files:scan_sources: tailwindcss_oxide::scanner: Discovering "C:\\plataforma-pastores\\prisma"
2025-10-19T08:54:15.912239Z  INFO get_files:scan_sources: tailwindcss_oxide::scanner: Discovering "C:\\plataforma-pastores\\prisma\\migrations"
2025-10-19T08:54:15.912380Z  INFO get_files:scan_sources: tailwindcss_oxide::scanner: Discovering "C:\\plataforma-pastores\\prisma\\migrations\\20251016203616_init"
2025-10-19T08:54:15.912558Z  INFO get_files:scan_sources: tailwindcss_oxide::scanner: Discovering "C:\\plataforma-pastores\\prisma\\migrations\\20251017035010_init"
2025-10-19T08:54:15.912733Z  INFO get_files:scan_sources: tailwindcss_oxide::scanner: Discovering "C:\\plataforma-pastores\\prisma\\migrations\\20251017044508_add_email_verified_to_user"
2025-10-19T08:54:15.912908Z  INFO get_files:scan_sources: tailwindcss_oxide::scanner: Discovering "C:\\plataforma-pastores\\prisma\\migrations\\20251019042938_add_usuario_activo"
2025-10-19T08:54:15.913083Z  INFO get_files:scan_sources: tailwindcss_oxide::scanner: Discovering "C:\\plataforma-pastores\\prisma\\migrations\\20251019050047_enable_foreign_keys"
2025-10-19T08:54:15.913346Z  INFO get_files:scan_sources: tailwindcss_oxide::scanner: Discovering "C:\\plataforma-pastores\\public"
2025-10-19T08:54:15.913648Z  INFO get_files:scan_sources: tailwindcss_oxide::scanner: Discovering "C:\\plataforma-pastores\\scripts"
2025-10-19T08:54:15.913893Z  INFO get_files:scan_sources: tailwindcss_oxide::scanner: Discovering "C:\\plataforma-pastores\\src"
2025-10-19T08:54:15.914119Z  INFO get_files:scan_sources: tailwindcss_oxide::scanner: Discovering "C:\\plataforma-pastores\\src\\app"
2025-10-19T08:54:15.914258Z  INFO get_files:scan_sources: tailwindcss_oxide::scanner: Discovering "C:\\plataforma-pastores\\src\\app\\(dashboard)"
2025-10-19T08:54:15.914389Z  INFO get_files:scan_sources: tailwindcss_oxide::scanner: Discovering "C:\\plataforma-pastores\\src\\app\\(dashboard)\\credenciales"
2025-10-19T08:54:15.914517Z  INFO get_files:scan_sources: tailwindcss_oxide::scanner: Discovering "C:\\plataforma-pastores\\src\\app\\(dashboard)\\credenciales\\new"
2025-10-19T08:54:15.914735Z  INFO get_files:scan_sources: tailwindcss_oxide::scanner: Discovering "C:\\plataforma-pastores\\src\\app\\(dashboard)\\credenciales\\[id]"
2025-10-19T08:54:15.914860Z  INFO get_files:scan_sources: tailwindcss_oxide::scanner: Discovering "C:\\plataforma-pastores\\src\\app\\(dashboard)\\credenciales\\[id]\\edit"
2025-10-19T08:54:15.915093Z  INFO get_files:scan_sources: tailwindcss_oxide::scanner: Discovering "C:\\plataforma-pastores\\src\\app\\(dashboard)\\iglesias"
2025-10-19T08:54:15.915213Z  INFO get_files:scan_sources: tailwindcss_oxide::scanner: Discovering "C:\\plataforma-pastores\\src\\app\\(dashboard)\\iglesias\\new"
2025-10-19T08:54:15.915536Z  INFO get_files:scan_sources: tailwindcss_oxide::scanner: Discovering "C:\\plataforma-pastores\\src\\app\\(dashboard)\\iglesias\\[id]"
2025-10-19T08:54:15.915706Z  INFO get_files:scan_sources: tailwindcss_oxide::scanner: Discovering "C:\\plataforma-pastores\\src\\app\\(dashboard)\\iglesias\\[id]\\edit"
2025-10-19T08:54:15.916108Z  INFO get_files:scan_sources: tailwindcss_oxide::scanner: Discovering "C:\\plataforma-pastores\\src\\app\\(dashboard)\\pastores"
2025-10-19T08:54:15.916345Z  INFO get_files:scan_sources: tailwindcss_oxide::scanner: Discovering "C:\\plataforma-pastores\\src\\app\\(dashboard)\\pastores\\new"
2025-10-19T08:54:15.916856Z  INFO get_files:scan_sources: tailwindcss_oxide::scanner: Discovering "C:\\plataforma-pastores\\src\\app\\(dashboard)\\pastores\\[id]"
2025-10-19T08:54:15.917080Z  INFO get_files:scan_sources: tailwindcss_oxide::scanner: Discovering "C:\\plataforma-pastores\\src\\app\\(dashboard)\\pastores\\[id]\\edit"
2025-10-19T08:54:15.917450Z  INFO get_files:scan_sources: tailwindcss_oxide::scanner: Discovering "C:\\plataforma-pastores\\src\\app\\403"
2025-10-19T08:54:15.917923Z  INFO get_files:scan_sources: tailwindcss_oxide::scanner: Discovering "C:\\plataforma-pastores\\src\\app\\api"
2025-10-19T08:54:15.918077Z  INFO get_files:scan_sources: tailwindcss_oxide::scanner: Discovering "C:\\plataforma-pastores\\src\\app\\api\\auth"
2025-10-19T08:54:15.918216Z  INFO get_files:scan_sources: tailwindcss_oxide::scanner: Discovering "C:\\plataforma-pastores\\src\\app\\api\\auth\\[...nextauth]"
2025-10-19T08:54:15.918525Z  INFO get_files:scan_sources: tailwindcss_oxide::scanner: Discovering "C:\\plataforma-pastores\\src\\app\\api\\dev"
2025-10-19T08:54:15.918701Z  INFO get_files:scan_sources: tailwindcss_oxide::scanner: Discovering "C:\\plataforma-pastores\\src\\app\\api\\dev\\dbcheck"
2025-10-19T08:54:15.919035Z  INFO get_files:scan_sources: tailwindcss_oxide::scanner: Discovering "C:\\plataforma-pastores\\src\\lib"
2025-10-19T08:54:15.919324Z  INFO get_files:scan_sources: tailwindcss_oxide::scanner: exit
2025-10-19T08:54:15.919445Z  INFO get_files: tailwindcss_oxide::scanner: exit
2025-10-19T08:54:15.919654Z  INFO get_globs: tailwindcss_oxide::scanner: enter
2025-10-19T08:54:15.919663Z  INFO get_globs:scan_sources: tailwindcss_oxide::scanner: enter
2025-10-19T08:54:15.920933Z  INFO get_globs:scan_sources: tailwindcss_oxide::scanner: Discovering "C:\\plataforma-pastores\\prisma"
2025-10-19T08:54:15.921101Z  INFO get_globs:scan_sources: tailwindcss_oxide::scanner: Discovering "C:\\plataforma-pastores\\prisma\\migrations"
2025-10-19T08:54:15.921249Z  INFO get_globs:scan_sources: tailwindcss_oxide::scanner: Discovering "C:\\plataforma-pastores\\prisma\\migrations\\20251016203616_init"
2025-10-19T08:54:15.921425Z  INFO get_globs:scan_sources: tailwindcss_oxide::scanner: Discovering "C:\\plataforma-pastores\\prisma\\migrations\\20251017035010_init"
2025-10-19T08:54:15.921644Z  INFO get_globs:scan_sources: tailwindcss_oxide::scanner: Discovering "C:\\plataforma-pastores\\prisma\\migrations\\20251017044508_add_email_verified_to_user"
2025-10-19T08:54:15.921820Z  INFO get_globs:scan_sources: tailwindcss_oxide::scanner: Discovering "C:\\plataforma-pastores\\prisma\\migrations\\20251019042938_add_usuario_activo"
2025-10-19T08:54:15.922059Z  INFO get_globs:scan_sources: tailwindcss_oxide::scanner: Discovering "C:\\plataforma-pastores\\prisma\\migrations\\20251019050047_enable_foreign_keys"
2025-10-19T08:54:15.922394Z  INFO get_globs:scan_sources: tailwindcss_oxide::scanner: Discovering "C:\\plataforma-pastores\\public"
2025-10-19T08:54:15.922884Z  INFO get_globs:scan_sources: tailwindcss_oxide::scanner: Discovering "C:\\plataforma-pastores\\scripts"
2025-10-19T08:54:15.923169Z  INFO get_globs:scan_sources: tailwindcss_oxide::scanner: Discovering "C:\\plataforma-pastores\\src"
2025-10-19T08:54:15.923308Z  INFO get_globs:scan_sources: tailwindcss_oxide::scanner: Discovering "C:\\plataforma-pastores\\src\\app"
2025-10-19T08:54:15.923458Z  INFO get_globs:scan_sources: tailwindcss_oxide::scanner: Discovering "C:\\plataforma-pastores\\src\\app\\(dashboard)"
2025-10-19T08:54:15.923643Z  INFO get_globs:scan_sources: tailwindcss_oxide::scanner: Discovering "C:\\plataforma-pastores\\src\\app\\(dashboard)\\credenciales"
2025-10-19T08:54:15.923832Z  INFO get_globs:scan_sources: tailwindcss_oxide::scanner: Discovering "C:\\plataforma-pastores\\src\\app\\(dashboard)\\credenciales\\new"
2025-10-19T08:54:15.924150Z  INFO get_globs:scan_sources: tailwindcss_oxide::scanner: Discovering "C:\\plataforma-pastores\\src\\app\\(dashboard)\\credenciales\\[id]"
2025-10-19T08:54:15.924311Z  INFO get_globs:scan_sources: tailwindcss_oxide::scanner: Discovering "C:\\plataforma-pastores\\src\\app\\(dashboard)\\credenciales\\[id]\\edit"
2025-10-19T08:54:15.924623Z  INFO get_globs:scan_sources: tailwindcss_oxide::scanner: Discovering "C:\\plataforma-pastores\\src\\app\\(dashboard)\\iglesias"
2025-10-19T08:54:15.924753Z  INFO get_globs:scan_sources: tailwindcss_oxide::scanner: Discovering "C:\\plataforma-pastores\\src\\app\\(dashboard)\\iglesias\\new"
2025-10-19T08:54:15.924976Z  INFO get_globs:scan_sources: tailwindcss_oxide::scanner: Discovering "C:\\plataforma-pastores\\src\\app\\(dashboard)\\iglesias\\[id]"
2025-10-19T08:54:15.925125Z  INFO get_globs:scan_sources: tailwindcss_oxide::scanner: Discovering "C:\\plataforma-pastores\\src\\app\\(dashboard)\\iglesias\\[id]\\edit"
2025-10-19T08:54:15.925412Z  INFO get_globs:scan_sources: tailwindcss_oxide::scanner: Discovering "C:\\plataforma-pastores\\src\\app\\(dashboard)\\pastores"
2025-10-19T08:54:15.925582Z  INFO get_globs:scan_sources: tailwindcss_oxide::scanner: Discovering "C:\\plataforma-pastores\\src\\app\\(dashboard)\\pastores\\new"
2025-10-19T08:54:15.925836Z  INFO get_globs:scan_sources: tailwindcss_oxide::scanner: Discovering "C:\\plataforma-pastores\\src\\app\\(dashboard)\\pastores\\[id]"
2025-10-19T08:54:15.926034Z  INFO get_globs:scan_sources: tailwindcss_oxide::scanner: Discovering "C:\\plataforma-pastores\\src\\app\\(dashboard)\\pastores\\[id]\\edit"
2025-10-19T08:54:15.926282Z  INFO get_globs:scan_sources: tailwindcss_oxide::scanner: Discovering "C:\\plataforma-pastores\\src\\app\\403"
2025-10-19T08:54:15.926445Z  INFO get_globs:scan_sources: tailwindcss_oxide::scanner: Discovering "C:\\plataforma-pastores\\src\\app\\api"
2025-10-19T08:54:15.926652Z  INFO get_globs:scan_sources: tailwindcss_oxide::scanner: Discovering "C:\\plataforma-pastores\\src\\app\\api\\auth"
2025-10-19T08:54:15.926795Z  INFO get_globs:scan_sources: tailwindcss_oxide::scanner: Discovering "C:\\plataforma-pastores\\src\\app\\api\\auth\\[...nextauth]"
2025-10-19T08:54:15.926975Z  INFO get_globs:scan_sources: tailwindcss_oxide::scanner: Discovering "C:\\plataforma-pastores\\src\\app\\api\\dev"
2025-10-19T08:54:15.927112Z  INFO get_globs:scan_sources: tailwindcss_oxide::scanner: Discovering "C:\\plataforma-pastores\\src\\app\\api\\dev\\dbcheck"
2025-10-19T08:54:15.927403Z  INFO get_globs:scan_sources: tailwindcss_oxide::scanner: Discovering "C:\\plataforma-pastores\\src\\lib"
2025-10-19T08:54:15.927698Z  INFO get_globs:scan_sources: tailwindcss_oxide::scanner: exit
2025-10-19T08:54:15.933318Z  INFO get_globs: tailwindcss_oxide::scanner: exit
2025-10-19T08:56:11.963364Z  INFO scan_sources: tailwindcss_oxide::scanner: enter
2025-10-19T08:56:11.964850Z  INFO scan_sources: tailwindcss_oxide::scanner: Discovering "C:\\plataforma-pastores\\prisma"
2025-10-19T08:56:11.964993Z  INFO scan_sources: tailwindcss_oxide::scanner: Discovering "C:\\plataforma-pastores\\prisma\\migrations"
2025-10-19T08:56:11.965141Z  INFO scan_sources: tailwindcss_oxide::scanner: Discovering "C:\\plataforma-pastores\\prisma\\migrations\\20251016203616_init"
2025-10-19T08:56:11.965323Z  INFO scan_sources: tailwindcss_oxide::scanner: Discovering "C:\\plataforma-pastores\\prisma\\migrations\\20251017035010_init"
2025-10-19T08:56:11.965513Z  INFO scan_sources: tailwindcss_oxide::scanner: Discovering "C:\\plataforma-pastores\\prisma\\migrations\\20251017044508_add_email_verified_to_user"
2025-10-19T08:56:11.965686Z  INFO scan_sources: tailwindcss_oxide::scanner: Discovering "C:\\plataforma-pastores\\prisma\\migrations\\20251019042938_add_usuario_activo"
2025-10-19T08:56:11.965861Z  INFO scan_sources: tailwindcss_oxide::scanner: Discovering "C:\\plataforma-pastores\\prisma\\migrations\\20251019050047_enable_foreign_keys"
2025-10-19T08:56:11.966119Z  INFO scan_sources: tailwindcss_oxide::scanner: Discovering "C:\\plataforma-pastores\\public"
2025-10-19T08:56:11.966423Z  INFO scan_sources: tailwindcss_oxide::scanner: Discovering "C:\\plataforma-pastores\\scripts"
2025-10-19T08:56:11.966616Z  INFO scan_sources: tailwindcss_oxide::scanner: Discovering "C:\\plataforma-pastores\\src"
2025-10-19T08:56:11.966744Z  INFO scan_sources: tailwindcss_oxide::scanner: Discovering "C:\\plataforma-pastores\\src\\app"
2025-10-19T08:56:11.966878Z  INFO scan_sources: tailwindcss_oxide::scanner: Discovering "C:\\plataforma-pastores\\src\\app\\(dashboard)"
2025-10-19T08:56:11.967022Z  INFO scan_sources: tailwindcss_oxide::scanner: Discovering "C:\\plataforma-pastores\\src\\app\\(dashboard)\\credenciales"
2025-10-19T08:56:11.967155Z  INFO scan_sources: tailwindcss_oxide::scanner: Discovering "C:\\plataforma-pastores\\src\\app\\(dashboard)\\credenciales\\new"
2025-10-19T08:56:11.967434Z  INFO scan_sources: tailwindcss_oxide::scanner: Discovering "C:\\plataforma-pastores\\src\\app\\(dashboard)\\credenciales\\[id]"
2025-10-19T08:56:11.967582Z  INFO scan_sources: tailwindcss_oxide::scanner: Discovering "C:\\plataforma-pastores\\src\\app\\(dashboard)\\credenciales\\[id]\\edit"
2025-10-19T08:56:11.967874Z  INFO scan_sources: tailwindcss_oxide::scanner: Discovering "C:\\plataforma-pastores\\src\\app\\(dashboard)\\iglesias"
2025-10-19T08:56:11.968019Z  INFO scan_sources: tailwindcss_oxide::scanner: Discovering "C:\\plataforma-pastores\\src\\app\\(dashboard)\\iglesias\\new"
2025-10-19T08:56:11.968252Z  INFO scan_sources: tailwindcss_oxide::scanner: Discovering "C:\\plataforma-pastores\\src\\app\\(dashboard)\\iglesias\\[id]"
2025-10-19T08:56:11.968458Z  INFO scan_sources: tailwindcss_oxide::scanner: Discovering "C:\\plataforma-pastores\\src\\app\\(dashboard)\\iglesias\\[id]\\edit"
2025-10-19T08:56:11.968882Z  INFO scan_sources: tailwindcss_oxide::scanner: Discovering "C:\\plataforma-pastores\\src\\app\\(dashboard)\\pastores"
2025-10-19T08:56:11.969039Z  INFO scan_sources: tailwindcss_oxide::scanner: Discovering "C:\\plataforma-pastores\\src\\app\\(dashboard)\\pastores\\new"
2025-10-19T08:56:11.969160Z  INFO scan_sources: tailwindcss_oxide::scanner: Discovering "C:\\plataforma-pastores\\src\\app\\(dashboard)\\pastores\\new\\actions.ts"
2025-10-19T08:56:11.969345Z  INFO scan_sources: tailwindcss_oxide::scanner: Discovering "C:\\plataforma-pastores\\src\\app\\(dashboard)\\pastores\\[id]"
2025-10-19T08:56:11.969484Z  INFO scan_sources: tailwindcss_oxide::scanner: Discovering "C:\\plataforma-pastores\\src\\app\\(dashboard)\\pastores\\[id]\\edit"
2025-10-19T08:56:11.969726Z  INFO scan_sources: tailwindcss_oxide::scanner: Discovering "C:\\plataforma-pastores\\src\\app\\403"
2025-10-19T08:56:11.969892Z  INFO scan_sources: tailwindcss_oxide::scanner: Discovering "C:\\plataforma-pastores\\src\\app\\api"
2025-10-19T08:56:11.970016Z  INFO scan_sources: tailwindcss_oxide::scanner: Discovering "C:\\plataforma-pastores\\src\\app\\api\\auth"
2025-10-19T08:56:11.970141Z  INFO scan_sources: tailwindcss_oxide::scanner: Discovering "C:\\plataforma-pastores\\src\\app\\api\\auth\\[...nextauth]"
2025-10-19T08:56:11.970325Z  INFO scan_sources: tailwindcss_oxide::scanner: Discovering "C:\\plataforma-pastores\\src\\app\\api\\dev"
2025-10-19T08:56:11.970448Z  INFO scan_sources: tailwindcss_oxide::scanner: Discovering "C:\\plataforma-pastores\\src\\app\\api\\dev\\dbcheck"
2025-10-19T08:56:11.970741Z  INFO scan_sources: tailwindcss_oxide::scanner: Discovering "C:\\plataforma-pastores\\src\\lib"
2025-10-19T08:56:11.971009Z  INFO scan_sources: tailwindcss_oxide::scanner: exit
2025-10-19T08:56:11.971022Z  INFO extract_candidates: tailwindcss_oxide::scanner: enter
2025-10-19T08:56:11.971030Z  INFO extract_candidates:read_all_files: tailwindcss_oxide::scanner: enter
2025-10-19T08:56:11.971034Z  INFO extract_candidates:read_all_files: tailwindcss_oxide::scanner: Reading 1 file(s)
2025-10-19T08:56:11.971090Z  INFO extract_candidates:read_all_files: tailwindcss_oxide::scanner: Reading "C:\\plataforma-pastores\\src\\app\\(dashboard)\\pastores\\new\\actions.ts"
2025-10-19T08:56:11.971098Z  INFO extract_candidates:read_all_files: tailwindcss_oxide::scanner: exit
2025-10-19T08:56:11.971102Z  INFO extract_candidates:parse_all_blobs: tailwindcss_oxide::scanner: enter
2025-10-19T08:56:11.971105Z  INFO extract_candidates:parse_all_blobs:extract: tailwindcss_oxide::scanner: enter
2025-10-19T08:56:11.971222Z  INFO extract_candidates:parse_all_blobs:extract: tailwindcss_oxide::scanner: exit
2025-10-19T08:56:11.971236Z  INFO extract_candidates:parse_all_blobs: tailwindcss_oxide::scanner: exit
2025-10-19T08:56:11.971401Z  INFO extract_candidates: tailwindcss_oxide::scanner: exit
2025-10-19T08:56:11.971637Z  INFO get_files: tailwindcss_oxide::scanner: enter
2025-10-19T08:56:11.971644Z  INFO get_files:scan_sources: tailwindcss_oxide::scanner: enter
2025-10-19T08:56:11.972862Z  INFO get_files:scan_sources: tailwindcss_oxide::scanner: Discovering "C:\\plataforma-pastores\\prisma"
2025-10-19T08:56:11.973001Z  INFO get_files:scan_sources: tailwindcss_oxide::scanner: Discovering "C:\\plataforma-pastores\\prisma\\migrations"
2025-10-19T08:56:11.973147Z  INFO get_files:scan_sources: tailwindcss_oxide::scanner: Discovering "C:\\plataforma-pastores\\prisma\\migrations\\20251016203616_init"
2025-10-19T08:56:11.973325Z  INFO get_files:scan_sources: tailwindcss_oxide::scanner: Discovering "C:\\plataforma-pastores\\prisma\\migrations\\20251017035010_init"
2025-10-19T08:56:11.973496Z  INFO get_files:scan_sources: tailwindcss_oxide::scanner: Discovering "C:\\plataforma-pastores\\prisma\\migrations\\20251017044508_add_email_verified_to_user"
2025-10-19T08:56:11.973668Z  INFO get_files:scan_sources: tailwindcss_oxide::scanner: Discovering "C:\\plataforma-pastores\\prisma\\migrations\\20251019042938_add_usuario_activo"
2025-10-19T08:56:11.973841Z  INFO get_files:scan_sources: tailwindcss_oxide::scanner: Discovering "C:\\plataforma-pastores\\prisma\\migrations\\20251019050047_enable_foreign_keys"
2025-10-19T08:56:11.974105Z  INFO get_files:scan_sources: tailwindcss_oxide::scanner: Discovering "C:\\plataforma-pastores\\public"
2025-10-19T08:56:11.974408Z  INFO get_files:scan_sources: tailwindcss_oxide::scanner: Discovering "C:\\plataforma-pastores\\scripts"
2025-10-19T08:56:11.974598Z  INFO get_files:scan_sources: tailwindcss_oxide::scanner: Discovering "C:\\plataforma-pastores\\src"
2025-10-19T08:56:11.974723Z  INFO get_files:scan_sources: tailwindcss_oxide::scanner: Discovering "C:\\plataforma-pastores\\src\\app"
2025-10-19T08:56:11.974863Z  INFO get_files:scan_sources: tailwindcss_oxide::scanner: Discovering "C:\\plataforma-pastores\\src\\app\\(dashboard)"
2025-10-19T08:56:11.975005Z  INFO get_files:scan_sources: tailwindcss_oxide::scanner: Discovering "C:\\plataforma-pastores\\src\\app\\(dashboard)\\credenciales"
2025-10-19T08:56:11.975138Z  INFO get_files:scan_sources: tailwindcss_oxide::scanner: Discovering "C:\\plataforma-pastores\\src\\app\\(dashboard)\\credenciales\\new"
2025-10-19T08:56:11.975379Z  INFO get_files:scan_sources: tailwindcss_oxide::scanner: Discovering "C:\\plataforma-pastores\\src\\app\\(dashboard)\\credenciales\\[id]"
2025-10-19T08:56:11.975507Z  INFO get_files:scan_sources: tailwindcss_oxide::scanner: Discovering "C:\\plataforma-pastores\\src\\app\\(dashboard)\\credenciales\\[id]\\edit"
2025-10-19T08:56:11.975731Z  INFO get_files:scan_sources: tailwindcss_oxide::scanner: Discovering "C:\\plataforma-pastores\\src\\app\\(dashboard)\\iglesias"
2025-10-19T08:56:11.975859Z  INFO get_files:scan_sources: tailwindcss_oxide::scanner: Discovering "C:\\plataforma-pastores\\src\\app\\(dashboard)\\iglesias\\new"
2025-10-19T08:56:11.976078Z  INFO get_files:scan_sources: tailwindcss_oxide::scanner: Discovering "C:\\plataforma-pastores\\src\\app\\(dashboard)\\iglesias\\[id]"
2025-10-19T08:56:11.976216Z  INFO get_files:scan_sources: tailwindcss_oxide::scanner: Discovering "C:\\plataforma-pastores\\src\\app\\(dashboard)\\iglesias\\[id]\\edit"
2025-10-19T08:56:11.976573Z  INFO get_files:scan_sources: tailwindcss_oxide::scanner: Discovering "C:\\plataforma-pastores\\src\\app\\(dashboard)\\pastores"
2025-10-19T08:56:11.976742Z  INFO get_files:scan_sources: tailwindcss_oxide::scanner: Discovering "C:\\plataforma-pastores\\src\\app\\(dashboard)\\pastores\\new"
2025-10-19T08:56:11.976987Z  INFO get_files:scan_sources: tailwindcss_oxide::scanner: Discovering "C:\\plataforma-pastores\\src\\app\\(dashboard)\\pastores\\[id]"
2025-10-19T08:56:11.977109Z  INFO get_files:scan_sources: tailwindcss_oxide::scanner: Discovering "C:\\plataforma-pastores\\src\\app\\(dashboard)\\pastores\\[id]\\edit"
2025-10-19T08:56:11.977353Z  INFO get_files:scan_sources: tailwindcss_oxide::scanner: Discovering "C:\\plataforma-pastores\\src\\app\\403"
2025-10-19T08:56:11.977521Z  INFO get_files:scan_sources: tailwindcss_oxide::scanner: Discovering "C:\\plataforma-pastores\\src\\app\\api"
2025-10-19T08:56:11.977644Z  INFO get_files:scan_sources: tailwindcss_oxide::scanner: Discovering "C:\\plataforma-pastores\\src\\app\\api\\auth"
2025-10-19T08:56:11.977780Z  INFO get_files:scan_sources: tailwindcss_oxide::scanner: Discovering "C:\\plataforma-pastores\\src\\app\\api\\auth\\[...nextauth]"
2025-10-19T08:56:11.977967Z  INFO get_files:scan_sources: tailwindcss_oxide::scanner: Discovering "C:\\plataforma-pastores\\src\\app\\api\\dev"
2025-10-19T08:56:11.978090Z  INFO get_files:scan_sources: tailwindcss_oxide::scanner: Discovering "C:\\plataforma-pastores\\src\\app\\api\\dev\\dbcheck"
2025-10-19T08:56:11.978379Z  INFO get_files:scan_sources: tailwindcss_oxide::scanner: Discovering "C:\\plataforma-pastores\\src\\lib"
2025-10-19T08:56:11.978645Z  INFO get_files:scan_sources: tailwindcss_oxide::scanner: exit
2025-10-19T08:56:11.978757Z  INFO get_files: tailwindcss_oxide::scanner: exit
2025-10-19T08:56:11.978980Z  INFO get_globs: tailwindcss_oxide::scanner: enter
2025-10-19T08:56:11.978995Z  INFO get_globs: tailwindcss_oxide::scanner: exit
2025-10-19T08:56:11.989639Z  INFO scan_sources: tailwindcss_oxide::scanner: enter
2025-10-19T08:56:11.991078Z  INFO scan_sources: tailwindcss_oxide::scanner: Discovering "C:\\plataforma-pastores\\prisma"
2025-10-19T08:56:11.991226Z  INFO scan_sources: tailwindcss_oxide::scanner: Discovering "C:\\plataforma-pastores\\prisma\\migrations"
2025-10-19T08:56:11.991373Z  INFO scan_sources: tailwindcss_oxide::scanner: Discovering "C:\\plataforma-pastores\\prisma\\migrations\\20251016203616_init"
2025-10-19T08:56:11.991548Z  INFO scan_sources: tailwindcss_oxide::scanner: Discovering "C:\\plataforma-pastores\\prisma\\migrations\\20251017035010_init"
2025-10-19T08:56:11.991753Z  INFO scan_sources: tailwindcss_oxide::scanner: Discovering "C:\\plataforma-pastores\\prisma\\migrations\\20251017044508_add_email_verified_to_user"
2025-10-19T08:56:11.991979Z  INFO scan_sources: tailwindcss_oxide::scanner: Discovering "C:\\plataforma-pastores\\prisma\\migrations\\20251019042938_add_usuario_activo"
2025-10-19T08:56:11.992158Z  INFO scan_sources: tailwindcss_oxide::scanner: Discovering "C:\\plataforma-pastores\\prisma\\migrations\\20251019050047_enable_foreign_keys"
2025-10-19T08:56:11.992419Z  INFO scan_sources: tailwindcss_oxide::scanner: Discovering "C:\\plataforma-pastores\\public"
2025-10-19T08:56:11.992766Z  INFO scan_sources: tailwindcss_oxide::scanner: Discovering "C:\\plataforma-pastores\\scripts"
2025-10-19T08:56:11.992981Z  INFO scan_sources: tailwindcss_oxide::scanner: Discovering "C:\\plataforma-pastores\\src"
2025-10-19T08:56:11.993112Z  INFO scan_sources: tailwindcss_oxide::scanner: Discovering "C:\\plataforma-pastores\\src\\app"
2025-10-19T08:56:11.993247Z  INFO scan_sources: tailwindcss_oxide::scanner: Discovering "C:\\plataforma-pastores\\src\\app\\(dashboard)"
2025-10-19T08:56:11.993381Z  INFO scan_sources: tailwindcss_oxide::scanner: Discovering "C:\\plataforma-pastores\\src\\app\\(dashboard)\\credenciales"
2025-10-19T08:56:11.993510Z  INFO scan_sources: tailwindcss_oxide::scanner: Discovering "C:\\plataforma-pastores\\src\\app\\(dashboard)\\credenciales\\new"
2025-10-19T08:56:11.993744Z  INFO scan_sources: tailwindcss_oxide::scanner: Discovering "C:\\plataforma-pastores\\src\\app\\(dashboard)\\credenciales\\[id]"
2025-10-19T08:56:11.993871Z  INFO scan_sources: tailwindcss_oxide::scanner: Discovering "C:\\plataforma-pastores\\src\\app\\(dashboard)\\credenciales\\[id]\\edit"
2025-10-19T08:56:11.994096Z  INFO scan_sources: tailwindcss_oxide::scanner: Discovering "C:\\plataforma-pastores\\src\\app\\(dashboard)\\iglesias"
2025-10-19T08:56:11.994221Z  INFO scan_sources: tailwindcss_oxide::scanner: Discovering "C:\\plataforma-pastores\\src\\app\\(dashboard)\\iglesias\\new"
2025-10-19T08:56:11.994441Z  INFO scan_sources: tailwindcss_oxide::scanner: Discovering "C:\\plataforma-pastores\\src\\app\\(dashboard)\\iglesias\\[id]"
2025-10-19T08:56:11.994565Z  INFO scan_sources: tailwindcss_oxide::scanner: Discovering "C:\\plataforma-pastores\\src\\app\\(dashboard)\\iglesias\\[id]\\edit"
2025-10-19T08:56:11.994834Z  INFO scan_sources: tailwindcss_oxide::scanner: Discovering "C:\\plataforma-pastores\\src\\app\\(dashboard)\\pastores"
2025-10-19T08:56:11.994966Z  INFO scan_sources: tailwindcss_oxide::scanner: Discovering "C:\\plataforma-pastores\\src\\app\\(dashboard)\\pastores\\new"
2025-10-19T08:56:11.995210Z  INFO scan_sources: tailwindcss_oxide::scanner: Discovering "C:\\plataforma-pastores\\src\\app\\(dashboard)\\pastores\\[id]"
2025-10-19T08:56:11.995331Z  INFO scan_sources: tailwindcss_oxide::scanner: Discovering "C:\\plataforma-pastores\\src\\app\\(dashboard)\\pastores\\[id]\\edit"
2025-10-19T08:56:11.995564Z  INFO scan_sources: tailwindcss_oxide::scanner: Discovering "C:\\plataforma-pastores\\src\\app\\403"
2025-10-19T08:56:11.995806Z  INFO scan_sources: tailwindcss_oxide::scanner: Discovering "C:\\plataforma-pastores\\src\\app\\api"
2025-10-19T08:56:11.995942Z  INFO scan_sources: tailwindcss_oxide::scanner: Discovering "C:\\plataforma-pastores\\src\\app\\api\\auth"
2025-10-19T08:56:11.996081Z  INFO scan_sources: tailwindcss_oxide::scanner: Discovering "C:\\plataforma-pastores\\src\\app\\api\\auth\\[...nextauth]"
2025-10-19T08:56:11.996273Z  INFO scan_sources: tailwindcss_oxide::scanner: Discovering "C:\\plataforma-pastores\\src\\app\\api\\dev"
2025-10-19T08:56:11.996399Z  INFO scan_sources: tailwindcss_oxide::scanner: Discovering "C:\\plataforma-pastores\\src\\app\\api\\dev\\dbcheck"
2025-10-19T08:56:11.996692Z  INFO scan_sources: tailwindcss_oxide::scanner: Discovering "C:\\plataforma-pastores\\src\\lib"
2025-10-19T08:56:11.996984Z  INFO scan_sources: tailwindcss_oxide::scanner: exit
2025-10-19T08:56:11.996994Z  INFO extract_candidates: tailwindcss_oxide::scanner: enter
2025-10-19T08:56:11.996998Z  INFO extract_candidates:read_all_files: tailwindcss_oxide::scanner: enter
2025-10-19T08:56:11.997001Z  INFO extract_candidates:read_all_files: tailwindcss_oxide::scanner: Reading 0 file(s)
2025-10-19T08:56:11.997006Z  INFO extract_candidates:read_all_files: tailwindcss_oxide::scanner: exit
2025-10-19T08:56:11.997009Z  INFO extract_candidates:parse_all_blobs: tailwindcss_oxide::scanner: enter
2025-10-19T08:56:11.997012Z  INFO extract_candidates:parse_all_blobs:extract: tailwindcss_oxide::scanner: enter
2025-10-19T08:56:11.997016Z  INFO extract_candidates:parse_all_blobs:extract: tailwindcss_oxide::scanner: exit
2025-10-19T08:56:11.997018Z  INFO extract_candidates:parse_all_blobs: tailwindcss_oxide::scanner: exit
2025-10-19T08:56:11.997023Z  INFO extract_candidates: tailwindcss_oxide::scanner: exit
2025-10-19T08:56:11.997427Z  INFO get_files: tailwindcss_oxide::scanner: enter
2025-10-19T08:56:11.997436Z  INFO get_files:scan_sources: tailwindcss_oxide::scanner: enter
2025-10-19T08:56:11.998616Z  INFO get_files:scan_sources: tailwindcss_oxide::scanner: Discovering "C:\\plataforma-pastores\\prisma"
2025-10-19T08:56:11.998746Z  INFO get_files:scan_sources: tailwindcss_oxide::scanner: Discovering "C:\\plataforma-pastores\\prisma\\migrations"
2025-10-19T08:56:11.998878Z  INFO get_files:scan_sources: tailwindcss_oxide::scanner: Discovering "C:\\plataforma-pastores\\prisma\\migrations\\20251016203616_init"
2025-10-19T08:56:11.999050Z  INFO get_files:scan_sources: tailwindcss_oxide::scanner: Discovering "C:\\plataforma-pastores\\prisma\\migrations\\20251017035010_init"
2025-10-19T08:56:11.999244Z  INFO get_files:scan_sources: tailwindcss_oxide::scanner: Discovering "C:\\plataforma-pastores\\prisma\\migrations\\20251017044508_add_email_verified_to_user"
2025-10-19T08:56:11.999425Z  INFO get_files:scan_sources: tailwindcss_oxide::scanner: Discovering "C:\\plataforma-pastores\\prisma\\migrations\\20251019042938_add_usuario_activo"
2025-10-19T08:56:11.999601Z  INFO get_files:scan_sources: tailwindcss_oxide::scanner: Discovering "C:\\plataforma-pastores\\prisma\\migrations\\20251019050047_enable_foreign_keys"
2025-10-19T08:56:11.999860Z  INFO get_files:scan_sources: tailwindcss_oxide::scanner: Discovering "C:\\plataforma-pastores\\public"
2025-10-19T08:56:12.000162Z  INFO get_files:scan_sources: tailwindcss_oxide::scanner: Discovering "C:\\plataforma-pastores\\scripts"
2025-10-19T08:56:12.000353Z  INFO get_files:scan_sources: tailwindcss_oxide::scanner: Discovering "C:\\plataforma-pastores\\src"
2025-10-19T08:56:12.000482Z  INFO get_files:scan_sources: tailwindcss_oxide::scanner: Discovering "C:\\plataforma-pastores\\src\\app"
2025-10-19T08:56:12.000618Z  INFO get_files:scan_sources: tailwindcss_oxide::scanner: Discovering "C:\\plataforma-pastores\\src\\app\\(dashboard)"
2025-10-19T08:56:12.000753Z  INFO get_files:scan_sources: tailwindcss_oxide::scanner: Discovering "C:\\plataforma-pastores\\src\\app\\(dashboard)\\credenciales"
2025-10-19T08:56:12.000879Z  INFO get_files:scan_sources: tailwindcss_oxide::scanner: Discovering "C:\\plataforma-pastores\\src\\app\\(dashboard)\\credenciales\\new"
2025-10-19T08:56:12.001098Z  INFO get_files:scan_sources: tailwindcss_oxide::scanner: Discovering "C:\\plataforma-pastores\\src\\app\\(dashboard)\\credenciales\\[id]"
2025-10-19T08:56:12.001238Z  INFO get_files:scan_sources: tailwindcss_oxide::scanner: Discovering "C:\\plataforma-pastores\\src\\app\\(dashboard)\\credenciales\\[id]\\edit"
2025-10-19T08:56:12.001464Z  INFO get_files:scan_sources: tailwindcss_oxide::scanner: Discovering "C:\\plataforma-pastores\\src\\app\\(dashboard)\\iglesias"
2025-10-19T08:56:12.001591Z  INFO get_files:scan_sources: tailwindcss_oxide::scanner: Discovering "C:\\plataforma-pastores\\src\\app\\(dashboard)\\iglesias\\new"
2025-10-19T08:56:12.001805Z  INFO get_files:scan_sources: tailwindcss_oxide::scanner: Discovering "C:\\plataforma-pastores\\src\\app\\(dashboard)\\iglesias\\[id]"
2025-10-19T08:56:12.001932Z  INFO get_files:scan_sources: tailwindcss_oxide::scanner: Discovering "C:\\plataforma-pastores\\src\\app\\(dashboard)\\iglesias\\[id]\\edit"
2025-10-19T08:56:12.002215Z  INFO get_files:scan_sources: tailwindcss_oxide::scanner: Discovering "C:\\plataforma-pastores\\src\\app\\(dashboard)\\pastores"
2025-10-19T08:56:12.002340Z  INFO get_files:scan_sources: tailwindcss_oxide::scanner: Discovering "C:\\plataforma-pastores\\src\\app\\(dashboard)\\pastores\\new"
2025-10-19T08:56:12.002580Z  INFO get_files:scan_sources: tailwindcss_oxide::scanner: Discovering "C:\\plataforma-pastores\\src\\app\\(dashboard)\\pastores\\[id]"
2025-10-19T08:56:12.002728Z  INFO get_files:scan_sources: tailwindcss_oxide::scanner: Discovering "C:\\plataforma-pastores\\src\\app\\(dashboard)\\pastores\\[id]\\edit"
2025-10-19T08:56:12.002956Z  INFO get_files:scan_sources: tailwindcss_oxide::scanner: Discovering "C:\\plataforma-pastores\\src\\app\\403"
2025-10-19T08:56:12.003119Z  INFO get_files:scan_sources: tailwindcss_oxide::scanner: Discovering "C:\\plataforma-pastores\\src\\app\\api"
2025-10-19T08:56:12.003240Z  INFO get_files:scan_sources: tailwindcss_oxide::scanner: Discovering "C:\\plataforma-pastores\\src\\app\\api\\auth"
2025-10-19T08:56:12.003370Z  INFO get_files:scan_sources: tailwindcss_oxide::scanner: Discovering "C:\\plataforma-pastores\\src\\app\\api\\auth\\[...nextauth]"
2025-10-19T08:56:12.003552Z  INFO get_files:scan_sources: tailwindcss_oxide::scanner: Discovering "C:\\plataforma-pastores\\src\\app\\api\\dev"
2025-10-19T08:56:12.003672Z  INFO get_files:scan_sources: tailwindcss_oxide::scanner: Discovering "C:\\plataforma-pastores\\src\\app\\api\\dev\\dbcheck"
2025-10-19T08:56:12.003949Z  INFO get_files:scan_sources: tailwindcss_oxide::scanner: Discovering "C:\\plataforma-pastores\\src\\lib"
2025-10-19T08:56:12.004178Z  INFO get_files:scan_sources: tailwindcss_oxide::scanner: exit
2025-10-19T08:56:12.004304Z  INFO get_files: tailwindcss_oxide::scanner: exit
2025-10-19T08:56:12.004436Z  INFO get_globs: tailwindcss_oxide::scanner: enter
2025-10-19T08:56:12.004443Z  INFO get_globs: tailwindcss_oxide::scanner: exit
2025-10-19T08:56:21.486501Z  INFO scan_sources: tailwindcss_oxide::scanner: enter
2025-10-19T08:56:21.487870Z  INFO scan_sources: tailwindcss_oxide::scanner: Discovering "C:\\plataforma-pastores\\prisma"
2025-10-19T08:56:21.488006Z  INFO scan_sources: tailwindcss_oxide::scanner: Discovering "C:\\plataforma-pastores\\prisma\\migrations"
2025-10-19T08:56:21.488144Z  INFO scan_sources: tailwindcss_oxide::scanner: Discovering "C:\\plataforma-pastores\\prisma\\migrations\\20251016203616_init"
2025-10-19T08:56:21.488333Z  INFO scan_sources: tailwindcss_oxide::scanner: Discovering "C:\\plataforma-pastores\\prisma\\migrations\\20251017035010_init"
2025-10-19T08:56:21.488505Z  INFO scan_sources: tailwindcss_oxide::scanner: Discovering "C:\\plataforma-pastores\\prisma\\migrations\\20251017044508_add_email_verified_to_user"
2025-10-19T08:56:21.488675Z  INFO scan_sources: tailwindcss_oxide::scanner: Discovering "C:\\plataforma-pastores\\prisma\\migrations\\20251019042938_add_usuario_activo"
2025-10-19T08:56:21.488847Z  INFO scan_sources: tailwindcss_oxide::scanner: Discovering "C:\\plataforma-pastores\\prisma\\migrations\\20251019050047_enable_foreign_keys"
2025-10-19T08:56:21.489110Z  INFO scan_sources: tailwindcss_oxide::scanner: Discovering "C:\\plataforma-pastores\\public"
2025-10-19T08:56:21.489488Z  INFO scan_sources: tailwindcss_oxide::scanner: Discovering "C:\\plataforma-pastores\\scripts"
2025-10-19T08:56:21.489731Z  INFO scan_sources: tailwindcss_oxide::scanner: Discovering "C:\\plataforma-pastores\\src"
2025-10-19T08:56:21.489858Z  INFO scan_sources: tailwindcss_oxide::scanner: Discovering "C:\\plataforma-pastores\\src\\app"
2025-10-19T08:56:21.489988Z  INFO scan_sources: tailwindcss_oxide::scanner: Discovering "C:\\plataforma-pastores\\src\\app\\(dashboard)"
2025-10-19T08:56:21.490122Z  INFO scan_sources: tailwindcss_oxide::scanner: Discovering "C:\\plataforma-pastores\\src\\app\\(dashboard)\\credenciales"
2025-10-19T08:56:21.490249Z  INFO scan_sources: tailwindcss_oxide::scanner: Discovering "C:\\plataforma-pastores\\src\\app\\(dashboard)\\credenciales\\new"
2025-10-19T08:56:21.490523Z  INFO scan_sources: tailwindcss_oxide::scanner: Discovering "C:\\plataforma-pastores\\src\\app\\(dashboard)\\credenciales\\[id]"
2025-10-19T08:56:21.490654Z  INFO scan_sources: tailwindcss_oxide::scanner: Discovering "C:\\plataforma-pastores\\src\\app\\(dashboard)\\credenciales\\[id]\\edit"
2025-10-19T08:56:21.490886Z  INFO scan_sources: tailwindcss_oxide::scanner: Discovering "C:\\plataforma-pastores\\src\\app\\(dashboard)\\iglesias"
2025-10-19T08:56:21.491013Z  INFO scan_sources: tailwindcss_oxide::scanner: Discovering "C:\\plataforma-pastores\\src\\app\\(dashboard)\\iglesias\\new"
2025-10-19T08:56:21.491272Z  INFO scan_sources: tailwindcss_oxide::scanner: Discovering "C:\\plataforma-pastores\\src\\app\\(dashboard)\\iglesias\\[id]"
2025-10-19T08:56:21.491440Z  INFO scan_sources: tailwindcss_oxide::scanner: Discovering "C:\\plataforma-pastores\\src\\app\\(dashboard)\\iglesias\\[id]\\edit"
2025-10-19T08:56:21.491871Z  INFO scan_sources: tailwindcss_oxide::scanner: Discovering "C:\\plataforma-pastores\\src\\app\\(dashboard)\\pastores"
2025-10-19T08:56:21.492073Z  INFO scan_sources: tailwindcss_oxide::scanner: Discovering "C:\\plataforma-pastores\\src\\app\\(dashboard)\\pastores\\new"
2025-10-19T08:56:21.492200Z  INFO scan_sources: tailwindcss_oxide::scanner: Discovering "C:\\plataforma-pastores\\src\\app\\(dashboard)\\pastores\\new\\page.tsx"
2025-10-19T08:56:21.492353Z  INFO scan_sources: tailwindcss_oxide::scanner: Discovering "C:\\plataforma-pastores\\src\\app\\(dashboard)\\pastores\\[id]"
2025-10-19T08:56:21.492484Z  INFO scan_sources: tailwindcss_oxide::scanner: Discovering "C:\\plataforma-pastores\\src\\app\\(dashboard)\\pastores\\[id]\\edit"
2025-10-19T08:56:21.492738Z  INFO scan_sources: tailwindcss_oxide::scanner: Discovering "C:\\plataforma-pastores\\src\\app\\403"
2025-10-19T08:56:21.492905Z  INFO scan_sources: tailwindcss_oxide::scanner: Discovering "C:\\plataforma-pastores\\src\\app\\api"
2025-10-19T08:56:21.493044Z  INFO scan_sources: tailwindcss_oxide::scanner: Discovering "C:\\plataforma-pastores\\src\\app\\api\\auth"
2025-10-19T08:56:21.493181Z  INFO scan_sources: tailwindcss_oxide::scanner: Discovering "C:\\plataforma-pastores\\src\\app\\api\\auth\\[...nextauth]"
2025-10-19T08:56:21.493367Z  INFO scan_sources: tailwindcss_oxide::scanner: Discovering "C:\\plataforma-pastores\\src\\app\\api\\dev"
2025-10-19T08:56:21.493491Z  INFO scan_sources: tailwindcss_oxide::scanner: Discovering "C:\\plataforma-pastores\\src\\app\\api\\dev\\dbcheck"
2025-10-19T08:56:21.493789Z  INFO scan_sources: tailwindcss_oxide::scanner: Discovering "C:\\plataforma-pastores\\src\\lib"
2025-10-19T08:56:21.494070Z  INFO scan_sources: tailwindcss_oxide::scanner: exit
2025-10-19T08:56:21.494080Z  INFO extract_candidates: tailwindcss_oxide::scanner: enter
2025-10-19T08:56:21.494084Z  INFO extract_candidates:read_all_files: tailwindcss_oxide::scanner: enter
2025-10-19T08:56:21.494087Z  INFO extract_candidates:read_all_files: tailwindcss_oxide::scanner: Reading 1 file(s)
2025-10-19T08:56:21.494131Z  INFO extract_candidates:read_all_files: tailwindcss_oxide::scanner: Reading "C:\\plataforma-pastores\\src\\app\\(dashboard)\\pastores\\new\\page.tsx"
2025-10-19T08:56:21.494140Z  INFO extract_candidates:read_all_files: tailwindcss_oxide::scanner: exit
2025-10-19T08:56:21.494144Z  INFO extract_candidates:parse_all_blobs: tailwindcss_oxide::scanner: enter
2025-10-19T08:56:21.494147Z  INFO extract_candidates:parse_all_blobs:extract: tailwindcss_oxide::scanner: enter
2025-10-19T08:56:21.494288Z  INFO extract_candidates:parse_all_blobs:extract: tailwindcss_oxide::scanner: exit
2025-10-19T08:56:21.494301Z  INFO extract_candidates:parse_all_blobs: tailwindcss_oxide::scanner: exit
2025-10-19T08:56:21.494481Z  INFO extract_candidates: tailwindcss_oxide::scanner: exit
2025-10-19T08:56:21.494721Z  INFO get_files: tailwindcss_oxide::scanner: enter
2025-10-19T08:56:21.494730Z  INFO get_files:scan_sources: tailwindcss_oxide::scanner: enter
2025-10-19T08:56:21.496047Z  INFO get_files:scan_sources: tailwindcss_oxide::scanner: Discovering "C:\\plataforma-pastores\\prisma"
2025-10-19T08:56:21.496188Z  INFO get_files:scan_sources: tailwindcss_oxide::scanner: Discovering "C:\\plataforma-pastores\\prisma\\migrations"
2025-10-19T08:56:21.496323Z  INFO get_files:scan_sources: tailwindcss_oxide::scanner: Discovering "C:\\plataforma-pastores\\prisma\\migrations\\20251016203616_init"
2025-10-19T08:56:21.496528Z  INFO get_files:scan_sources: tailwindcss_oxide::scanner: Discovering "C:\\plataforma-pastores\\prisma\\migrations\\20251017035010_init"
2025-10-19T08:56:21.496701Z  INFO get_files:scan_sources: tailwindcss_oxide::scanner: Discovering "C:\\plataforma-pastores\\prisma\\migrations\\20251017044508_add_email_verified_to_user"
2025-10-19T08:56:21.496868Z  INFO get_files:scan_sources: tailwindcss_oxide::scanner: Discovering "C:\\plataforma-pastores\\prisma\\migrations\\20251019042938_add_usuario_activo"
2025-10-19T08:56:21.497045Z  INFO get_files:scan_sources: tailwindcss_oxide::scanner: Discovering "C:\\plataforma-pastores\\prisma\\migrations\\20251019050047_enable_foreign_keys"
2025-10-19T08:56:21.497339Z  INFO get_files:scan_sources: tailwindcss_oxide::scanner: Discovering "C:\\plataforma-pastores\\public"
2025-10-19T08:56:21.497692Z  INFO get_files:scan_sources: tailwindcss_oxide::scanner: Discovering "C:\\plataforma-pastores\\scripts"
2025-10-19T08:56:21.497880Z  INFO get_files:scan_sources: tailwindcss_oxide::scanner: Discovering "C:\\plataforma-pastores\\src"
2025-10-19T08:56:21.498003Z  INFO get_files:scan_sources: tailwindcss_oxide::scanner: Discovering "C:\\plataforma-pastores\\src\\app"
2025-10-19T08:56:21.498132Z  INFO get_files:scan_sources: tailwindcss_oxide::scanner: Discovering "C:\\plataforma-pastores\\src\\app\\(dashboard)"
2025-10-19T08:56:21.498270Z  INFO get_files:scan_sources: tailwindcss_oxide::scanner: Discovering "C:\\plataforma-pastores\\src\\app\\(dashboard)\\credenciales"
2025-10-19T08:56:21.498393Z  INFO get_files:scan_sources: tailwindcss_oxide::scanner: Discovering "C:\\plataforma-pastores\\src\\app\\(dashboard)\\credenciales\\new"
2025-10-19T08:56:21.498663Z  INFO get_files:scan_sources: tailwindcss_oxide::scanner: Discovering "C:\\plataforma-pastores\\src\\app\\(dashboard)\\credenciales\\[id]"
2025-10-19T08:56:21.498813Z  INFO get_files:scan_sources: tailwindcss_oxide::scanner: Discovering "C:\\plataforma-pastores\\src\\app\\(dashboard)\\credenciales\\[id]\\edit"
2025-10-19T08:56:21.499036Z  INFO get_files:scan_sources: tailwindcss_oxide::scanner: Discovering "C:\\plataforma-pastores\\src\\app\\(dashboard)\\iglesias"
2025-10-19T08:56:21.499159Z  INFO get_files:scan_sources: tailwindcss_oxide::scanner: Discovering "C:\\plataforma-pastores\\src\\app\\(dashboard)\\iglesias\\new"
2025-10-19T08:56:21.499369Z  INFO get_files:scan_sources: tailwindcss_oxide::scanner: Discovering "C:\\plataforma-pastores\\src\\app\\(dashboard)\\iglesias\\[id]"
2025-10-19T08:56:21.499488Z  INFO get_files:scan_sources: tailwindcss_oxide::scanner: Discovering "C:\\plataforma-pastores\\src\\app\\(dashboard)\\iglesias\\[id]\\edit"
2025-10-19T08:56:21.499777Z  INFO get_files:scan_sources: tailwindcss_oxide::scanner: Discovering "C:\\plataforma-pastores\\src\\app\\(dashboard)\\pastores"
2025-10-19T08:56:21.499899Z  INFO get_files:scan_sources: tailwindcss_oxide::scanner: Discovering "C:\\plataforma-pastores\\src\\app\\(dashboard)\\pastores\\new"
2025-10-19T08:56:21.500136Z  INFO get_files:scan_sources: tailwindcss_oxide::scanner: Discovering "C:\\plataforma-pastores\\src\\app\\(dashboard)\\pastores\\[id]"
2025-10-19T08:56:21.500263Z  INFO get_files:scan_sources: tailwindcss_oxide::scanner: Discovering "C:\\plataforma-pastores\\src\\app\\(dashboard)\\pastores\\[id]\\edit"
2025-10-19T08:56:21.500487Z  INFO get_files:scan_sources: tailwindcss_oxide::scanner: Discovering "C:\\plataforma-pastores\\src\\app\\403"
2025-10-19T08:56:21.500669Z  INFO get_files:scan_sources: tailwindcss_oxide::scanner: Discovering "C:\\plataforma-pastores\\src\\app\\api"
2025-10-19T08:56:21.500789Z  INFO get_files:scan_sources: tailwindcss_oxide::scanner: Discovering "C:\\plataforma-pastores\\src\\app\\api\\auth"
2025-10-19T08:56:21.500912Z  INFO get_files:scan_sources: tailwindcss_oxide::scanner: Discovering "C:\\plataforma-pastores\\src\\app\\api\\auth\\[...nextauth]"
2025-10-19T08:56:21.501088Z  INFO get_files:scan_sources: tailwindcss_oxide::scanner: Discovering "C:\\plataforma-pastores\\src\\app\\api\\dev"
2025-10-19T08:56:21.501206Z  INFO get_files:scan_sources: tailwindcss_oxide::scanner: Discovering "C:\\plataforma-pastores\\src\\app\\api\\dev\\dbcheck"
2025-10-19T08:56:21.501482Z  INFO get_files:scan_sources: tailwindcss_oxide::scanner: Discovering "C:\\plataforma-pastores\\src\\lib"
2025-10-19T08:56:21.501745Z  INFO get_files:scan_sources: tailwindcss_oxide::scanner: exit
2025-10-19T08:56:21.501853Z  INFO get_files: tailwindcss_oxide::scanner: exit
2025-10-19T08:56:21.502189Z  INFO get_globs: tailwindcss_oxide::scanner: enter
2025-10-19T08:56:21.502199Z  INFO get_globs: tailwindcss_oxide::scanner: exit
2025-10-19T08:56:21.512933Z  INFO scan_sources: tailwindcss_oxide::scanner: enter
2025-10-19T08:56:21.514569Z  INFO scan_sources: tailwindcss_oxide::scanner: Discovering "C:\\plataforma-pastores\\prisma"
2025-10-19T08:56:21.514808Z  INFO scan_sources: tailwindcss_oxide::scanner: Discovering "C:\\plataforma-pastores\\prisma\\migrations"
2025-10-19T08:56:21.515040Z  INFO scan_sources: tailwindcss_oxide::scanner: Discovering "C:\\plataforma-pastores\\prisma\\migrations\\20251016203616_init"
2025-10-19T08:56:21.515319Z  INFO scan_sources: tailwindcss_oxide::scanner: Discovering "C:\\plataforma-pastores\\prisma\\migrations\\20251017035010_init"
2025-10-19T08:56:21.515583Z  INFO scan_sources: tailwindcss_oxide::scanner: Discovering "C:\\plataforma-pastores\\prisma\\migrations\\20251017044508_add_email_verified_to_user"
2025-10-19T08:56:21.515764Z  INFO scan_sources: tailwindcss_oxide::scanner: Discovering "C:\\plataforma-pastores\\prisma\\migrations\\20251019042938_add_usuario_activo"
2025-10-19T08:56:21.515955Z  INFO scan_sources: tailwindcss_oxide::scanner: Discovering "C:\\plataforma-pastores\\prisma\\migrations\\20251019050047_enable_foreign_keys"
2025-10-19T08:56:21.516311Z  INFO scan_sources: tailwindcss_oxide::scanner: Discovering "C:\\plataforma-pastores\\public"
2025-10-19T08:56:21.516632Z  INFO scan_sources: tailwindcss_oxide::scanner: Discovering "C:\\plataforma-pastores\\scripts"
2025-10-19T08:56:21.516822Z  INFO scan_sources: tailwindcss_oxide::scanner: Discovering "C:\\plataforma-pastores\\src"
2025-10-19T08:56:21.517002Z  INFO scan_sources: tailwindcss_oxide::scanner: Discovering "C:\\plataforma-pastores\\src\\app"
2025-10-19T08:56:21.517136Z  INFO scan_sources: tailwindcss_oxide::scanner: Discovering "C:\\plataforma-pastores\\src\\app\\(dashboard)"
2025-10-19T08:56:21.517274Z  INFO scan_sources: tailwindcss_oxide::scanner: Discovering "C:\\plataforma-pastores\\src\\app\\(dashboard)\\credenciales"
2025-10-19T08:56:21.517401Z  INFO scan_sources: tailwindcss_oxide::scanner: Discovering "C:\\plataforma-pastores\\src\\app\\(dashboard)\\credenciales\\new"
2025-10-19T08:56:21.517626Z  INFO scan_sources: tailwindcss_oxide::scanner: Discovering "C:\\plataforma-pastores\\src\\app\\(dashboard)\\credenciales\\[id]"
2025-10-19T08:56:21.517756Z  INFO scan_sources: tailwindcss_oxide::scanner: Discovering "C:\\plataforma-pastores\\src\\app\\(dashboard)\\credenciales\\[id]\\edit"
2025-10-19T08:56:21.517986Z  INFO scan_sources: tailwindcss_oxide::scanner: Discovering "C:\\plataforma-pastores\\src\\app\\(dashboard)\\iglesias"
2025-10-19T08:56:21.518110Z  INFO scan_sources: tailwindcss_oxide::scanner: Discovering "C:\\plataforma-pastores\\src\\app\\(dashboard)\\iglesias\\new"
2025-10-19T08:56:21.518387Z  INFO scan_sources: tailwindcss_oxide::scanner: Discovering "C:\\plataforma-pastores\\src\\app\\(dashboard)\\iglesias\\[id]"
2025-10-19T08:56:21.518520Z  INFO scan_sources: tailwindcss_oxide::scanner: Discovering "C:\\plataforma-pastores\\src\\app\\(dashboard)\\iglesias\\[id]\\edit"
2025-10-19T08:56:21.518851Z  INFO scan_sources: tailwindcss_oxide::scanner: Discovering "C:\\plataforma-pastores\\src\\app\\(dashboard)\\pastores"
2025-10-19T08:56:21.518995Z  INFO scan_sources: tailwindcss_oxide::scanner: Discovering "C:\\plataforma-pastores\\src\\app\\(dashboard)\\pastores\\new"
2025-10-19T08:56:21.519236Z  INFO scan_sources: tailwindcss_oxide::scanner: Discovering "C:\\plataforma-pastores\\src\\app\\(dashboard)\\pastores\\[id]"
2025-10-19T08:56:21.519357Z  INFO scan_sources: tailwindcss_oxide::scanner: Discovering "C:\\plataforma-pastores\\src\\app\\(dashboard)\\pastores\\[id]\\edit"
2025-10-19T08:56:21.519585Z  INFO scan_sources: tailwindcss_oxide::scanner: Discovering "C:\\plataforma-pastores\\src\\app\\403"
2025-10-19T08:56:21.519765Z  INFO scan_sources: tailwindcss_oxide::scanner: Discovering "C:\\plataforma-pastores\\src\\app\\api"
2025-10-19T08:56:21.519887Z  INFO scan_sources: tailwindcss_oxide::scanner: Discovering "C:\\plataforma-pastores\\src\\app\\api\\auth"
2025-10-19T08:56:21.520017Z  INFO scan_sources: tailwindcss_oxide::scanner: Discovering "C:\\plataforma-pastores\\src\\app\\api\\auth\\[...nextauth]"
2025-10-19T08:56:21.520214Z  INFO scan_sources: tailwindcss_oxide::scanner: Discovering "C:\\plataforma-pastores\\src\\app\\api\\dev"
2025-10-19T08:56:21.520333Z  INFO scan_sources: tailwindcss_oxide::scanner: Discovering "C:\\plataforma-pastores\\src\\app\\api\\dev\\dbcheck"
2025-10-19T08:56:21.520611Z  INFO scan_sources: tailwindcss_oxide::scanner: Discovering "C:\\plataforma-pastores\\src\\lib"
2025-10-19T08:56:21.520867Z  INFO scan_sources: tailwindcss_oxide::scanner: exit
2025-10-19T08:56:21.520876Z  INFO extract_candidates: tailwindcss_oxide::scanner: enter
2025-10-19T08:56:21.520880Z  INFO extract_candidates:read_all_files: tailwindcss_oxide::scanner: enter
2025-10-19T08:56:21.520883Z  INFO extract_candidates:read_all_files: tailwindcss_oxide::scanner: Reading 0 file(s)
2025-10-19T08:56:21.520887Z  INFO extract_candidates:read_all_files: tailwindcss_oxide::scanner: exit
2025-10-19T08:56:21.520891Z  INFO extract_candidates:parse_all_blobs: tailwindcss_oxide::scanner: enter
2025-10-19T08:56:21.520894Z  INFO extract_candidates:parse_all_blobs:extract: tailwindcss_oxide::scanner: enter
2025-10-19T08:56:21.520897Z  INFO extract_candidates:parse_all_blobs:extract: tailwindcss_oxide::scanner: exit
2025-10-19T08:56:21.520900Z  INFO extract_candidates:parse_all_blobs: tailwindcss_oxide::scanner: exit
2025-10-19T08:56:21.520904Z  INFO extract_candidates: tailwindcss_oxide::scanner: exit
2025-10-19T08:56:21.521413Z  INFO get_files: tailwindcss_oxide::scanner: enter
2025-10-19T08:56:21.521424Z  INFO get_files:scan_sources: tailwindcss_oxide::scanner: enter
2025-10-19T08:56:21.522626Z  INFO get_files:scan_sources: tailwindcss_oxide::scanner: Discovering "C:\\plataforma-pastores\\prisma"
2025-10-19T08:56:21.522756Z  INFO get_files:scan_sources: tailwindcss_oxide::scanner: Discovering "C:\\plataforma-pastores\\prisma\\migrations"
2025-10-19T08:56:21.522885Z  INFO get_files:scan_sources: tailwindcss_oxide::scanner: Discovering "C:\\plataforma-pastores\\prisma\\migrations\\20251016203616_init"
2025-10-19T08:56:21.523067Z  INFO get_files:scan_sources: tailwindcss_oxide::scanner: Discovering "C:\\plataforma-pastores\\prisma\\migrations\\20251017035010_init"
2025-10-19T08:56:21.523238Z  INFO get_files:scan_sources: tailwindcss_oxide::scanner: Discovering "C:\\plataforma-pastores\\prisma\\migrations\\20251017044508_add_email_verified_to_user"
2025-10-19T08:56:21.523464Z  INFO get_files:scan_sources: tailwindcss_oxide::scanner: Discovering "C:\\plataforma-pastores\\prisma\\migrations\\20251019042938_add_usuario_activo"
2025-10-19T08:56:21.523726Z  INFO get_files:scan_sources: tailwindcss_oxide::scanner: Discovering "C:\\plataforma-pastores\\prisma\\migrations\\20251019050047_enable_foreign_keys"
2025-10-19T08:56:21.524267Z  INFO get_files:scan_sources: tailwindcss_oxide::scanner: Discovering "C:\\plataforma-pastores\\public"
2025-10-19T08:56:21.524723Z  INFO get_files:scan_sources: tailwindcss_oxide::scanner: Discovering "C:\\plataforma-pastores\\scripts"
2025-10-19T08:56:21.524986Z  INFO get_files:scan_sources: tailwindcss_oxide::scanner: Discovering "C:\\plataforma-pastores\\src"
2025-10-19T08:56:21.525137Z  INFO get_files:scan_sources: tailwindcss_oxide::scanner: Discovering "C:\\plataforma-pastores\\src\\app"
2025-10-19T08:56:21.525310Z  INFO get_files:scan_sources: tailwindcss_oxide::scanner: Discovering "C:\\plataforma-pastores\\src\\app\\(dashboard)"
2025-10-19T08:56:21.525468Z  INFO get_files:scan_sources: tailwindcss_oxide::scanner: Discovering "C:\\plataforma-pastores\\src\\app\\(dashboard)\\credenciales"
2025-10-19T08:56:21.525627Z  INFO get_files:scan_sources: tailwindcss_oxide::scanner: Discovering "C:\\plataforma-pastores\\src\\app\\(dashboard)\\credenciales\\new"
2025-10-19T08:56:21.525896Z  INFO get_files:scan_sources: tailwindcss_oxide::scanner: Discovering "C:\\plataforma-pastores\\src\\app\\(dashboard)\\credenciales\\[id]"
2025-10-19T08:56:21.526025Z  INFO get_files:scan_sources: tailwindcss_oxide::scanner: Discovering "C:\\plataforma-pastores\\src\\app\\(dashboard)\\credenciales\\[id]\\edit"
2025-10-19T08:56:21.526245Z  INFO get_files:scan_sources: tailwindcss_oxide::scanner: Discovering "C:\\plataforma-pastores\\src\\app\\(dashboard)\\iglesias"
2025-10-19T08:56:21.526411Z  INFO get_files:scan_sources: tailwindcss_oxide::scanner: Discovering "C:\\plataforma-pastores\\src\\app\\(dashboard)\\iglesias\\new"
2025-10-19T08:56:21.526655Z  INFO get_files:scan_sources: tailwindcss_oxide::scanner: Discovering "C:\\plataforma-pastores\\src\\app\\(dashboard)\\iglesias\\[id]"
2025-10-19T08:56:21.526795Z  INFO get_files:scan_sources: tailwindcss_oxide::scanner: Discovering "C:\\plataforma-pastores\\src\\app\\(dashboard)\\iglesias\\[id]\\edit"
2025-10-19T08:56:21.527062Z  INFO get_files:scan_sources: tailwindcss_oxide::scanner: Discovering "C:\\plataforma-pastores\\src\\app\\(dashboard)\\pastores"
2025-10-19T08:56:21.527189Z  INFO get_files:scan_sources: tailwindcss_oxide::scanner: Discovering "C:\\plataforma-pastores\\src\\app\\(dashboard)\\pastores\\new"
2025-10-19T08:56:21.527446Z  INFO get_files:scan_sources: tailwindcss_oxide::scanner: Discovering "C:\\plataforma-pastores\\src\\app\\(dashboard)\\pastores\\[id]"
2025-10-19T08:56:21.527582Z  INFO get_files:scan_sources: tailwindcss_oxide::scanner: Discovering "C:\\plataforma-pastores\\src\\app\\(dashboard)\\pastores\\[id]\\edit"
2025-10-19T08:56:21.527876Z  INFO get_files:scan_sources: tailwindcss_oxide::scanner: Discovering "C:\\plataforma-pastores\\src\\app\\403"
2025-10-19T08:56:21.528046Z  INFO get_files:scan_sources: tailwindcss_oxide::scanner: Discovering "C:\\plataforma-pastores\\src\\app\\api"
2025-10-19T08:56:21.528166Z  INFO get_files:scan_sources: tailwindcss_oxide::scanner: Discovering "C:\\plataforma-pastores\\src\\app\\api\\auth"
2025-10-19T08:56:21.528286Z  INFO get_files:scan_sources: tailwindcss_oxide::scanner: Discovering "C:\\plataforma-pastores\\src\\app\\api\\auth\\[...nextauth]"
2025-10-19T08:56:21.528462Z  INFO get_files:scan_sources: tailwindcss_oxide::scanner: Discovering "C:\\plataforma-pastores\\src\\app\\api\\dev"
2025-10-19T08:56:21.528597Z  INFO get_files:scan_sources: tailwindcss_oxide::scanner: Discovering "C:\\plataforma-pastores\\src\\app\\api\\dev\\dbcheck"
2025-10-19T08:56:21.528872Z  INFO get_files:scan_sources: tailwindcss_oxide::scanner: Discovering "C:\\plataforma-pastores\\src\\lib"
2025-10-19T08:56:21.529185Z  INFO get_files:scan_sources: tailwindcss_oxide::scanner: exit
2025-10-19T08:56:21.529301Z  INFO get_files: tailwindcss_oxide::scanner: exit
2025-10-19T08:56:21.529406Z  INFO get_globs: tailwindcss_oxide::scanner: enter
2025-10-19T08:56:21.529414Z  INFO get_globs: tailwindcss_oxide::scanner: exit
